Log file open, 05/12/19 03:56:34
LogWindows: Failed to load 'aqProf.dll' (GetLastError=126)
LogWindows: File 'aqProf.dll' does not exist
LogWindows: Failed to load 'VtuneApi.dll' (GetLastError=126)
LogWindows: File 'VtuneApi.dll' does not exist
LogWindows: Failed to load 'VtuneApi32e.dll' (GetLastError=126)
LogWindows: File 'VtuneApi32e.dll' does not exist
LogInit: Display: Running engine for game: KnightCrasher
LogPlatformFile: Not using cached read wrapper
LogTaskGraph: Started task graph with 5 named threads and 23 total threads with 3 sets of task threads.
LogStats: Stats thread started at 0.298407
LogD3D11RHI: Loaded GFSDK_Aftermath_Lib.x64.dll
LogICUInternationalization: Display: ICU TimeZone Detection - Raw Offset: -8:00, Platform Override: ''
LogPluginManager: Mounting plugin Paper2D
LogPluginManager: Mounting plugin AISupport
LogPluginManager: Mounting plugin LightPropagationVolume
LogPluginManager: Mounting plugin CLionSourceCodeAccess
LogPluginManager: Mounting plugin CodeLiteSourceCodeAccess
LogPluginManager: Mounting plugin GitSourceControl
LogPluginManager: Mounting plugin KDevelopSourceCodeAccess
LogPluginManager: Mounting plugin NullSourceCodeAccess
LogPluginManager: Mounting plugin PerforceSourceControl
LogPluginManager: Mounting plugin SubversionSourceControl
LogPluginManager: Mounting plugin UObjectPlugin
LogPluginManager: Mounting plugin VisualStudioCodeSourceCodeAccess
LogPluginManager: Mounting plugin VisualStudioSourceCodeAccess
LogPluginManager: Mounting plugin XCodeSourceCodeAccess
LogPluginManager: Mounting plugin AssetManagerEditor
LogPluginManager: Mounting plugin CryptoKeys
LogPluginManager: Mounting plugin DataValidation
LogPluginManager: Mounting plugin FacialAnimation
LogPluginManager: Mounting plugin GameplayTagsEditor
LogPluginManager: Mounting plugin MacGraphicsSwitching
LogPluginManager: Mounting plugin MeshEditor
LogPluginManager: Mounting plugin MobileLauncherProfileWizard
LogPluginManager: Mounting plugin PluginBrowser
LogPluginManager: Mounting plugin SpeedTreeImporter
LogPluginManager: Mounting plugin DatasmithContent
LogPluginManager: Mounting plugin AlembicImporter
LogPluginManager: Mounting plugin AppleImageUtils
LogPluginManager: Mounting plugin AppleVision
LogPluginManager: Mounting plugin BackChannel
LogPluginManager: Mounting plugin CharacterAI
LogPluginManager: Mounting plugin GeometryCache
LogPluginManager: Mounting plugin HTML5Networking
LogPluginManager: Mounting plugin ProxyLODPlugin
LogPluginManager: Mounting plugin MagicLeap
LogPluginManager: Mounting plugin MagicLeapEmulator
LogPluginManager: Mounting plugin MagicLeapMedia
LogPluginManager: Mounting plugin AndroidMedia
LogPluginManager: Mounting plugin AvfMedia
LogPluginManager: Mounting plugin ImgMedia
LogPluginManager: Mounting plugin LinearTimecode
LogPluginManager: Mounting plugin MediaCompositing
LogPluginManager: Mounting plugin MediaPlayerEditor
LogPluginManager: Mounting plugin WmfMedia
LogPluginManager: Mounting plugin TcpMessaging
LogPluginManager: Mounting plugin UdpMessaging
LogPluginManager: Mounting plugin ActorSequence
LogPluginManager: Mounting plugin LevelSequenceEditor
LogPluginManager: Mounting plugin MatineeToLevelSequence
LogPluginManager: Mounting plugin NetcodeUnitTest
LogPluginManager: Mounting plugin NUTUnrealEngine4
LogPluginManager: Mounting plugin OnlineSubsystemGooglePlay
LogPluginManager: Mounting plugin OnlineSubsystemIOS
LogPluginManager: Mounting plugin OnlineSubsystem
LogPluginManager: Mounting plugin OnlineSubsystemNull
LogPluginManager: Mounting plugin OnlineSubsystemUtils
LogPluginManager: Mounting plugin LauncherChunkInstaller
LogPluginManager: Mounting plugin AndroidDeviceProfileSelector
LogPluginManager: Mounting plugin AndroidMoviePlayer
LogPluginManager: Mounting plugin AndroidPermission
LogPluginManager: Mounting plugin AppleMoviePlayer
LogPluginManager: Mounting plugin ArchVisCharacter
LogPluginManager: Mounting plugin AudioCapture
LogPluginManager: Mounting plugin CableComponent
LogPluginManager: Mounting plugin CustomMeshComponent
LogPluginManager: Mounting plugin EditableMesh
LogPluginManager: Mounting plugin ExampleDeviceProfileSelector
LogPluginManager: Mounting plugin GoogleCloudMessaging
LogPluginManager: Mounting plugin ImmediatePhysics
LogPluginManager: Mounting plugin IOSDeviceProfileSelector
LogPluginManager: Mounting plugin LinuxDeviceProfileSelector
LogPluginManager: Mounting plugin LocationServicesBPLibrary
LogPluginManager: Mounting plugin MobilePatchingUtils
LogPluginManager: Mounting plugin OculusVR
LogPluginManager: Plugin shader directory ../../../Engine/Plugins/Runtime/Oculus/OculusVR/Shaders found
LogPluginManager: Mapping shader source directory ../../../Engine/Plugins/Runtime/Oculus/OculusVR/Shaders to virtual directory /Plugin/OculusVR
LogPluginManager: Mounting plugin PhysXVehicles
LogPluginManager: Mounting plugin ProceduralMeshComponent
LogPluginManager: Mounting plugin RuntimePhysXCooking
LogPluginManager: Mounting plugin SteamVR
LogPluginManager: Mounting plugin WindowsMoviePlayer
LogStreaming: Display: Took  0.093s to configure plugins.
LogInit: Using libcurl 7.55.1-DEV
LogInit:  - built for x86_64-pc-win32
LogInit:  - supports SSL with OpenSSL/1.0.2h
LogInit:  - supports HTTP deflate (compression) using libz 1.2.8
LogInit:  - other features:
LogInit:      CURL_VERSION_SSL
LogInit:      CURL_VERSION_LIBZ
LogInit:      CURL_VERSION_IPV6
LogInit:      CURL_VERSION_ASYNCHDNS
LogInit:      CURL_VERSION_LARGEFILE
LogInit:      CURL_VERSION_IDN
LogInit:  CurlRequestOptions (configurable via config and command line):
LogInit:  - bVerifyPeer = false  - Libcurl will NOT verify peer certificate
LogInit:  - bUseHttpProxy = false  - Libcurl will NOT use HTTP proxy
LogInit:  - bDontReuseConnections = false  - Libcurl will reuse connections
LogInit:  - CertBundlePath = nullptr  - Libcurl will use whatever was configured at build time.
LogInit:  - MaxHostConnections = 16  - Libcurl will limit the number of connections to a host
LogInit:  - LocalHostAddr = Default
LogInit:  - BufferSize = 65536
LogInit: WinSock: version 1.1 (2.2), MaxSocks=32767, MaxUdp=65467
LogInit: Build: ++UE4+Release-4.20-CL-4369336
LogInit: Engine Version: 4.20.3-4369336+++UE4+Release-4.20
LogInit: Compatible Engine Version: 4.20.0-4212847+++UE4+Release-4.20
LogInit: Net CL: 4212847
LogInit: OS: Windows 10 (), CPU: Intel(R) Core(TM) i7-4770K CPU @ 3.50GHz, GPU: NVIDIA Quadro M2000
LogInit: Compiled (64-bit): Sep 17 2018 12:26:19
LogInit: Compiled with Visual C++: 19.13.26129.00
LogInit: Build Configuration: Development
LogInit: Branch Name: ++UE4+Release-4.20
LogInit: Command Line:  
LogInit: Base Directory: K:/Program Files/Epic Games/UE_4.20/Engine/Binaries/Win64/
LogInit: Installed Engine Build: 1
LogDevObjectVersion: Number of dev versions registered: 20
LogDevObjectVersion:   Dev-Blueprints (B0D832E4-1F89-4F0D-ACCF-7EB736FD4AA2): 10
LogDevObjectVersion:   Dev-Build (E1C64328-A22C-4D53-A36C-8E866417BD8C): 0
LogDevObjectVersion:   Dev-Core (375EC13C-06E4-48FB-B500-84F0262A717E): 2
LogDevObjectVersion:   Dev-Editor (E4B068ED-F494-42E9-A231-DA0B2E46BB41): 24
LogDevObjectVersion:   Dev-Framework (CFFC743F-43B0-4480-9391-14DF171D2073): 34
LogDevObjectVersion:   Dev-Mobile (B02B49B5-BB20-44E9-A304-32B752E40360): 2
LogDevObjectVersion:   Dev-Networking (A4E4105C-59A1-49B5-A7C5-40C4547EDFEE): 0
LogDevObjectVersion:   Dev-Online (39C831C9-5AE6-47DC-9A44-9C173E1C8E7C): 0
LogDevObjectVersion:   Dev-Physics (78F01B33-EBEA-4F98-B9B4-84EACCB95AA2): 0
LogDevObjectVersion:   Dev-Platform (6631380F-2D4D-43E0-8009-CF276956A95A): 0
LogDevObjectVersion:   Dev-Rendering (12F88B9F-8875-4AFC-A67C-D90C383ABD29): 26
LogDevObjectVersion:   Dev-Sequencer (7B5AE74C-D270-4C10-A958-57980B212A5A): 9
LogDevObjectVersion:   Dev-VR (D7296918-1DD6-4BDD-9DE2-64A83CC13884): 2
LogDevObjectVersion:   Dev-LoadTimes (C2A15278-BFE7-4AFE-6C17-90FF531DF755): 1
LogDevObjectVersion:   Private-Geometry (6EACA3D4-40EC-4CC1-B786-8BED09428FC5): 3
LogDevObjectVersion:   Dev-AnimPhys (29E575DD-E0A3-4627-9D10-D276232CDCEA): 17
LogDevObjectVersion:   Dev-ReflectionCapture (6B266CEC-1EC7-4B8F-A30B-E4D90942FC07): 1
LogDevObjectVersion:   Dev-Automation (0DF73D61-A23F-47EA-B727-89E90C41499A): 1
LogDevObjectVersion:   FortniteMain (601D1886-AC64-4F84-AA16-D3DE0DEAC7D6): 12
LogDevObjectVersion:   Dev-Enterprise (9DFFBCD6-494F-0158-E221-12823C92A888): 1
LogStreaming: Display: Took  0.003s to delete old logs.
LogInit: Presizing for max 8388607 objects, including 0 objects not considered by GC, pre-allocating 0 bytes for permanent pool.
LogInit: Object subsystem initialized
[2019.05.12-10.56.34:358][  0]LogInit: Selected Device Profile: [Windows]
[2019.05.12-10.56.34:358][  0]LogInit: Applying CVar settings loaded from the selected device profile: [Windows]
[2019.05.12-10.56.34:369][  0]LogHAL: Display: Platform has ~ 16 GB [17112944640 / 17179869184 / 16], which maps to Larger [LargestMinGB=32, LargerMinGB=12, DefaultMinGB=8, SmallerMinGB=6, SmallestMinGB=0)
[2019.05.12-10.56.34:369][  0]LogInit: Setting Device Profile CVar: [[r.Vulkan.UseRealUBs:1]]
[2019.05.12-10.56.34:369][  0]LogInit: Going up to parent DeviceProfile []
[2019.05.12-10.56.34:369][  0]LogInit: Computer: DESKTOP-8E615QP
[2019.05.12-10.56.34:369][  0]LogInit: User: Jax
[2019.05.12-10.56.34:369][  0]LogInit: CPU Page size=4096, Cores=4
[2019.05.12-10.56.34:369][  0]LogInit: High frequency timer resolution =3.410070 MHz
[2019.05.12-10.56.34:369][  0]LogMemory: Memory total: Physical=15.9GB (16GB approx)
[2019.05.12-10.56.34:369][  0]LogMemory: Platform Memory Stats for Windows
[2019.05.12-10.56.34:369][  0]LogMemory: Process Physical Memory: 101.76 MB used, 101.76 MB peak
[2019.05.12-10.56.34:369][  0]LogMemory: Process Virtual Memory: 89.58 MB used, 89.58 MB peak
[2019.05.12-10.56.34:369][  0]LogMemory: Physical Memory: 6488.52 MB used,  9831.65 MB free, 16320.18 MB total
[2019.05.12-10.56.34:369][  0]LogMemory: Virtual Memory: 4644.21 MB used,  9831.65 MB free, 134217728.00 MB total
[2019.05.12-10.56.34:390][  0]LogInit: Using OS detected language (en-US).
[2019.05.12-10.56.34:390][  0]LogInit: Using OS detected locale (en-US).
[2019.05.12-10.56.34:391][  0]LogTextLocalizationManager: No specific localization for 'en-US' exists, so the 'en' localization will be used.
[2019.05.12-10.56.34:753][  0]LogStreaming: Display: Took  0.364s to InitEngineTextLocalization.
[2019.05.12-10.56.34:753][  0]LogInit: Setting process to per monitor DPI aware
[2019.05.12-10.56.34:786][  0]LogSlate: New Slate User Created.  User Index 0, Is Virtual User: 0
[2019.05.12-10.56.34:786][  0]LogSlate: Slate User Registered.  User Index 0, Is Virtual User: 0
[2019.05.12-10.56.35:044][  0]LogHMD: Failed to initialize OpenVR with code 108
[2019.05.12-10.56.35:044][  0]LogD3D11RHI: D3D11 adapters:
[2019.05.12-10.56.35:111][  0]LogD3D11RHI:    0. 'NVIDIA Quadro M2000' (Feature Level 11_0)
[2019.05.12-10.56.35:111][  0]LogD3D11RHI:       4044/0/8160 MB DedicatedVideo/DedicatedSystem/SharedSystem, Outputs:2, VendorId:0x10de
[2019.05.12-10.56.35:114][  0]LogD3D11RHI:    1. 'Microsoft Basic Render Driver' (Feature Level 11_0)
[2019.05.12-10.56.35:114][  0]LogD3D11RHI:       0/0/8160 MB DedicatedVideo/DedicatedSystem/SharedSystem, Outputs:0, VendorId:0x1414
[2019.05.12-10.56.35:114][  0]LogD3D11RHI: Chosen D3D11 Adapter: 0
[2019.05.12-10.56.35:122][  0]LogD3D11RHI: Creating new Direct3DDevice
[2019.05.12-10.56.35:122][  0]LogD3D11RHI:     GPU DeviceId: 0x1430 (for the marketing name, search the web for "GPU Device Id")
[2019.05.12-10.56.35:122][  0]LogWindows: EnumDisplayDevices:
[2019.05.12-10.56.35:122][  0]LogWindows:    0. 'NVIDIA Quadro M2000' (P:1 D:1)
[2019.05.12-10.56.35:123][  0]LogWindows:    1. 'NVIDIA Quadro M2000' (P:0 D:1)
[2019.05.12-10.56.35:123][  0]LogWindows:    2. 'NVIDIA Quadro M2000' (P:0 D:0)
[2019.05.12-10.56.35:123][  0]LogWindows:    3. 'NVIDIA Quadro M2000' (P:0 D:0)
[2019.05.12-10.56.35:123][  0]LogWindows: DebugString: FoundDriverCount:4 
[2019.05.12-10.56.35:123][  0]LogD3D11RHI:     Adapter Name: NVIDIA Quadro M2000
[2019.05.12-10.56.35:123][  0]LogD3D11RHI:   Driver Version: 416.30 (internal:25.21.14.1630, unified:416.30)
[2019.05.12-10.56.35:123][  0]LogD3D11RHI:      Driver Date: 10-9-2018
[2019.05.12-10.56.35:123][  0]LogRHI: Texture pool is 2830 MB (70% of 4044 MB)
[2019.05.12-10.56.35:164][  0]LogD3D11RHI: Async texture creation enabled
[2019.05.12-10.56.35:189][  0]LogD3D11RHI: GPU Timing Frequency: 1000.000000 (Debug: 2 2)
[2019.05.12-10.56.35:193][  0]LogShaderCompilers: Guid format shader working directory is -29 characters bigger than the processId version (../../../../../../Users/Jax/Documents/GitHub/Knight-Crasher/KnightCrasher/Intermediate/Shaders/WorkingDirectory/3504/).
[2019.05.12-10.56.35:193][  0]LogShaderCompilers: Cleaned the shader compiler working directory 'C:/Users/Jax/AppData/Local/Temp/UnrealShaderWorkingDir/E85BCF3A45A4EFD4FD21CDAA45988BEC/'.
[2019.05.12-10.56.35:495][  0]LogTemp: Display: Loaded TP AllDesktopTargetPlatform
[2019.05.12-10.56.35:507][  0]LogTemp: Display: Loaded TP MacClientTargetPlatform
[2019.05.12-10.56.35:522][  0]LogTemp: Display: Loaded TP MacNoEditorTargetPlatform
[2019.05.12-10.56.35:538][  0]LogTemp: Display: Loaded TP MacServerTargetPlatform
[2019.05.12-10.56.35:551][  0]LogTemp: Display: Loaded TP MacTargetPlatform
[2019.05.12-10.56.35:565][  0]LogTemp: Display: Loaded TP WindowsClientTargetPlatform
[2019.05.12-10.56.35:578][  0]LogTemp: Display: Loaded TP WindowsNoEditorTargetPlatform
[2019.05.12-10.56.35:591][  0]LogTemp: Display: Loaded TP WindowsServerTargetPlatform
[2019.05.12-10.56.35:597][  0]LogTemp: Display: Loaded TP WindowsTargetPlatform
[2019.05.12-10.56.35:678][  0]LogTemp: Display: Loaded TP AndroidTargetPlatform
[2019.05.12-10.56.35:678][  0]LogTemp: Display: Loaded TP AndroidTargetPlatform
[2019.05.12-10.56.35:678][  0]LogTemp: Display: Loaded TP AndroidTargetPlatform
[2019.05.12-10.56.35:678][  0]LogTemp: Display: Loaded TP AndroidTargetPlatform
[2019.05.12-10.56.35:678][  0]LogTemp: Display: Loaded TP AndroidTargetPlatform
[2019.05.12-10.56.35:678][  0]LogTemp: Display: Loaded TP AndroidTargetPlatform
[2019.05.12-10.56.35:678][  0]LogTemp: Display: Loaded TP AndroidTargetPlatform
[2019.05.12-10.56.35:678][  0]LogTemp: Display: Loaded TP AndroidTargetPlatform
[2019.05.12-10.56.35:678][  0]LogTemp: Display: Loaded TP AndroidTargetPlatform
[2019.05.12-10.56.35:678][  0]LogTemp: Display: Loaded TP AndroidTargetPlatform
[2019.05.12-10.56.35:678][  0]LogTemp: Display: Loaded TP AndroidTargetPlatform
[2019.05.12-10.56.35:678][  0]LogTemp: Display: Loaded TP AndroidTargetPlatform
[2019.05.12-10.56.35:678][  0]LogTemp: Display: Loaded TP AndroidTargetPlatform
[2019.05.12-10.56.35:678][  0]LogTemp: Display: Loaded TP AndroidTargetPlatform
[2019.05.12-10.56.35:678][  0]LogTemp: Display: Loaded TP AndroidTargetPlatform
[2019.05.12-10.56.35:678][  0]LogTemp: Display: Loaded TP AndroidTargetPlatform
[2019.05.12-10.56.35:678][  0]LogTemp: Display: Loaded TP AndroidTargetPlatform
[2019.05.12-10.56.35:678][  0]LogTemp: Display: Loaded TP AndroidTargetPlatform
[2019.05.12-10.56.35:711][  0]LogTemp: Display: Loaded TP HTML5TargetPlatform
[2019.05.12-10.56.35:770][  0]LogTemp: Display: Loaded TP IOSTargetPlatform
[2019.05.12-10.56.35:770][  0]LogTemp: Display: Loaded TP IOSTargetPlatform
[2019.05.12-10.56.35:794][  0]LogTemp: Display: Loaded TP TVOSTargetPlatform
[2019.05.12-10.56.35:795][  0]LogTemp: Display: Loaded TP TVOSTargetPlatform
[2019.05.12-10.56.35:807][  0]LogTemp: Display: Loaded TP LinuxClientTargetPlatform
[2019.05.12-10.56.35:819][  0]LogTemp: Display: Loaded TP LinuxNoEditorTargetPlatform
[2019.05.12-10.56.35:831][  0]LogTemp: Display: Loaded TP LinuxServerTargetPlatform
[2019.05.12-10.56.35:848][  0]LogTemp: Display: Loaded TP LinuxTargetPlatform
[2019.05.12-10.56.35:856][  0]LogTemp: Display: Loaded TP LuminTargetPlatform
[2019.05.12-10.56.35:857][  0]LogTargetPlatformManager: Display: Building Assets For Windows
[2019.05.12-10.56.35:909][  0]LogXGEController: Cannot use XGE Controller as Incredibuild is not installed on this machine.
[2019.05.12-10.56.35:909][  0]LogShaderCompilers: Cannot use XGE Shader Compiler as Incredibuild is not installed on this machine.
[2019.05.12-10.56.35:909][  0]LogShaderCompilers: Display: Using Local Shader Compiler.
[2019.05.12-10.56.36:616][  0]LogDerivedDataCache: Display: Max Cache Size: 512 MB
[2019.05.12-10.56.36:712][  0]LogDerivedDataCache: Loaded boot cache 0.10s 71MB C:/Users/Jax/AppData/Local/UnrealEngine/4.20/DerivedDataCache/Boot.ddc.
[2019.05.12-10.56.36:715][  0]LogDerivedDataCache: Display: Loaded Boot cache: C:/Users/Jax/AppData/Local/UnrealEngine/4.20/DerivedDataCache/Boot.ddc
[2019.05.12-10.56.36:715][  0]LogDerivedDataCache: FDerivedDataBackendGraph:  Pak pak cache file ../../../../../../Users/Jax/Documents/GitHub/Knight-Crasher/KnightCrasher/DerivedDataCache/DDC.ddp not found, will not use a pak cache.
[2019.05.12-10.56.36:715][  0]LogDerivedDataCache: Unable to find inner node Pak for hierarchical cache Hierarchy.
[2019.05.12-10.56.36:715][  0]LogDerivedDataCache: FDerivedDataBackendGraph:  CompressedPak pak cache file ../../../../../../Users/Jax/Documents/GitHub/Knight-Crasher/KnightCrasher/DerivedDataCache/Compressed.ddp not found, will not use a pak cache.
[2019.05.12-10.56.36:715][  0]LogDerivedDataCache: Unable to find inner node CompressedPak for hierarchical cache Hierarchy.
[2019.05.12-10.56.36:730][  0]LogDerivedDataCache: Display: Pak cache opened for reading ../../../Engine/DerivedDataCache/Compressed.ddp.
[2019.05.12-10.56.36:742][  0]LogDerivedDataCache: Using Local data cache path C:/Users/Jax/AppData/Local/UnrealEngine/Common/DerivedDataCache: Writable
[2019.05.12-10.56.36:742][  0]LogDerivedDataCache: Shared data cache path not found in *engine.ini, will not use an Shared cache.
[2019.05.12-10.56.36:742][  0]LogDerivedDataCache: Unable to find inner node Shared for hierarchical cache Hierarchy.
[2019.05.12-10.56.36:760][  0]LogMaterial: Verifying Global Shaders for PCD3D_SM5
[2019.05.12-10.56.36:762][  0]LogSlate: Using FreeType 2.6.0
[2019.05.12-10.56.36:762][  0]LogSlate: SlateFontServices - WITH_FREETYPE: 1, WITH_HARFBUZZ: 1
[2019.05.12-10.56.36:833][  0]LogAssetRegistry: FAssetRegistry took 0.0256 seconds to start up
[2019.05.12-10.56.37:180][  0]LogInit: Selected Device Profile: [Windows]
[2019.05.12-10.56.37:303][  0]LogSimplygon: Simplygon DLL not present - disabling.
[2019.05.12-10.56.37:306][  0]LogMeshReduction: Using SimplygonSwarm for distributed automatic mesh merging
[2019.05.12-10.56.37:306][  0]LogMeshReduction: Using ProxyLODMeshReduction for automatic mesh merging
[2019.05.12-10.56.37:306][  0]LogMeshReduction: Using QuadricMeshReduction for automatic static mesh reduction
[2019.05.12-10.56.37:306][  0]LogMeshReduction: No automatic skeletal mesh reduction module available
[2019.05.12-10.56.37:327][  0]LogNetVersion: KnightCrasher 1.0.0, NetCL: 4212847, EngineNetVer: 5, GameNetVer: 0 (Checksum: 588298797)
[2019.05.12-10.56.37:793][  0]LogPackageLocalizationCache: Processed 11 localized package path(s) for 2 prioritized culture(s) in 0.096494 seconds
[2019.05.12-10.56.37:799][  0]LogUObjectArray: 38425 objects as part of root set at end of initial load.
[2019.05.12-10.56.37:799][  0]LogUObjectAllocator: 6690864 out of 0 bytes used by permanent object pool.
[2019.05.12-10.56.37:799][  0]LogUObjectArray: CloseDisregardForGC: 0/0 objects in disregard for GC pool
[2019.05.12-10.56.38:554][  0]LogTcpMessaging: Initializing TcpMessaging bridge
[2019.05.12-10.56.38:567][  0]LogUdpMessaging: Initializing bridge on interface 0.0.0.0:0 to multicast group 230.0.0.1:6666.
[2019.05.12-10.56.38:700][  0]SourceControl: Source control is disabled
[2019.05.12-10.56.38:700][  0]SourceControl: Source control is disabled
[2019.05.12-10.56.38:701][  0]SourceControl: Source control is disabled
[2019.05.12-10.56.38:702][  0]SourceControl: Source control is disabled
[2019.05.12-10.56.38:866][  0]LogAndroidPermission: UAndroidPermissionCallbackProxy::GetInstance
[2019.05.12-10.56.38:984][  0]LogOcInput: OculusInput pre-init called
[2019.05.12-10.56.39:040][  0]LogEngine: Initializing Engine...
[2019.05.12-10.56.39:086][  0]LogHMD: Failed to initialize OpenVR with code 108
[2019.05.12-10.56.39:087][  0]LogStats: UGameplayTagsManager::ConstructGameplayTagTree: ImportINI prefixes -  0.000 s
[2019.05.12-10.56.39:088][  0]LogStats: UGameplayTagsManager::ConstructGameplayTagTree: Construct from data asset -  0.000 s
[2019.05.12-10.56.39:088][  0]LogStats: UGameplayTagsManager::ConstructGameplayTagTree: ImportINI -  0.000 s
[2019.05.12-10.56.39:088][  0]LogStats: UGameplayTagsManager::ConstructGameplayTagTree: GameplayTagTreeChangedEvent.Broadcast -  0.000 s
[2019.05.12-10.56.39:277][  0]LogInit: Initializing FReadOnlyCVARCache
[2019.05.12-10.56.39:290][  0]LogAIModule: Creating AISystem for world Untitled
[2019.05.12-10.56.39:351][  0]LogInit: XAudio2 using 'Speakers (High Definition Audio Device)' : 2 channels at 48 kHz using 16 bits per sample (channel mask 0x3)
[2019.05.12-10.56.39:368][  0]LogInit: FAudioDevice initialized.
[2019.05.12-10.56.39:369][  0]LogNetVersion: Set ProjectVersion to 1.0.0.0. Version Checksum will be recalculated on next use.
[2019.05.12-10.56.39:479][  0]LogDerivedDataCache: Saved boot cache 0.11s 71MB C:/Users/Jax/AppData/Local/UnrealEngine/4.20/DerivedDataCache/Boot.ddc.
[2019.05.12-10.56.39:482][  0]LogInit: Texture streaming: Enabled
[2019.05.12-10.56.39:497][  0]LogEngineSessionManager: EngineSessionManager initialized
[2019.05.12-10.56.39:517][  0]LogInit: Transaction tracking system initialized
[2019.05.12-10.56.39:535][  0]BlueprintLog: New page: Editor Load
[2019.05.12-10.56.39:618][  0]LocalizationService: Localization service is disabled
[2019.05.12-10.56.41:654][  0]LogFileCache: Scanning file cache for directory 'K:/Users/Jax/Documents/GitHub/Knight-Crasher/KnightCrasher/Content/' took 0.18s
[2019.05.12-10.56.41:654][  0]LogCook: Display: Max memory allowance for cook 16384mb min free memory 0mb
[2019.05.12-10.56.41:662][  0]LogCook: Display: Mobile HDR setting 1
[2019.05.12-10.56.41:687][  0]LogGameplayTags: Display: UGameplayTagsManager::DoneAddingNativeTags. DelegateIsBound: 0
[2019.05.12-10.56.41:687][  0]LogStats: UGameplayTagsManager::ConstructGameplayTagTree: ImportINI prefixes -  0.000 s
[2019.05.12-10.56.41:687][  0]LogStats: UGameplayTagsManager::ConstructGameplayTagTree: Construct from data asset -  0.000 s
[2019.05.12-10.56.41:687][  0]LogStats: UGameplayTagsManager::ConstructGameplayTagTree: ImportINI -  0.000 s
[2019.05.12-10.56.41:687][  0]LogStats: UGameplayTagsManager::ConstructGameplayTagTree: GameplayTagTreeChangedEvent.Broadcast -  0.000 s
[2019.05.12-10.56.50:668][  0]SourceControl: Source control is disabled
[2019.05.12-10.56.50:788][  0]Cmd: MAP LOAD FILE="../../../../../../Users/Jax/Documents/GitHub/Knight-Crasher/KnightCrasher/Content/KnightCrasher/Maps/Intro_Map.umap" TEMPLATE=0 SHOWPROGRESS=1 FEATURELEVEL=3
[2019.05.12-10.56.50:819][  0]LightingResults: New page: Lighting Build
[2019.05.12-10.56.51:576][  0]MapCheck: New page: Map Check
[2019.05.12-10.56.51:576][  0]LightingResults: New page: Lighting Build
[2019.05.12-10.57.05:312][  0]LogAIModule: Creating AISystem for world Intro_Map
[2019.05.12-10.57.07:434][  0]LogEditorServer: Finished looking for orphan Actors (0.000 secs)
[2019.05.12-10.57.08:294][  0]Cmd: MAP CHECKDEP NOCLEARLOG
[2019.05.12-10.57.08:379][  0]MapCheck: Map check complete: 0 Error(s), 0 Warning(s), took 84.745ms to complete.
[2019.05.12-10.57.08:379][  0]LogFileHelpers: Loading map 'Intro_Map' took 17.654
[2019.05.12-10.57.13:693][  0]LogSlate: Updating window title bar state: overlay mode, drag disabled, window buttons hidden, title bar hidden
[2019.05.12-10.57.13:705][  0]LogSlate: Updating window title bar state: overlay mode, drag disabled, window buttons hidden, title bar hidden
[2019.05.12-10.57.13:715][  0]LogSlate: Updating window title bar state: overlay mode, drag disabled, window buttons hidden, title bar hidden
[2019.05.12-10.57.13:726][  0]LogSlate: Updating window title bar state: overlay mode, drag disabled, window buttons hidden, title bar hidden
[2019.05.12-10.57.13:825][  0]LogCollectionManager: Loaded 0 collections in 0.001393 seconds
[2019.05.12-10.57.14:143][  0]LogFileCache: Scanning file cache for directory 'K:/Users/Jax/Documents/GitHub/Knight-Crasher/KnightCrasher/Saved/Collections/' took 0.01s
[2019.05.12-10.57.14:143][  0]LogFileCache: Scanning file cache for directory 'K:/Users/Jax/Documents/GitHub/Knight-Crasher/KnightCrasher/Content/Developers/Jax/Collections/' took 0.01s
[2019.05.12-10.57.14:143][  0]LogFileCache: Scanning file cache for directory 'K:/Users/Jax/Documents/GitHub/Knight-Crasher/KnightCrasher/Content/Collections/' took 0.01s
[2019.05.12-10.57.14:143][  0]LogCollectionManager: Rebuilt the GUID cache for 0 collections in 0.000001 seconds
[2019.05.12-10.57.14:166][  0]LogContentBrowser: Native class hierarchy populated in 0.0229 seconds. Added 2572 classes and 603 folders.
[2019.05.12-10.57.14:417][  0]LogContentBrowser: Native class hierarchy updated for 'WidgetCarousel' in 0.0004 seconds. Added 0 classes and 0 folders.
[2019.05.12-10.57.19:377][  0]LogContentBrowser: Native class hierarchy updated for 'AddContentDialog' in 0.0003 seconds. Added 0 classes and 0 folders.
[2019.05.12-10.57.19:514][  0]LogContentBrowser: Native class hierarchy updated for 'SceneOutliner' in 0.0003 seconds. Added 1 classes and 2 folders.
[2019.05.12-10.57.21:551][  0]LogSlate: Took 0.049890 seconds to synchronously load lazily loaded font '../../../Engine/Content/Slate/Fonts/Roboto-Regular.ttf' (155K)
[2019.05.12-10.57.21:892][  0]LogSlate: Took 0.308168 seconds to synchronously load lazily loaded font '../../../Engine/Content/Slate/Fonts/Roboto-Bold.ttf' (160K)
[2019.05.12-10.57.22:023][  0]LogSlate: Took 0.039501 seconds to synchronously load lazily loaded font '../../../Engine/Content/Editor/Slate/Fonts/FontAwesome.ttf' (139K)
[2019.05.12-10.57.23:530][  0]LogRenderer: Reallocating scene render targets to support 1004x464 Format 10 NumSamples 1 (Frame:1).
[2019.05.12-10.57.26:440][  0]LogContentBrowser: Native class hierarchy updated for 'HierarchicalLODOutliner' in 0.0003 seconds. Added 0 classes and 0 folders.
[2019.05.12-10.57.26:440][  0]LogLoad: (Engine Initialization) Total time: 53.71 seconds
[2019.05.12-10.57.26:440][  0]LogLoad: (Engine Initialization) Total Blueprint compile time: 0.00 seconds
[2019.05.12-10.57.26:482][  0]LogWindowsTextInputMethodSystem: Display: IME system now deactivated.
[2019.05.12-10.57.27:343][  0]LogContentStreaming: Texture pool size now 1000 MB
[2019.05.12-10.57.28:070][  0]LogSlate: Took 0.225455 seconds to synchronously load lazily loaded font '../../../Engine/Content/Slate/Fonts/Roboto-Light.ttf' (167K)
[2019.05.12-10.57.28:824][  2]LogSlate: Took 0.000205 seconds to synchronously load lazily loaded font '../../../Engine/Content/Slate/Fonts/Roboto-Light.ttf' (167K)
[2019.05.12-10.57.31:987][262]LogAssetRegistry: Error: Failed to open file for write ../../../../../../Users/Jax/Documents/GitHub/Knight-Crasher/KnightCrasher/Intermediate/CachedAssetRegistry.bin
[2019.05.12-10.57.31:987][262]LogAssetRegistry: Asset discovery search completed in 55.1760 seconds
[2019.05.12-10.57.31:989][262]LogCollectionManager: Rebuilt the object cache for 0 collections in 0.000000 seconds (found 0 objects)
[2019.05.12-10.57.31:989][262]LogCollectionManager: Fixed up redirectors for 0 collections in 0.000078 seconds (updated 0 objects)
[2019.05.12-10.57.33:827][358]LogSlate: FSceneViewport::OnFocusLost() reason 0
[2019.05.12-10.57.50:516][233]LogSlate: FSceneViewport::OnFocusLost() reason 0
[2019.05.12-10.57.53:290][555]LogAssetEditorManager: Opening Asset editor for WidgetBlueprint /Game/KnightCrasher/UI/WBP_HealthBar.WBP_HealthBar
[2019.05.12-10.57.53:935][555]LogClass: Warning: Enum '/Game/UI_Kit/Blueprints/Objectives/E_ObjectiveType.E_ObjectiveType' was upgraded to use FText to store its display name data. Please re-save this asset to avoid issues with localization and determinstic cooking.
[2019.05.12-10.57.53:936][555]LogClass: Warning: Enum '/Game/UI_Kit/Showcase/DemoRoom/BluePrint/BP_DemoDisplay_Enum.BP_DemoDisplay_Enum' was upgraded to use FText to store its display name data. Please re-save this asset to avoid issues with localization and determinstic cooking.
[2019.05.12-10.57.53:939][555]LogClass: Warning: Enum '/Game/UI_Kit/Widgets/Window/ResizeType.ResizeType' was upgraded to use FText to store its display name data. Please re-save this asset to avoid issues with localization and determinstic cooking.
[2019.05.12-10.57.54:140][555]LogContentBrowser: Native class hierarchy updated for 'BlueprintGraph' in 0.0006 seconds. Added 116 classes and 0 folders.
[2019.05.12-10.57.56:077][555]LogSlate: Took 0.023647 seconds to synchronously load lazily loaded font '../../../Engine/Content/Slate/Fonts/Roboto-BoldCondensed.ttf' (158K)
[2019.05.12-10.58.13:585][985]LogSlate: Window 'WBP_HealthBar' being destroyed
[2019.05.12-10.58.13:588][985]LogSlate: Window 'WBP_HealthBar' being destroyed
[2019.05.12-10.59.25:587][303]LogEditorViewport: Clicking on Actor (context menu): CH_BasicEnemy_C (CH_BasicEnemy)
[2019.05.12-10.59.26:095][303]LogSlate: FSceneViewport::OnFocusLost() reason 2
[2019.05.12-10.59.26:950][370]LogEditorViewport: Clicking Background
[2019.05.12-10.59.40:638][955]LogSlate: FSceneViewport::OnFocusLost() reason 0
[2019.05.12-10.59.40:806][973]LogAssetEditorManager: Opening Asset editor for WidgetBlueprint /Game/KnightCrasher/UI/WBP_ControllButtons.WBP_ControllButtons
[2019.05.12-11.00.27:426][402]LogSlate: Window 'WBP_ControllButtons*' being destroyed
[2019.05.12-11.00.27:429][402]LogSlate: Window 'WBP_ControllButtons*' being destroyed
[2019.05.12-11.00.28:659][539]LogSlate: FSceneViewport::OnFocusLost() reason 2
[2019.05.12-11.00.29:623][653]LogSlate: FSceneViewport::OnFocusLost() reason 2
[2019.05.12-11.00.41:418][453]LogSlate: Only BGRA pngs, bmps or icos are supported in by External Image Picker
[2019.05.12-11.00.41:520][454]LogTemp: Executing iPhonePackager certificates Engine -bundlename com.YourCompany.KnightCrasher
[2019.05.12-11.00.41:520][454]LogTemp: CWD: K:\Program Files\Epic Games\UE_4.20\Engine\Binaries\DotNET\IOS
[2019.05.12-11.00.41:520][454]LogTemp: Initial Dir: K:\Program Files\Epic Games\UE_4.20
[2019.05.12-11.00.41:520][454]LogTemp: Env CWD: K:\Program Files\Epic Games\UE_4.20\Engine\Binaries\DotNET\IOS
[2019.05.12-11.00.41:521][454]LogTemp: BranchPath = DESKTOP-8E615QP/K/Program Files/Epic Games/UE_4.20/Engine/Binaries --- GameBranchPath = DESKTOP-8E615QP/K/Program Files/Epic Games/UE_4.20/Engine/Binaries
[2019.05.12-11.00.41:521][454]LogTemp: IPP ERROR: Could not find provision directory 'C:\Users\Jax\AppData\Local/Apple Computer/MobileDevice/Provisioning Profiles/'.
[2019.05.12-11.01.28:507][155]LogSlate: Window 'Project Settings' being destroyed
[2019.05.12-11.01.28:509][155]LogSlate: Window 'Project Settings' being destroyed
[2019.05.12-11.01.42:125][222]LogAssetEditorManager: Opening Asset editor for Blueprint /Game/KnightCrasher/Character/CH_Knight.CH_Knight
[2019.05.12-11.01.42:859][223]LogSlate: Took 0.013864 seconds to synchronously load lazily loaded font '../../../Engine/Content/Slate/Fonts/Roboto-Italic.ttf' (157K)
[2019.05.12-11.02.45:482][464]LogSlate: Window 'CH_Knight*' being destroyed
[2019.05.12-11.02.45:485][464]LogSlate: Window 'CH_Knight*' being destroyed
[2019.05.12-11.03.13:458][108]LogAssetEditorManager: Opening Asset editor for WidgetBlueprint /Game/KnightCrasher/UI/NewWidgetBlueprint.NewWidgetBlueprint
[2019.05.12-11.04.42:504][783]LogEditorTransaction: Undo Replace Widgets
[2019.05.12-11.05.14:496][984]BlueprintLog: New page: Compile NewWidgetBlueprint
[2019.05.12-11.05.16:437][ 86]LogSlate: Window 'NewWidgetBlueprint*' being destroyed
[2019.05.12-11.05.16:442][ 86]LogSlate: Window 'NewWidgetBlueprint*' being destroyed
[2019.05.12-11.05.22:964][542]LogAssetEditorManager: Opening Asset editor for Blueprint /Game/KnightCrasher/Character/CH_Knight.CH_Knight
[2019.05.12-11.05.49:151][955]LogAssetEditorManager: Opening Asset editor for WidgetBlueprint /Game/KnightCrasher/UI/NewWidgetBlueprint.NewWidgetBlueprint
[2019.05.12-11.05.59:480][991]LogMetaData: Removing '/Game/KnightCrasher/UI/Pause_Menu.SKEL_Pause_Menu_C' ref from Metadata '/Game/KnightCrasher/UI/NewWidgetBlueprint.PackageMetaData'
[2019.05.12-11.05.59:480][991]LogMetaData: Removing '/Game/KnightCrasher/UI/Pause_Menu.Pause_Menu_C' ref from Metadata '/Game/KnightCrasher/UI/NewWidgetBlueprint.PackageMetaData'
[2019.05.12-11.05.59:480][991]LogMetaData: Removing '/Game/KnightCrasher/UI/Pause_Menu.Pause_Menu:EventGraph.K2Node_Event_0' ref from Metadata '/Game/KnightCrasher/UI/NewWidgetBlueprint.PackageMetaData'
[2019.05.12-11.05.59:480][991]LogMetaData: Removing '/Game/KnightCrasher/UI/Pause_Menu.Pause_Menu:EventGraph.K2Node_Event_1' ref from Metadata '/Game/KnightCrasher/UI/NewWidgetBlueprint.PackageMetaData'
[2019.05.12-11.05.59:480][991]LogMetaData: Removing '/Game/KnightCrasher/UI/Pause_Menu.Pause_Menu:EventGraph.K2Node_Event_2' ref from Metadata '/Game/KnightCrasher/UI/NewWidgetBlueprint.PackageMetaData'
[2019.05.12-11.05.59:505][991]Cmd: OBJ SAVEPACKAGE PACKAGE="/Game/KnightCrasher/UI/Pause_Menu" FILE="../../../../../../Users/Jax/Documents/GitHub/Knight-Crasher/KnightCrasher/Content/KnightCrasher/UI/Pause_Menu.uasset" SILENT=true
[2019.05.12-11.05.59:554][991]LogSavePackage: Moving '../../../../../../Users/Jax/Documents/GitHub/Knight-Crasher/KnightCrasher/Saved/Pause_MenuDF5D94134138757070D314A0D4DC2A78.tmp' to '../../../../../../Users/Jax/Documents/GitHub/Knight-Crasher/KnightCrasher/Content/KnightCrasher/UI/Pause_Menu.uasset'
[2019.05.12-11.06.01:447][183]LogSlate: Prevented a slow task dialog from being summoned while a context menu was open
[2019.05.12-11.06.26:584][808]BlueprintLog: New page: Compile CH_Knight
[2019.05.12-11.06.27:973][936]LogEditorViewport: Clicking on Actor (LMB): StaticMeshActor (Pl_16m_Platform2)
[2019.05.12-11.06.30:790][243]LogSlate: FSceneViewport::OnFocusLost() reason 0
[2019.05.12-11.06.31:052][252]LogSavePackage: Moving '../../../../../../Users/Jax/Documents/GitHub/Knight-Crasher/KnightCrasher/Saved/Intro_Map6B7FAF0A4E54514330BE0184471E7663.tmp' to '../../../../../../Users/Jax/Documents/GitHub/Knight-Crasher/KnightCrasher/Content/KnightCrasher/Maps/Intro_Map.umap'
[2019.05.12-11.06.31:209][252]LogSavePackage: Moving '../../../../../../Users/Jax/Documents/GitHub/Knight-Crasher/KnightCrasher/Saved/Intro_Map_BuiltData7DBAAE5840DC6B4053CF29BF326B4723.tmp' to '../../../../../../Users/Jax/Documents/GitHub/Knight-Crasher/KnightCrasher/Content/KnightCrasher/Maps/Intro_Map_BuiltData.uasset'
[2019.05.12-11.06.32:433][338]LogTemp: Repeating last play command: New Editor Window (PIE)
[2019.05.12-11.06.32:566][338]BlueprintLog: New page: Pre-Play auto-recompile
[2019.05.12-11.06.32:586][338]LogPlayLevel: [PlayLevel] Compiling WBP_ControllButtons before play...
[2019.05.12-11.06.32:757][338]LogPlayLevel: PlayLevel: Blueprint regeneration took 191 ms (1 blueprints)
[2019.05.12-11.06.32:815][338]PIE: New page: PIE session: Intro_Map (May 11, 2019, 9:06:32 PM)
[2019.05.12-11.06.32:815][338]LogPlayLevel: Creating play world package: /Game/KnightCrasher/Maps/UEDPIE_0_Intro_Map
[2019.05.12-11.06.32:849][338]LogPlayLevel: PIE: StaticDuplicateObject took: (0.034431s)
[2019.05.12-11.06.32:850][338]LogAIModule: Creating AISystem for world Intro_Map
[2019.05.12-11.06.32:850][338]LogPlayLevel: PIE: World Init took: (0.000629s)
[2019.05.12-11.06.32:850][338]LogPlayLevel: PIE: Created PIE world by copying editor world from /Game/KnightCrasher/Maps/Intro_Map.Intro_Map to /Game/KnightCrasher/Maps/UEDPIE_0_Intro_Map.Intro_Map (0.035195s)
[2019.05.12-11.06.32:909][338]LogInit: XAudio2 using 'Speakers (High Definition Audio Device)' : 2 channels at 48 kHz using 16 bits per sample (channel mask 0x3)
[2019.05.12-11.06.32:921][338]LogInit: FAudioDevice initialized.
[2019.05.12-11.06.32:935][338]LogSlate: Updating window title bar state: overlay mode, drag disabled, window buttons hidden, title bar hidden
[2019.05.12-11.06.33:015][338]LogLoad: Game class is 'KnightCrasher_Gamemode_C'
[2019.05.12-11.06.33:017][338]LogWorld: Bringing World /Game/KnightCrasher/Maps/UEDPIE_0_Intro_Map.Intro_Map up for play (max tick rate 0) at 2019.05.12-04.06.33
[2019.05.12-11.06.33:062][338]LogWorld: Bringing up level for play took: 0.046732
[2019.05.12-11.06.33:138][338]LogContentBrowser: Native class hierarchy updated for 'MovieSceneCapture' in 0.0003 seconds. Added 10 classes and 0 folders.
[2019.05.12-11.06.33:190][338]PIE: Play in editor start time for /Game/KnightCrasher/Maps/UEDPIE_0_Intro_Map 0.672
[2019.05.12-11.06.33:301][338]LogRenderer: Reallocating scene render targets to support 1292x756 Format 10 NumSamples 1 (Frame:1).
[2019.05.12-11.06.41:683][200]LogSlate: Updating window title bar state: overlay mode, drag disabled, window buttons hidden, title bar hidden
[2019.05.12-11.06.41:702][200]LogSlate: Window 'KnightCrasher Game Preview Standalone (64-bit/PCD3D_SM5)' being destroyed
[2019.05.12-11.06.41:733][200]LogPlayLevel: Display: Shutting down PIE online subsystems
[2019.05.12-11.06.41:777][201]LogPlayLevel: Display: Destroying online subsystem :Context_16
[2019.05.12-11.07.00:985][411]LogEditorViewport: Clicking on Actor (LMB): StaticMeshActor (SM_OceanWater)
[2019.05.12-11.07.02:053][523]LogSlate: FSceneViewport::OnFocusLost() reason 0
[2019.05.12-11.07.05:857][780]LogSlate: Window 'Save Content' being destroyed
[2019.05.12-11.07.06:006][780]LogSavePackage: Moving '../../../../../../Users/Jax/Documents/GitHub/Knight-Crasher/KnightCrasher/Saved/CH_Knight0BC8C6FB4194BA6F82F2109F072AB8D0.tmp' to '../../../../../../Users/Jax/Documents/GitHub/Knight-Crasher/KnightCrasher/Content/KnightCrasher/Character/CH_Knight.uasset'
[2019.05.12-11.07.06:060][780]LogSavePackage: Moving '../../../../../../Users/Jax/Documents/GitHub/Knight-Crasher/KnightCrasher/Saved/WBP_ControllButtons92E710574FC21D6F7169449431CE3347.tmp' to '../../../../../../Users/Jax/Documents/GitHub/Knight-Crasher/KnightCrasher/Content/KnightCrasher/UI/WBP_ControllButtons.uasset'
[2019.05.12-11.09.35:746][589]BlueprintLog: New page: Compile CH_Knight
[2019.05.12-11.09.37:006][696]LogTemp: Repeating last play command: Mobile Preview ES2 (PIE)
[2019.05.12-11.09.39:537][696]LogSlate: Window 'Save Content' being destroyed
[2019.05.12-11.09.39:662][696]LogSavePackage: Moving '../../../../../../Users/Jax/Documents/GitHub/Knight-Crasher/KnightCrasher/Saved/CH_Knight090857D04A44048904896DB2A0DB86C9.tmp' to '../../../../../../Users/Jax/Documents/GitHub/Knight-Crasher/KnightCrasher/Content/KnightCrasher/Character/CH_Knight.uasset'
[2019.05.12-11.09.57:221][ 69]BlueprintLog: New page: Compile CH_Knight
[2019.05.12-11.09.58:349][160]LogTemp: Repeating last play command: Mobile Preview ES2 (PIE)
[2019.05.12-11.09.59:850][160]LogSlate: Window 'Save Content' being destroyed
[2019.05.12-11.09.59:972][160]LogSavePackage: Moving '../../../../../../Users/Jax/Documents/GitHub/Knight-Crasher/KnightCrasher/Saved/CH_KnightA55D6406432760B158587AA923B622FB.tmp' to '../../../../../../Users/Jax/Documents/GitHub/Knight-Crasher/KnightCrasher/Content/KnightCrasher/Character/CH_Knight.uasset'
[2019.05.12-11.10.50:670][827]LogSlate: Window 'CH_Knight' being destroyed
[2019.05.12-11.10.50:672][827]LogSlate: Window 'CH_Knight' being destroyed
[2019.05.12-11.11.00:799][ 26]LogAssetEditorManager: Opening Asset editor for WidgetBlueprint /Game/KnightCrasher/UI/Pause_Menu.Pause_Menu
[2019.05.12-11.11.41:458][873]BlueprintLog: New page: Compile Pause_Menu
[2019.05.12-11.11.42:850][ 32]LogSlate: Window 'Pause_Menu*' being destroyed
[2019.05.12-11.11.42:853][ 32]LogSlate: Window 'Pause_Menu*' being destroyed
[2019.05.12-11.11.46:739][488]LogAssetEditorManager: Opening Asset editor for WidgetBlueprint /Game/KnightCrasher/UI/Pause_Menu.Pause_Menu
[2019.05.12-11.12.07:367][384]BlueprintLog: New page: Compile Pause_Menu
[2019.05.12-11.12.20:781][925]BlueprintLog: New page: Compile Pause_Menu
[2019.05.12-11.12.21:566][ 11]LogTemp: Repeating last play command: Mobile Preview ES2 (PIE)
[2019.05.12-11.12.22:824][ 11]LogSlate: Window 'Save Content' being destroyed
[2019.05.12-11.12.22:842][ 11]Cmd: OBJ SAVEPACKAGE PACKAGE="/Game/KnightCrasher/UI/Pause_Menu" FILE="../../../../../../Users/Jax/Documents/GitHub/Knight-Crasher/KnightCrasher/Content/KnightCrasher/UI/Pause_Menu.uasset" SILENT=true
[2019.05.12-11.12.22:869][ 11]LogSavePackage: Moving '../../../../../../Users/Jax/Documents/GitHub/Knight-Crasher/KnightCrasher/Saved/Pause_Menu0A4D9A224C28D890A3C688A7581FDA25.tmp' to '../../../../../../Users/Jax/Documents/GitHub/Knight-Crasher/KnightCrasher/Content/KnightCrasher/UI/Pause_Menu.uasset'
[2019.05.12-11.13.03:545][792]LogTemp: Repeating last play command: Mobile Preview ES2 (PIE)
[2019.05.12-11.16.24:389][625]BlueprintLog: New page: Compile Pause_Menu
[2019.05.12-11.16.26:540][831]LogTemp: Repeating last play command: Mobile Preview ES2 (PIE)
[2019.05.12-11.16.28:335][831]LogSlate: Window 'Save Content' being destroyed
[2019.05.12-11.16.28:355][831]Cmd: OBJ SAVEPACKAGE PACKAGE="/Game/KnightCrasher/UI/Pause_Menu" FILE="../../../../../../Users/Jax/Documents/GitHub/Knight-Crasher/KnightCrasher/Content/KnightCrasher/UI/Pause_Menu.uasset" SILENT=true
[2019.05.12-11.16.28:378][831]LogSavePackage: Moving '../../../../../../Users/Jax/Documents/GitHub/Knight-Crasher/KnightCrasher/Saved/Pause_MenuAAD510F84CE0B49E268E18AA307A853A.tmp' to '../../../../../../Users/Jax/Documents/GitHub/Knight-Crasher/KnightCrasher/Content/KnightCrasher/UI/Pause_Menu.uasset'
[2019.05.12-11.17.37:912][247]LogSlate: Window 'Pause_Menu' being destroyed
[2019.05.12-11.17.37:915][247]LogSlate: Window 'Pause_Menu' being destroyed
[2019.05.12-11.17.39:340][409]LogAssetEditorManager: Opening Asset editor for Blueprint /Game/KnightCrasher/Character/CH_Knight.CH_Knight
[2019.05.12-11.18.40:864][163]LogSlate: Window 'CH_Knight*' being destroyed
[2019.05.12-11.18.40:867][163]LogSlate: Window 'CH_Knight*' being destroyed
[2019.05.12-11.18.57:992][206]LogTemp: Repeating last play command: Mobile Preview ES2 (PIE)
[2019.05.12-11.18.59:361][206]LogSlate: Window 'Save Content' being destroyed
[2019.05.12-11.18.59:483][206]LogSavePackage: Moving '../../../../../../Users/Jax/Documents/GitHub/Knight-Crasher/KnightCrasher/Saved/CH_Knight0390550C4C6B6F46F13DE386CC5F3467.tmp' to '../../../../../../Users/Jax/Documents/GitHub/Knight-Crasher/KnightCrasher/Content/KnightCrasher/Character/CH_Knight.uasset'
[2019.05.12-11.20.02:211][555]LogAssetEditorManager: Opening Asset editor for WidgetBlueprint /Game/KnightCrasher/UI/Pause_Menu.Pause_Menu
[2019.05.12-11.22.55:454][780]BlueprintLog: New page: Compile Pause_Menu
[2019.05.12-11.22.56:396][882]LogSlate: Window 'Pause_Menu*' being destroyed
[2019.05.12-11.22.56:399][882]LogSlate: Window 'Pause_Menu*' being destroyed
[2019.05.12-11.22.58:680][149]LogTemp: Repeating last play command: Mobile Preview ES2 (PIE)
[2019.05.12-11.23.00:342][149]LogSlate: Window 'Save Content' being destroyed
[2019.05.12-11.23.00:364][149]Cmd: OBJ SAVEPACKAGE PACKAGE="/Game/KnightCrasher/UI/Pause_Menu" FILE="../../../../../../Users/Jax/Documents/GitHub/Knight-Crasher/KnightCrasher/Content/KnightCrasher/UI/Pause_Menu.uasset" SILENT=true
[2019.05.12-11.23.00:393][149]LogSavePackage: Moving '../../../../../../Users/Jax/Documents/GitHub/Knight-Crasher/KnightCrasher/Saved/Pause_MenuD70F22E04ABA8E27FB9834879997A205.tmp' to '../../../../../../Users/Jax/Documents/GitHub/Knight-Crasher/KnightCrasher/Content/KnightCrasher/UI/Pause_Menu.uasset'
[2019.05.12-11.23.30:160][622]LogAssetEditorManager: Opening Asset editor for WidgetBlueprint /Game/KnightCrasher/UI/WBP_ControllButtons.WBP_ControllButtons
[2019.05.12-11.23.56:573][910]LogWindows: Error: === Critical error: ===
[2019.05.12-11.23.56:574][910]LogWindows: Error: 
[2019.05.12-11.23.56:574][910]LogWindows: Error: Fatal error!
[2019.05.12-11.23.56:574][910]LogWindows: Error: 
[2019.05.12-11.23.56:574][910]LogWindows: Error: Unhandled Exception: EXCEPTION_ACCESS_VIOLATION reading address 0xffffffff
[2019.05.12-11.23.56:574][910]LogWindows: Error: 
[2019.05.12-11.23.56:574][910]LogWindows: Error: [Callstack] 0x00007ffd91b5e3da UE4Editor-Slate.dll!UnknownFunction []
[2019.05.12-11.23.56:574][910]LogWindows: Error: [Callstack] 0x00007ffd91b63f74 UE4Editor-Slate.dll!UnknownFunction []
[2019.05.12-11.23.56:574][910]LogWindows: Error: [Callstack] 0x00007ffd91b8fec3 UE4Editor-Slate.dll!UnknownFunction []
[2019.05.12-11.23.56:574][910]LogWindows: Error: [Callstack] 0x00007ffd91b67220 UE4Editor-Slate.dll!UnknownFunction []
[2019.05.12-11.23.56:574][910]LogWindows: Error: [Callstack] 0x00007ffd91b71d6f UE4Editor-Slate.dll!UnknownFunction []
[2019.05.12-11.23.56:574][910]LogWindows: Error: [Callstack] 0x00007ffd91d92e3c UE4Editor-Slate.dll!UnknownFunction []
[2019.05.12-11.23.56:574][910]LogWindows: Error: [Callstack] 0x00007ffd91cec3ee UE4Editor-Slate.dll!UnknownFunction []
[2019.05.12-11.23.56:574][910]LogWindows: Error: [Callstack] 0x00007ffd929a7496 UE4Editor-SlateCore.dll!UnknownFunction []
[2019.05.12-11.23.56:574][910]LogWindows: Error: [Callstack] 0x00007ffd929b01c5 UE4Editor-SlateCore.dll!UnknownFunction []
[2019.05.12-11.23.56:574][910]LogWindows: Error: [Callstack] 0x00007ffd929af39a UE4Editor-SlateCore.dll!UnknownFunction []
[2019.05.12-11.23.56:574][910]LogWindows: Error: [Callstack] 0x00007ffd929b00e7 UE4Editor-SlateCore.dll!UnknownFunction []
[2019.05.12-11.23.56:574][910]LogWindows: Error: [Callstack] 0x00007ffd929af39a UE4Editor-SlateCore.dll!UnknownFunction []
[2019.05.12-11.23.56:574][910]LogWindows: Error: [Callstack] 0x00007ffd929b00e7 UE4Editor-SlateCore.dll!UnknownFunction []
[2019.05.12-11.23.56:574][910]LogWindows: Error: [Callstack] 0x00007ffd929a7496 UE4Editor-SlateCore.dll!UnknownFunction []
[2019.05.12-11.23.56:574][910]LogWindows: Error: [Callstack] 0x00007ffd929b01c5 UE4Editor-SlateCore.dll!UnknownFunction []
[2019.05.12-11.23.56:574][910]LogWindows: Error: [Callstack] 0x00007ffd68b280b4 UE4Editor-PropertyEditor.dll!UnknownFunction []
[2019.05.12-11.23.56:574][910]LogWindows: Error: [Callstack] 0x00007ffd68bcbe17 UE4Editor-PropertyEditor.dll!UnknownFunction []
[2019.05.12-11.23.56:574][910]LogWindows: Error: [Callstack] 0x00007ffd68b27db9 UE4Editor-PropertyEditor.dll!UnknownFunction []
[2019.05.12-11.23.56:574][910]LogWindows: Error: [Callstack] 0x00007ffd68b4b3d4 UE4Editor-PropertyEditor.dll!UnknownFunction []
[2019.05.12-11.23.56:574][910]LogWindows: Error: [Callstack] 0x00007ffd68b27ba5 UE4Editor-PropertyEditor.dll!UnknownFunction []
[2019.05.12-11.23.56:574][910]LogWindows: Error: [Callstack] 0x00007ffd68b2786a UE4Editor-PropertyEditor.dll!UnknownFunction []
[2019.05.12-11.23.56:574][910]LogWindows: Error: [Callstack] 0x00007ffd68b4b2d4 UE4Editor-PropertyEditor.dll!UnknownFunction []
[2019.05.12-11.23.56:574][910]LogWindows: Error: [Callstack] 0x00007ffd68b0fdb6 UE4Editor-PropertyEditor.dll!UnknownFunction []
[2019.05.12-11.23.56:574][910]LogWindows: Error: [Callstack] 0x00007ffd68b27860 UE4Editor-PropertyEditor.dll!UnknownFunction []
[2019.05.12-11.23.56:574][910]LogWindows: Error: [Callstack] 0x00007ffd68b4b2d4 UE4Editor-PropertyEditor.dll!UnknownFunction []
[2019.05.12-11.23.56:574][910]LogWindows: Error: [Callstack] 0x00007ffd68b0fdb6 UE4Editor-PropertyEditor.dll!UnknownFunction []
[2019.05.12-11.23.56:574][910]LogWindows: Error: [Callstack] 0x00007ffd68b2746d UE4Editor-PropertyEditor.dll!UnknownFunction []
[2019.05.12-11.23.56:574][910]LogWindows: Error: [Callstack] 0x00007ffd68b4b194 UE4Editor-PropertyEditor.dll!UnknownFunction []
[2019.05.12-11.23.56:574][910]LogWindows: Error: [Callstack] 0x00007ffd68cefb11 UE4Editor-PropertyEditor.dll!UnknownFunction []
[2019.05.12-11.23.56:574][910]LogWindows: Error: [Callstack] 0x00007ffd68cbc5a9 UE4Editor-PropertyEditor.dll!UnknownFunction []
[2019.05.12-11.23.56:574][910]LogWindows: Error: [Callstack] 0x00007ffd68d6cff1 UE4Editor-PropertyEditor.dll!UnknownFunction []
[2019.05.12-11.23.56:574][910]LogWindows: Error: [Callstack] 0x00007ffd92a5de9d UE4Editor-SlateCore.dll!UnknownFunction []
[2019.05.12-11.23.56:574][910]LogWindows: Error: [Callstack] 0x00007ffd92a5c8a6 UE4Editor-SlateCore.dll!UnknownFunction []
[2019.05.12-11.23.56:574][910]LogWindows: Error: [Callstack] 0x00007ffd92a5e063 UE4Editor-SlateCore.dll!UnknownFunction []
[2019.05.12-11.23.56:574][910]LogWindows: Error: [Callstack] 0x00007ffd92a5ec31 UE4Editor-SlateCore.dll!UnknownFunction []
[2019.05.12-11.23.56:574][910]LogWindows: Error: [Callstack] 0x00007ffd92a5ca04 UE4Editor-SlateCore.dll!UnknownFunction []
[2019.05.12-11.23.56:574][910]LogWindows: Error: [Callstack] 0x00007ffd92a5e063 UE4Editor-SlateCore.dll!UnknownFunction []
[2019.05.12-11.23.56:574][910]LogWindows: Error: [Callstack] 0x00007ffd92a5c289 UE4Editor-SlateCore.dll!UnknownFunction []
[2019.05.12-11.23.56:574][910]LogWindows: Error: [Callstack] 0x00007ffd92a5e063 UE4Editor-SlateCore.dll!UnknownFunction []
[2019.05.12-11.23.56:574][910]LogWindows: Error: [Callstack] 0x00007ffd92a5ec31 UE4Editor-SlateCore.dll!UnknownFunction []
[2019.05.12-11.23.56:574][910]LogWindows: Error: [Callstack] 0x00007ffd92a5ca04 UE4Editor-SlateCore.dll!UnknownFunction []
[2019.05.12-11.23.56:574][910]LogWindows: Error: [Callstack] 0x00007ffd92a5e063 UE4Editor-SlateCore.dll!UnknownFunction []
[2019.05.12-11.23.56:574][910]LogWindows: Error: [Callstack] 0x00007ffd91def266 UE4Editor-Slate.dll!UnknownFunction []
[2019.05.12-11.23.56:574][910]LogWindows: Error: [Callstack] 0x00007ffd92a5e063 UE4Editor-SlateCore.dll!UnknownFunction []
[2019.05.12-11.23.56:574][910]LogWindows: Error: [Callstack] 0x00007ffd92a5ec31 UE4Editor-SlateCore.dll!UnknownFunction []
[2019.05.12-11.23.56:574][910]LogWindows: Error: [Callstack] 0x00007ffd92a5ca04 UE4Editor-SlateCore.dll!UnknownFunction []
[2019.05.12-11.23.56:574][910]LogWindows: Error: [Callstack] 0x00007ffd92a5e063 UE4Editor-SlateCore.dll!UnknownFunction []
[2019.05.12-11.23.56:574][910]LogWindows: Error: [Callstack] 0x00007ffd92a5c289 UE4Editor-SlateCore.dll!UnknownFunction []
[2019.05.12-11.23.56:574][910]LogWindows: Error: [Callstack] 0x00007ffd91deefcd UE4Editor-Slate.dll!UnknownFunction []
[2019.05.12-11.23.56:574][910]LogWindows: Error: [Callstack] 0x00007ffd92a5e063 UE4Editor-SlateCore.dll!UnknownFunction []
[2019.05.12-11.23.56:574][910]LogWindows: Error: [Callstack] 0x00007ffd92a5ec31 UE4Editor-SlateCore.dll!UnknownFunction []
[2019.05.12-11.23.56:574][910]LogWindows: Error: [Callstack] 0x00007ffd92a5ca04 UE4Editor-SlateCore.dll!UnknownFunction []
[2019.05.12-11.23.56:574][910]LogWindows: Error: [Callstack] 0x00007ffd92a5e063 UE4Editor-SlateCore.dll!UnknownFunction []
[2019.05.12-11.23.56:574][910]LogWindows: Error: [Callstack] 0x00007ffd92a5c289 UE4Editor-SlateCore.dll!UnknownFunction []
[2019.05.12-11.23.56:574][910]LogWindows: Error: [Callstack] 0x00007ffd92a5e063 UE4Editor-SlateCore.dll!UnknownFunction []
[2019.05.12-11.23.56:574][910]LogWindows: Error: [Callstack] 0x00007ffd92a5c289 UE4Editor-SlateCore.dll!UnknownFunction []
[2019.05.12-11.23.56:574][910]LogWindows: Error: [Callstack] 0x00007ffd91deefcd UE4Editor-Slate.dll!UnknownFunction []
[2019.05.12-11.23.56:574][910]LogWindows: Error: [Callstack] 0x00007ffd92a5e063 UE4Editor-SlateCore.dll!UnknownFunction []
[2019.05.12-11.23.56:574][910]LogWindows: Error: [Callstack] 0x00007ffd92a5c8a6 UE4Editor-SlateCore.dll!UnknownFunction []
[2019.05.12-11.23.56:574][910]LogWindows: Error: [Callstack] 0x00007ffd92a5e063 UE4Editor-SlateCore.dll!UnknownFunction []
[2019.05.12-11.23.56:574][910]LogWindows: Error: [Callstack] 0x00007ffd92a5ec31 UE4Editor-SlateCore.dll!UnknownFunction []
[2019.05.12-11.23.56:574][910]LogWindows: Error: [Callstack] 0x00007ffd92a5ca04 UE4Editor-SlateCore.dll!UnknownFunction []
[2019.05.12-11.23.56:574][910]LogWindows: Error: [Callstack] 0x00007ffd92a5e063 UE4Editor-SlateCore.dll!UnknownFunction []
[2019.05.12-11.23.56:574][910]LogWindows: Error: [Callstack] 0x00007ffd92a5c289 UE4Editor-SlateCore.dll!UnknownFunction []
[2019.05.12-11.23.56:574][910]LogWindows: Error: [Callstack] 0x00007ffd92a5e063 UE4Editor-SlateCore.dll!UnknownFunction []
[2019.05.12-11.23.56:574][910]LogWindows: Error: [Callstack] 0x00007ffd92a5ec31 UE4Editor-SlateCore.dll!UnknownFunction []
[2019.05.12-11.23.56:574][910]LogWindows: Error: [Callstack] 0x00007ffd91df438e UE4Editor-Slate.dll!UnknownFunction []
[2019.05.12-11.23.56:574][910]LogWindows: Error: [Callstack] 0x00007ffd92a5e063 UE4Editor-SlateCore.dll!UnknownFunction []
[2019.05.12-11.23.56:574][910]LogWindows: Error: [Callstack] 0x00007ffd92a5c289 UE4Editor-SlateCore.dll!UnknownFunction []
[2019.05.12-11.23.56:574][910]LogWindows: Error: [Callstack] 0x00007ffd92a5e063 UE4Editor-SlateCore.dll!UnknownFunction []
[2019.05.12-11.23.56:574][910]LogWindows: Error: [Callstack] 0x00007ffd92a5ec31 UE4Editor-SlateCore.dll!UnknownFunction []
[2019.05.12-11.23.56:574][910]LogWindows: Error: [Callstack] 0x00007ffd91df438e UE4Editor-Slate.dll!UnknownFunction []
[2019.05.12-11.23.56:575][910]LogWindows: Error: [Callstack] 0x00007ffd92a5e063 UE4Editor-SlateCore.dll!UnknownFunction []
[2019.05.12-11.23.56:575][910]LogWindows: Error: [Callstack] 0x00007ffd92a5c289 UE4Editor-SlateCore.dll!UnknownFunction []
[2019.05.12-11.23.56:575][910]LogWindows: Error: [Callstack] 0x00007ffd92a5e063 UE4Editor-SlateCore.dll!UnknownFunction []
[2019.05.12-11.23.56:575][910]LogWindows: Error: [Callstack] 0x00007ffd92a5ec31 UE4Editor-SlateCore.dll!UnknownFunction []
[2019.05.12-11.23.56:575][910]LogWindows: Error: [Callstack] 0x00007ffd91df438e UE4Editor-Slate.dll!UnknownFunction []
[2019.05.12-11.23.56:575][910]LogWindows: Error: [Callstack] 0x00007ffd92a5e063 UE4Editor-SlateCore.dll!UnknownFunction []
[2019.05.12-11.23.56:575][910]LogWindows: Error: [Callstack] 0x00007ffd92a5c8a6 UE4Editor-SlateCore.dll!UnknownFunction []
[2019.05.12-11.23.56:575][910]LogWindows: Error: [Callstack] 0x00007ffd92a5e063 UE4Editor-SlateCore.dll!UnknownFunction []
[2019.05.12-11.23.56:575][910]LogWindows: Error: [Callstack] 0x00007ffd92a5c289 UE4Editor-SlateCore.dll!UnknownFunction []
[2019.05.12-11.23.56:575][910]LogWindows: Error: [Callstack] 0x00007ffd92a5e063 UE4Editor-SlateCore.dll!UnknownFunction []
[2019.05.12-11.23.56:575][910]LogWindows: Error: [Callstack] 0x00007ffd92a5ec31 UE4Editor-SlateCore.dll!UnknownFunction []
[2019.05.12-11.23.56:575][910]LogWindows: Error: [Callstack] 0x00007ffd92a5ca04 UE4Editor-SlateCore.dll!UnknownFunction []
[2019.05.12-11.23.56:575][910]LogWindows: Error: [Callstack] 0x00007ffd92a5e063 UE4Editor-SlateCore.dll!UnknownFunction []
[2019.05.12-11.23.56:575][910]LogWindows: Error: [Callstack] 0x00007ffd92a5c289 UE4Editor-SlateCore.dll!UnknownFunction []
[2019.05.12-11.23.56:575][910]LogWindows: Error: [Callstack] 0x00007ffd92a5e063 UE4Editor-SlateCore.dll!UnknownFunction []
[2019.05.12-11.23.56:575][910]LogWindows: Error: [Callstack] 0x00007ffd92a5c289 UE4Editor-SlateCore.dll!UnknownFunction []
[2019.05.12-11.23.56:575][910]LogWindows: Error: [Callstack] 0x00007ffd91deefcd UE4Editor-Slate.dll!UnknownFunction []
[2019.05.12-11.23.56:575][910]LogWindows: Error: [Callstack] 0x00007ffd92a5e063 UE4Editor-SlateCore.dll!UnknownFunction []
[2019.05.12-11.23.56:575][910]LogWindows: Error: [Callstack] 0x00007ffd92a5c8a6 UE4Editor-SlateCore.dll!UnknownFunction []
[2019.05.12-11.23.56:575][910]LogWindows: Error: [Callstack] 0x00007ffd92a5e063 UE4Editor-SlateCore.dll!UnknownFunction []
[2019.05.12-11.23.56:575][910]LogWindows: Error: [Callstack] 0x00007ffd92a5ec31 UE4Editor-SlateCore.dll!UnknownFunction []
[2019.05.12-11.23.56:575][910]LogWindows: Error: [Callstack] 0x00007ffd92a5ca04 UE4Editor-SlateCore.dll!UnknownFunction []
[2019.05.12-11.23.56:575][910]LogWindows: Error: [Callstack] 0x00007ffd92a5e063 UE4Editor-SlateCore.dll!UnknownFunction []
[2019.05.12-11.23.56:575][910]LogWindows: Error: [Callstack] 0x00007ffd92a5c289 UE4Editor-SlateCore.dll!UnknownFunction []
[2019.05.12-11.23.56:575][910]LogWindows: Error: [Callstack] 0x00007ffd92a5e063 UE4Editor-SlateCore.dll!UnknownFunction []
[2019.05.12-11.23.56:575][910]LogWindows: Error: [Callstack] 0x00007ffd92a5ec31 UE4Editor-SlateCore.dll!UnknownFunction []
[2019.05.12-11.23.56:575][910]LogWindows: Error: [Callstack] 0x00007ffd91df438e UE4Editor-Slate.dll!UnknownFunction []
[2019.05.12-11.23.56:575][910]LogWindows: Error: [Callstack] 0x00007ffd92a5e063 UE4Editor-SlateCore.dll!UnknownFunction []
[2019.05.12-11.23.56:575][910]LogWindows: Error: 
[2019.05.12-11.23.56:585][910]LogExit: Executing StaticShutdownAfterError
[2019.05.12-11.23.56:589][910]LogWindows: FPlatformMisc::RequestExit(1)
[2019.05.12-11.23.56:596][910]Log file closed, 05/12/19 04:23:56
