Log file open, 05/14/19 14:15:08
LogWindows: Failed to load 'aqProf.dll' (GetLastError=126)
LogWindows: File 'aqProf.dll' does not exist
LogWindows: Failed to load 'VtuneApi.dll' (GetLastError=126)
LogWindows: File 'VtuneApi.dll' does not exist
LogWindows: Failed to load 'VtuneApi32e.dll' (GetLastError=126)
LogWindows: File 'VtuneApi32e.dll' does not exist
LogInit: Display: Running engine for game: KnightCrasher
LogPlatformFile: Not using cached read wrapper
LogTaskGraph: Started task graph with 5 named threads and 23 total threads with 3 sets of task threads.
LogStats: Stats thread started at 0.536114
LogD3D11RHI: Loaded GFSDK_Aftermath_Lib.x64.dll
LogICUInternationalization: Display: ICU TimeZone Detection - Raw Offset: -8:00, Platform Override: ''
LogPluginManager: Mounting plugin Paper2D
LogPluginManager: Mounting plugin AISupport
LogPluginManager: Mounting plugin LightPropagationVolume
LogPluginManager: Mounting plugin CLionSourceCodeAccess
LogPluginManager: Mounting plugin CodeLiteSourceCodeAccess
LogPluginManager: Mounting plugin GitSourceControl
LogPluginManager: Mounting plugin KDevelopSourceCodeAccess
LogPluginManager: Mounting plugin NullSourceCodeAccess
LogPluginManager: Mounting plugin PerforceSourceControl
LogPluginManager: Mounting plugin SubversionSourceControl
LogPluginManager: Mounting plugin UObjectPlugin
LogPluginManager: Mounting plugin VisualStudioCodeSourceCodeAccess
LogPluginManager: Mounting plugin VisualStudioSourceCodeAccess
LogPluginManager: Mounting plugin XCodeSourceCodeAccess
LogPluginManager: Mounting plugin AssetManagerEditor
LogPluginManager: Mounting plugin CryptoKeys
LogPluginManager: Mounting plugin DataValidation
LogPluginManager: Mounting plugin FacialAnimation
LogPluginManager: Mounting plugin GameplayTagsEditor
LogPluginManager: Mounting plugin MacGraphicsSwitching
LogPluginManager: Mounting plugin MeshEditor
LogPluginManager: Mounting plugin MobileLauncherProfileWizard
LogPluginManager: Mounting plugin PluginBrowser
LogPluginManager: Mounting plugin SpeedTreeImporter
LogPluginManager: Mounting plugin DatasmithContent
LogPluginManager: Mounting plugin AlembicImporter
LogPluginManager: Mounting plugin AppleImageUtils
LogPluginManager: Mounting plugin AppleVision
LogPluginManager: Mounting plugin BackChannel
LogPluginManager: Mounting plugin CharacterAI
LogPluginManager: Mounting plugin GeometryCache
LogPluginManager: Mounting plugin HTML5Networking
LogPluginManager: Mounting plugin ProxyLODPlugin
LogPluginManager: Mounting plugin MagicLeap
LogPluginManager: Mounting plugin MagicLeapEmulator
LogPluginManager: Mounting plugin MagicLeapMedia
LogPluginManager: Mounting plugin AndroidMedia
LogPluginManager: Mounting plugin AvfMedia
LogPluginManager: Mounting plugin ImgMedia
LogPluginManager: Mounting plugin LinearTimecode
LogPluginManager: Mounting plugin MediaCompositing
LogPluginManager: Mounting plugin MediaPlayerEditor
LogPluginManager: Mounting plugin WmfMedia
LogPluginManager: Mounting plugin TcpMessaging
LogPluginManager: Mounting plugin UdpMessaging
LogPluginManager: Mounting plugin ActorSequence
LogPluginManager: Mounting plugin LevelSequenceEditor
LogPluginManager: Mounting plugin MatineeToLevelSequence
LogPluginManager: Mounting plugin NetcodeUnitTest
LogPluginManager: Mounting plugin NUTUnrealEngine4
LogPluginManager: Mounting plugin OnlineSubsystemGooglePlay
LogPluginManager: Mounting plugin OnlineSubsystemIOS
LogPluginManager: Mounting plugin OnlineSubsystem
LogPluginManager: Mounting plugin OnlineSubsystemNull
LogPluginManager: Mounting plugin OnlineSubsystemUtils
LogPluginManager: Mounting plugin LauncherChunkInstaller
LogPluginManager: Mounting plugin AndroidDeviceProfileSelector
LogPluginManager: Mounting plugin AndroidMoviePlayer
LogPluginManager: Mounting plugin AndroidPermission
LogPluginManager: Mounting plugin AppleMoviePlayer
LogPluginManager: Mounting plugin ArchVisCharacter
LogPluginManager: Mounting plugin AudioCapture
LogPluginManager: Mounting plugin CableComponent
LogPluginManager: Mounting plugin CustomMeshComponent
LogPluginManager: Mounting plugin EditableMesh
LogPluginManager: Mounting plugin ExampleDeviceProfileSelector
LogPluginManager: Mounting plugin GoogleCloudMessaging
LogPluginManager: Mounting plugin ImmediatePhysics
LogPluginManager: Mounting plugin IOSDeviceProfileSelector
LogPluginManager: Mounting plugin LinuxDeviceProfileSelector
LogPluginManager: Mounting plugin LocationServicesBPLibrary
LogPluginManager: Mounting plugin MobilePatchingUtils
LogPluginManager: Mounting plugin OculusVR
LogPluginManager: Plugin shader directory ../../../Engine/Plugins/Runtime/Oculus/OculusVR/Shaders found
LogPluginManager: Mapping shader source directory ../../../Engine/Plugins/Runtime/Oculus/OculusVR/Shaders to virtual directory /Plugin/OculusVR
LogPluginManager: Mounting plugin PhysXVehicles
LogPluginManager: Mounting plugin ProceduralMeshComponent
LogPluginManager: Mounting plugin RuntimePhysXCooking
LogPluginManager: Mounting plugin SteamVR
LogPluginManager: Mounting plugin WindowsMoviePlayer
LogStreaming: Display: Took  0.099s to configure plugins.
LogInit: Using libcurl 7.55.1-DEV
LogInit:  - built for x86_64-pc-win32
LogInit:  - supports SSL with OpenSSL/1.0.2h
LogInit:  - supports HTTP deflate (compression) using libz 1.2.8
LogInit:  - other features:
LogInit:      CURL_VERSION_SSL
LogInit:      CURL_VERSION_LIBZ
LogInit:      CURL_VERSION_IPV6
LogInit:      CURL_VERSION_ASYNCHDNS
LogInit:      CURL_VERSION_LARGEFILE
LogInit:      CURL_VERSION_IDN
LogInit:  CurlRequestOptions (configurable via config and command line):
LogInit:  - bVerifyPeer = false  - Libcurl will NOT verify peer certificate
LogInit:  - bUseHttpProxy = false  - Libcurl will NOT use HTTP proxy
LogInit:  - bDontReuseConnections = false  - Libcurl will reuse connections
LogInit:  - CertBundlePath = nullptr  - Libcurl will use whatever was configured at build time.
LogInit:  - MaxHostConnections = 16  - Libcurl will limit the number of connections to a host
LogInit:  - LocalHostAddr = Default
LogInit:  - BufferSize = 65536
LogInit: WinSock: version 1.1 (2.2), MaxSocks=32767, MaxUdp=65467
LogInit: Build: ++UE4+Release-4.20-CL-4369336
LogInit: Engine Version: 4.20.3-4369336+++UE4+Release-4.20
LogInit: Compatible Engine Version: 4.20.0-4212847+++UE4+Release-4.20
LogInit: Net CL: 4212847
LogInit: OS: Windows 10 (), CPU: Intel(R) Core(TM) i7-6700K CPU @ 4.00GHz, GPU: Intel(R) HD Graphics 530
LogInit: Compiled (64-bit): Sep 17 2018 12:26:19
LogInit: Compiled with Visual C++: 19.13.26129.00
LogInit: Build Configuration: Development
LogInit: Branch Name: ++UE4+Release-4.20
LogInit: Command Line:  
LogInit: Base Directory: E:/Program Files/Epic Games/UE_4.20/Engine/Binaries/Win64/
LogInit: Installed Engine Build: 1
LogDevObjectVersion: Number of dev versions registered: 20
LogDevObjectVersion:   Dev-Blueprints (B0D832E4-1F89-4F0D-ACCF-7EB736FD4AA2): 10
LogDevObjectVersion:   Dev-Build (E1C64328-A22C-4D53-A36C-8E866417BD8C): 0
LogDevObjectVersion:   Dev-Core (375EC13C-06E4-48FB-B500-84F0262A717E): 2
LogDevObjectVersion:   Dev-Editor (E4B068ED-F494-42E9-A231-DA0B2E46BB41): 24
LogDevObjectVersion:   Dev-Framework (CFFC743F-43B0-4480-9391-14DF171D2073): 34
LogDevObjectVersion:   Dev-Mobile (B02B49B5-BB20-44E9-A304-32B752E40360): 2
LogDevObjectVersion:   Dev-Networking (A4E4105C-59A1-49B5-A7C5-40C4547EDFEE): 0
LogDevObjectVersion:   Dev-Online (39C831C9-5AE6-47DC-9A44-9C173E1C8E7C): 0
LogDevObjectVersion:   Dev-Physics (78F01B33-EBEA-4F98-B9B4-84EACCB95AA2): 0
LogDevObjectVersion:   Dev-Platform (6631380F-2D4D-43E0-8009-CF276956A95A): 0
LogDevObjectVersion:   Dev-Rendering (12F88B9F-8875-4AFC-A67C-D90C383ABD29): 26
LogDevObjectVersion:   Dev-Sequencer (7B5AE74C-D270-4C10-A958-57980B212A5A): 9
LogDevObjectVersion:   Dev-VR (D7296918-1DD6-4BDD-9DE2-64A83CC13884): 2
LogDevObjectVersion:   Dev-LoadTimes (C2A15278-BFE7-4AFE-6C17-90FF531DF755): 1
LogDevObjectVersion:   Private-Geometry (6EACA3D4-40EC-4CC1-B786-8BED09428FC5): 3
LogDevObjectVersion:   Dev-AnimPhys (29E575DD-E0A3-4627-9D10-D276232CDCEA): 17
LogDevObjectVersion:   Dev-ReflectionCapture (6B266CEC-1EC7-4B8F-A30B-E4D90942FC07): 1
LogDevObjectVersion:   Dev-Automation (0DF73D61-A23F-47EA-B727-89E90C41499A): 1
LogDevObjectVersion:   FortniteMain (601D1886-AC64-4F84-AA16-D3DE0DEAC7D6): 12
LogDevObjectVersion:   Dev-Enterprise (9DFFBCD6-494F-0158-E221-12823C92A888): 1
LogStreaming: Display: Took  0.006s to delete old logs.
LogInit: Presizing for max 8388607 objects, including 0 objects not considered by GC, pre-allocating 0 bytes for permanent pool.
LogInit: Object subsystem initialized
[2019.05.14-21.15.10:470][  0]LogInit: Selected Device Profile: [Windows]
[2019.05.14-21.15.10:470][  0]LogInit: Applying CVar settings loaded from the selected device profile: [Windows]
[2019.05.14-21.15.10:485][  0]LogHAL: Display: Platform has ~ 16 GB [17041506304 / 17179869184 / 16], which maps to Larger [LargestMinGB=32, LargerMinGB=12, DefaultMinGB=8, SmallerMinGB=6, SmallestMinGB=0)
[2019.05.14-21.15.10:485][  0]LogInit: Setting Device Profile CVar: [[r.Vulkan.UseRealUBs:1]]
[2019.05.14-21.15.10:485][  0]LogInit: Going up to parent DeviceProfile []
[2019.05.14-21.15.10:488][  0]LogInit: Computer: DESKTOP-11RD2JH
[2019.05.14-21.15.10:488][  0]LogInit: User: 97randy
[2019.05.14-21.15.10:488][  0]LogInit: CPU Page size=4096, Cores=4
[2019.05.14-21.15.10:488][  0]LogInit: High frequency timer resolution =10.000000 MHz
[2019.05.14-21.15.10:488][  0]LogMemory: Memory total: Physical=15.9GB (16GB approx)
[2019.05.14-21.15.10:488][  0]LogMemory: Platform Memory Stats for Windows
[2019.05.14-21.15.10:488][  0]LogMemory: Process Physical Memory: 103.20 MB used, 103.20 MB peak
[2019.05.14-21.15.10:488][  0]LogMemory: Process Virtual Memory: 93.25 MB used, 93.25 MB peak
[2019.05.14-21.15.10:488][  0]LogMemory: Physical Memory: 7128.45 MB used,  9123.60 MB free, 16252.05 MB total
[2019.05.14-21.15.10:488][  0]LogMemory: Virtual Memory: 4645.34 MB used,  9123.60 MB free, 134217728.00 MB total
[2019.05.14-21.15.10:763][  0]LogInit: Using OS detected language (en-US).
[2019.05.14-21.15.10:763][  0]LogInit: Using OS detected locale (en-US).
[2019.05.14-21.15.10:764][  0]LogTextLocalizationManager: No specific localization for 'en-US' exists, so the 'en' localization will be used.
[2019.05.14-21.15.11:119][  0]LogStreaming: Display: Took  0.356s to InitEngineTextLocalization.
[2019.05.14-21.15.11:119][  0]LogInit: Setting process to per monitor DPI aware
[2019.05.14-21.15.11:185][  0]LogSlate: New Slate User Created.  User Index 0, Is Virtual User: 0
[2019.05.14-21.15.11:185][  0]LogSlate: Slate User Registered.  User Index 0, Is Virtual User: 0
[2019.05.14-21.15.12:944][  0]LogHMD: Failed to initialize OpenVR with code 110
[2019.05.14-21.15.12:944][  0]LogD3D11RHI: D3D11 adapters:
[2019.05.14-21.15.12:984][  0]LogD3D11RHI:    0. 'NVIDIA GeForce GTX 1060 6GB' (Feature Level 11_0)
[2019.05.14-21.15.12:984][  0]LogD3D11RHI:       6061/0/8126 MB DedicatedVideo/DedicatedSystem/SharedSystem, Outputs:1, VendorId:0x10de
[2019.05.14-21.15.12:995][  0]LogD3D11RHI:    1. 'Intel(R) HD Graphics 530' (Feature Level 11_0)
[2019.05.14-21.15.12:995][  0]LogD3D11RHI:       128/0/8126 MB DedicatedVideo/DedicatedSystem/SharedSystem, Outputs:1, VendorId:0x8086
[2019.05.14-21.15.12:997][  0]LogD3D11RHI:    2. 'Microsoft Basic Render Driver' (Feature Level 11_0)
[2019.05.14-21.15.12:997][  0]LogD3D11RHI:       0/0/8126 MB DedicatedVideo/DedicatedSystem/SharedSystem, Outputs:0, VendorId:0x1414
[2019.05.14-21.15.12:997][  0]LogD3D11RHI: Chosen D3D11 Adapter: 0
[2019.05.14-21.15.13:003][  0]LogD3D11RHI: Creating new Direct3DDevice
[2019.05.14-21.15.13:003][  0]LogD3D11RHI:     GPU DeviceId: 0x1c03 (for the marketing name, search the web for "GPU Device Id")
[2019.05.14-21.15.13:003][  0]LogWindows: EnumDisplayDevices:
[2019.05.14-21.15.13:003][  0]LogWindows:    0. 'Intel(R) HD Graphics 530' (P:0 D:1)
[2019.05.14-21.15.13:004][  0]LogWindows:    1. 'Intel(R) HD Graphics 530' (P:0 D:0)
[2019.05.14-21.15.13:004][  0]LogWindows:    2. 'Intel(R) HD Graphics 530' (P:0 D:0)
[2019.05.14-21.15.13:004][  0]LogWindows:    3. 'NVIDIA GeForce GTX 1060 6GB' (P:1 D:1)
[2019.05.14-21.15.13:005][  0]LogWindows:    4. 'NVIDIA GeForce GTX 1060 6GB' (P:0 D:0)
[2019.05.14-21.15.13:005][  0]LogWindows:    5. 'NVIDIA GeForce GTX 1060 6GB' (P:0 D:0)
[2019.05.14-21.15.13:005][  0]LogWindows:    6. 'NVIDIA GeForce GTX 1060 6GB' (P:0 D:0)
[2019.05.14-21.15.13:006][  0]LogWindows: DebugString: PrimaryIsNotTheChoosenAdapter PrimaryIsNotTheChoosenAdapter PrimaryIsNotTheChoosenAdapter FoundDriverCount:4 
[2019.05.14-21.15.13:006][  0]LogD3D11RHI:     Adapter Name: NVIDIA GeForce GTX 1060 6GB
[2019.05.14-21.15.13:006][  0]LogD3D11RHI:   Driver Version: 388.13 (internal:23.21.13.8813, unified:388.13)
[2019.05.14-21.15.13:006][  0]LogD3D11RHI:      Driver Date: 10-27-2017
[2019.05.14-21.15.13:006][  0]LogRHI: Texture pool is 4242 MB (70% of 6061 MB)
[2019.05.14-21.15.13:033][  0]LogD3D11RHI: Async texture creation enabled
[2019.05.14-21.15.13:043][  0]LogD3D11RHI: GPU Timing Frequency: 1000.000000 (Debug: 2 1)
[2019.05.14-21.15.13:093][  0]LogShaderCompilers: Guid format shader working directory is -15 characters bigger than the processId version (D:/Users/97randy/Documents/GitHub/Knight-Crasher/KnightCrasher/Intermediate/Shaders/WorkingDirectory/16744/).
[2019.05.14-21.15.13:093][  0]LogShaderCompilers: Cleaned the shader compiler working directory 'C:/Users/97randy/AppData/Local/Temp/UnrealShaderWorkingDir/E9085A1B4905573943E7908B94A889CC/'.
[2019.05.14-21.15.13:574][  0]LogTemp: Display: Loaded TP AllDesktopTargetPlatform
[2019.05.14-21.15.13:608][  0]LogTemp: Display: Loaded TP MacClientTargetPlatform
[2019.05.14-21.15.13:628][  0]LogTemp: Display: Loaded TP MacNoEditorTargetPlatform
[2019.05.14-21.15.13:647][  0]LogTemp: Display: Loaded TP MacServerTargetPlatform
[2019.05.14-21.15.13:671][  0]LogTemp: Display: Loaded TP MacTargetPlatform
[2019.05.14-21.15.13:701][  0]LogTemp: Display: Loaded TP WindowsClientTargetPlatform
[2019.05.14-21.15.13:722][  0]LogTemp: Display: Loaded TP WindowsNoEditorTargetPlatform
[2019.05.14-21.15.13:742][  0]LogTemp: Display: Loaded TP WindowsServerTargetPlatform
[2019.05.14-21.15.13:755][  0]LogTemp: Display: Loaded TP WindowsTargetPlatform
[2019.05.14-21.15.13:862][  0]LogTemp: Display: Loaded TP AndroidTargetPlatform
[2019.05.14-21.15.13:862][  0]LogTemp: Display: Loaded TP AndroidTargetPlatform
[2019.05.14-21.15.13:862][  0]LogTemp: Display: Loaded TP AndroidTargetPlatform
[2019.05.14-21.15.13:862][  0]LogTemp: Display: Loaded TP AndroidTargetPlatform
[2019.05.14-21.15.13:862][  0]LogTemp: Display: Loaded TP AndroidTargetPlatform
[2019.05.14-21.15.13:862][  0]LogTemp: Display: Loaded TP AndroidTargetPlatform
[2019.05.14-21.15.13:862][  0]LogTemp: Display: Loaded TP AndroidTargetPlatform
[2019.05.14-21.15.13:862][  0]LogTemp: Display: Loaded TP AndroidTargetPlatform
[2019.05.14-21.15.13:862][  0]LogTemp: Display: Loaded TP AndroidTargetPlatform
[2019.05.14-21.15.13:862][  0]LogTemp: Display: Loaded TP AndroidTargetPlatform
[2019.05.14-21.15.13:862][  0]LogTemp: Display: Loaded TP AndroidTargetPlatform
[2019.05.14-21.15.13:862][  0]LogTemp: Display: Loaded TP AndroidTargetPlatform
[2019.05.14-21.15.13:862][  0]LogTemp: Display: Loaded TP AndroidTargetPlatform
[2019.05.14-21.15.13:862][  0]LogTemp: Display: Loaded TP AndroidTargetPlatform
[2019.05.14-21.15.13:862][  0]LogTemp: Display: Loaded TP AndroidTargetPlatform
[2019.05.14-21.15.13:862][  0]LogTemp: Display: Loaded TP AndroidTargetPlatform
[2019.05.14-21.15.13:862][  0]LogTemp: Display: Loaded TP AndroidTargetPlatform
[2019.05.14-21.15.13:862][  0]LogTemp: Display: Loaded TP AndroidTargetPlatform
[2019.05.14-21.15.13:880][  0]LogTemp: Display: Loaded TP HTML5TargetPlatform
[2019.05.14-21.15.14:007][  0]LogTemp: Display: Loaded TP IOSTargetPlatform
[2019.05.14-21.15.14:007][  0]LogTemp: Display: Loaded TP IOSTargetPlatform
[2019.05.14-21.15.14:050][  0]LogTemp: Display: Loaded TP TVOSTargetPlatform
[2019.05.14-21.15.14:051][  0]LogTemp: Display: Loaded TP TVOSTargetPlatform
[2019.05.14-21.15.14:082][  0]LogTemp: Display: Loaded TP LinuxClientTargetPlatform
[2019.05.14-21.15.14:110][  0]LogTemp: Display: Loaded TP LinuxNoEditorTargetPlatform
[2019.05.14-21.15.14:137][  0]LogTemp: Display: Loaded TP LinuxServerTargetPlatform
[2019.05.14-21.15.14:173][  0]LogTemp: Display: Loaded TP LinuxTargetPlatform
[2019.05.14-21.15.14:197][  0]LogTemp: Display: Loaded TP LuminTargetPlatform
[2019.05.14-21.15.14:197][  0]LogTargetPlatformManager: Display: Building Assets For Windows
[2019.05.14-21.15.14:726][  0]LogXGEController: Cleaning working directory: C:/Users/97randy/AppData/Local/Temp/UnrealXGEWorkingDir/
[2019.05.14-21.15.14:726][  0]LogXGEController: Cannot use XGE Controller as Incredibuild is not installed on this machine.
[2019.05.14-21.15.14:726][  0]LogShaderCompilers: Cannot use XGE Shader Compiler as Incredibuild is not installed on this machine.
[2019.05.14-21.15.14:726][  0]LogShaderCompilers: Display: Using Local Shader Compiler.
[2019.05.14-21.15.16:296][  0]LogDerivedDataCache: Display: Max Cache Size: 512 MB
[2019.05.14-21.15.16:348][  0]LogDerivedDataCache: Loaded boot cache 0.05s 71MB C:/Users/97randy/AppData/Local/UnrealEngine/4.20/DerivedDataCache/Boot.ddc.
[2019.05.14-21.15.16:348][  0]LogDerivedDataCache: Display: Loaded Boot cache: C:/Users/97randy/AppData/Local/UnrealEngine/4.20/DerivedDataCache/Boot.ddc
[2019.05.14-21.15.16:348][  0]LogDerivedDataCache: FDerivedDataBackendGraph:  Pak pak cache file D:/Users/97randy/Documents/GitHub/Knight-Crasher/KnightCrasher/DerivedDataCache/DDC.ddp not found, will not use a pak cache.
[2019.05.14-21.15.16:348][  0]LogDerivedDataCache: Unable to find inner node Pak for hierarchical cache Hierarchy.
[2019.05.14-21.15.16:348][  0]LogDerivedDataCache: FDerivedDataBackendGraph:  CompressedPak pak cache file D:/Users/97randy/Documents/GitHub/Knight-Crasher/KnightCrasher/DerivedDataCache/Compressed.ddp not found, will not use a pak cache.
[2019.05.14-21.15.16:348][  0]LogDerivedDataCache: Unable to find inner node CompressedPak for hierarchical cache Hierarchy.
[2019.05.14-21.15.16:370][  0]LogDerivedDataCache: Display: Pak cache opened for reading ../../../Engine/DerivedDataCache/Compressed.ddp.
[2019.05.14-21.15.16:383][  0]LogDerivedDataCache: Using Local data cache path C:/Users/97randy/AppData/Local/UnrealEngine/Common/DerivedDataCache: Writable
[2019.05.14-21.15.16:383][  0]LogDerivedDataCache: Shared data cache path not found in *engine.ini, will not use an Shared cache.
[2019.05.14-21.15.16:383][  0]LogDerivedDataCache: Unable to find inner node Shared for hierarchical cache Hierarchy.
[2019.05.14-21.15.16:399][  0]LogMaterial: Verifying Global Shaders for PCD3D_SM5
[2019.05.14-21.15.16:400][  0]LogSlate: Using FreeType 2.6.0
[2019.05.14-21.15.16:413][  0]LogSlate: SlateFontServices - WITH_FREETYPE: 1, WITH_HARFBUZZ: 1
[2019.05.14-21.15.16:613][  0]LogAssetRegistry: FAssetRegistry took 0.0263 seconds to start up
[2019.05.14-21.15.16:903][  0]LogInit: Selected Device Profile: [Windows]
[2019.05.14-21.15.17:303][  0]LogSimplygon: Simplygon DLL not present - disabling.
[2019.05.14-21.15.17:362][  0]LogMeshReduction: Using SimplygonSwarm for distributed automatic mesh merging
[2019.05.14-21.15.17:362][  0]LogMeshReduction: Using ProxyLODMeshReduction for automatic mesh merging
[2019.05.14-21.15.17:362][  0]LogMeshReduction: Using QuadricMeshReduction for automatic static mesh reduction
[2019.05.14-21.15.17:362][  0]LogMeshReduction: No automatic skeletal mesh reduction module available
[2019.05.14-21.15.17:379][  0]LogNetVersion: KnightCrasher 1.0.0, NetCL: 4212847, EngineNetVer: 5, GameNetVer: 0 (Checksum: 588298797)
[2019.05.14-21.15.17:844][  0]LogPackageLocalizationCache: Processed 11 localized package path(s) for 2 prioritized culture(s) in 0.097886 seconds
[2019.05.14-21.15.17:850][  0]LogUObjectArray: 38425 objects as part of root set at end of initial load.
[2019.05.14-21.15.17:850][  0]LogUObjectAllocator: 6690872 out of 0 bytes used by permanent object pool.
[2019.05.14-21.15.17:850][  0]LogUObjectArray: CloseDisregardForGC: 0/0 objects in disregard for GC pool
[2019.05.14-21.15.21:533][  0]LogTcpMessaging: Initializing TcpMessaging bridge
[2019.05.14-21.15.21:575][  0]LogUdpMessaging: Initializing bridge on interface 0.0.0.0:0 to multicast group 230.0.0.1:6666.
[2019.05.14-21.15.22:167][  0]SourceControl: Source control is disabled
[2019.05.14-21.15.22:167][  0]SourceControl: Source control is disabled
[2019.05.14-21.15.22:211][  0]SourceControl: Source control is disabled
[2019.05.14-21.15.22:238][  0]SourceControl: Source control is disabled
[2019.05.14-21.15.23:249][  0]LogAndroidPermission: UAndroidPermissionCallbackProxy::GetInstance
[2019.05.14-21.15.23:515][  0]LogOcInput: OculusInput pre-init called
[2019.05.14-21.15.23:750][  0]LogEngine: Initializing Engine...
[2019.05.14-21.15.23:750][  0]LogHMD: Failed to initialize OpenVR with code 110
[2019.05.14-21.15.23:752][  0]LogStats: UGameplayTagsManager::ConstructGameplayTagTree: ImportINI prefixes -  0.000 s
[2019.05.14-21.15.23:752][  0]LogStats: UGameplayTagsManager::ConstructGameplayTagTree: Construct from data asset -  0.000 s
[2019.05.14-21.15.23:752][  0]LogStats: UGameplayTagsManager::ConstructGameplayTagTree: ImportINI -  0.000 s
[2019.05.14-21.15.23:752][  0]LogStats: UGameplayTagsManager::ConstructGameplayTagTree: GameplayTagTreeChangedEvent.Broadcast -  0.000 s
[2019.05.14-21.15.23:946][  0]LogInit: Initializing FReadOnlyCVARCache
[2019.05.14-21.15.23:983][  0]LogAIModule: Creating AISystem for world Untitled
[2019.05.14-21.15.24:008][  0]LogInit: XAudio2 using 'Speakers (Realtek High Definition Audio)' : 2 channels at 48 kHz using 32 bits per sample (channel mask 0x3)
[2019.05.14-21.15.24:051][  0]LogInit: FAudioDevice initialized.
[2019.05.14-21.15.24:051][  0]LogNetVersion: Set ProjectVersion to 1.0.0.0. Version Checksum will be recalculated on next use.
[2019.05.14-21.15.24:128][  0]LogDerivedDataCache: Saved boot cache 0.08s 71MB C:/Users/97randy/AppData/Local/UnrealEngine/4.20/DerivedDataCache/Boot.ddc.
[2019.05.14-21.15.24:139][  0]LogInit: Texture streaming: Enabled
[2019.05.14-21.15.24:245][  0]LogEngineSessionManager: EngineSessionManager initialized
[2019.05.14-21.15.24:277][  0]LogInit: Transaction tracking system initialized
[2019.05.14-21.15.24:420][  0]BlueprintLog: New page: Editor Load
[2019.05.14-21.15.25:088][  0]LocalizationService: Localization service is disabled
[2019.05.14-21.15.25:787][  0]LogCook: Display: Max memory allowance for cook 16384mb min free memory 0mb
[2019.05.14-21.15.25:787][  0]LogCook: Display: Mobile HDR setting 1
[2019.05.14-21.15.25:787][  0]LogGameplayTags: Display: UGameplayTagsManager::DoneAddingNativeTags. DelegateIsBound: 0
[2019.05.14-21.15.25:787][  0]LogStats: UGameplayTagsManager::ConstructGameplayTagTree: ImportINI prefixes -  0.000 s
[2019.05.14-21.15.25:787][  0]LogStats: UGameplayTagsManager::ConstructGameplayTagTree: Construct from data asset -  0.000 s
[2019.05.14-21.15.25:787][  0]LogStats: UGameplayTagsManager::ConstructGameplayTagTree: ImportINI -  0.000 s
[2019.05.14-21.15.25:787][  0]LogStats: UGameplayTagsManager::ConstructGameplayTagTree: GameplayTagTreeChangedEvent.Broadcast -  0.000 s
[2019.05.14-21.15.26:544][  0]LogFileCache: Scanning file cache for directory 'D:/Users/97randy/Documents/GitHub/Knight-Crasher/KnightCrasher/Content/' took 0.03s
[2019.05.14-21.15.26:544][  0]SourceControl: Source control is disabled
[2019.05.14-21.15.26:544][  0]Cmd: MAP LOAD FILE="D:/Users/97randy/Documents/GitHub/Knight-Crasher/KnightCrasher/Content/KnightCrasher/Maps/Intro_Map.umap" TEMPLATE=0 SHOWPROGRESS=1 FEATURELEVEL=3
[2019.05.14-21.15.26:545][  0]LightingResults: New page: Lighting Build
[2019.05.14-21.15.26:547][  0]MapCheck: New page: Map Check
[2019.05.14-21.15.26:547][  0]LightingResults: New page: Lighting Build
[2019.05.14-21.15.29:382][  0]LogAIModule: Creating AISystem for world Intro_Map
[2019.05.14-21.15.29:411][  0]LogEditorServer: Finished looking for orphan Actors (0.000 secs)
[2019.05.14-21.15.29:437][  0]Cmd: MAP CHECKDEP NOCLEARLOG
[2019.05.14-21.15.29:542][  0]MapCheck: Map check complete: 0 Error(s), 0 Warning(s), took 103.31ms to complete.
[2019.05.14-21.15.29:542][  0]LogFileHelpers: Loading map 'Intro_Map' took 2.997
[2019.05.14-21.15.29:645][  0]LogSlate: Updating window title bar state: overlay mode, drag disabled, window buttons hidden, title bar hidden
[2019.05.14-21.15.29:652][  0]LogSlate: Updating window title bar state: overlay mode, drag disabled, window buttons hidden, title bar hidden
[2019.05.14-21.15.29:659][  0]LogSlate: Updating window title bar state: overlay mode, drag disabled, window buttons hidden, title bar hidden
[2019.05.14-21.15.29:665][  0]LogSlate: Updating window title bar state: overlay mode, drag disabled, window buttons hidden, title bar hidden
[2019.05.14-21.15.29:685][  0]LogCollectionManager: Loaded 0 collections in 0.001340 seconds
[2019.05.14-21.15.29:728][  0]LogFileCache: Scanning file cache for directory 'D:/Users/97randy/Documents/GitHub/Knight-Crasher/KnightCrasher/Saved/Collections/' took 0.01s
[2019.05.14-21.15.29:728][  0]LogFileCache: Scanning file cache for directory 'D:/Users/97randy/Documents/GitHub/Knight-Crasher/KnightCrasher/Content/Developers/97randy/Collections/' took 0.01s
[2019.05.14-21.15.29:728][  0]LogFileCache: Scanning file cache for directory 'D:/Users/97randy/Documents/GitHub/Knight-Crasher/KnightCrasher/Content/Collections/' took 0.01s
[2019.05.14-21.15.29:728][  0]LogCollectionManager: Rebuilt the GUID cache for 0 collections in 0.000000 seconds
[2019.05.14-21.15.29:735][  0]LogContentBrowser: Native class hierarchy populated in 0.0073 seconds. Added 2572 classes and 603 folders.
[2019.05.14-21.15.29:741][  0]LogContentBrowser: Native class hierarchy updated for 'WidgetCarousel' in 0.0002 seconds. Added 0 classes and 0 folders.
[2019.05.14-21.15.29:989][  0]LogContentBrowser: Native class hierarchy updated for 'AddContentDialog' in 0.0002 seconds. Added 0 classes and 0 folders.
[2019.05.14-21.15.30:025][  0]LogContentBrowser: Native class hierarchy updated for 'SceneOutliner' in 0.0003 seconds. Added 1 classes and 2 folders.
[2019.05.14-21.15.30:097][  0]LogSlate: Took 0.002915 seconds to synchronously load lazily loaded font '../../../Engine/Content/Slate/Fonts/Roboto-Regular.ttf' (155K)
[2019.05.14-21.15.30:102][  0]LogSlate: Took 0.003420 seconds to synchronously load lazily loaded font '../../../Engine/Content/Slate/Fonts/Roboto-Bold.ttf' (160K)
[2019.05.14-21.15.30:111][  0]LogSlate: Took 0.004401 seconds to synchronously load lazily loaded font '../../../Engine/Content/Editor/Slate/Fonts/FontAwesome.ttf' (139K)
[2019.05.14-21.15.30:201][  0]LogRenderer: Reallocating scene render targets to support 1208x540 Format 10 NumSamples 1 (Frame:1).
[2019.05.14-21.15.30:363][  0]LogContentBrowser: Native class hierarchy updated for 'HierarchicalLODOutliner' in 0.0003 seconds. Added 0 classes and 0 folders.
[2019.05.14-21.15.30:363][  0]LogLoad: (Engine Initialization) Total time: 24.81 seconds
[2019.05.14-21.15.30:363][  0]LogLoad: (Engine Initialization) Total Blueprint compile time: 0.00 seconds
[2019.05.14-21.15.30:411][  0]LogContentStreaming: Texture pool size now 1000 MB
[2019.05.14-21.15.30:447][  0]LogSlate: Took 0.003785 seconds to synchronously load lazily loaded font '../../../Engine/Content/Slate/Fonts/Roboto-Light.ttf' (167K)
[2019.05.14-21.15.30:534][  2]LogAssetRegistry: Asset discovery search completed in 13.9429 seconds
[2019.05.14-21.15.30:535][  2]LogCollectionManager: Rebuilt the object cache for 0 collections in 0.000000 seconds (found 0 objects)
[2019.05.14-21.15.30:535][  2]LogCollectionManager: Fixed up redirectors for 0 collections in 0.000051 seconds (updated 0 objects)
[2019.05.14-21.15.48:279][ 55]LogSlate: FSceneViewport::OnFocusLost() reason 0
[2019.05.14-21.15.48:280][ 55]LogTemp: Repeating last play command: New Editor Window (PIE)
[2019.05.14-21.15.48:296][ 55]LogPlayLevel: PlayLevel: No blueprints needed recompiling
[2019.05.14-21.15.48:308][ 55]PIE: New page: PIE session: Intro_Map (May 14, 2019, 7:15:48 AM)
[2019.05.14-21.15.48:309][ 55]LogPlayLevel: Creating play world package: /Game/KnightCrasher/Maps/UEDPIE_0_Intro_Map
[2019.05.14-21.15.48:329][ 55]LogPlayLevel: PIE: StaticDuplicateObject took: (0.020363s)
[2019.05.14-21.15.48:330][ 55]LogAIModule: Creating AISystem for world Intro_Map
[2019.05.14-21.15.48:330][ 55]LogPlayLevel: PIE: World Init took: (0.000681s)
[2019.05.14-21.15.48:330][ 55]LogPlayLevel: PIE: Created PIE world by copying editor world from /Game/KnightCrasher/Maps/Intro_Map.Intro_Map to /Game/KnightCrasher/Maps/UEDPIE_0_Intro_Map.Intro_Map (0.021262s)
[2019.05.14-21.15.48:364][ 55]LogInit: XAudio2 using 'Speakers (Realtek High Definition Audio)' : 2 channels at 48 kHz using 32 bits per sample (channel mask 0x3)
[2019.05.14-21.15.48:401][ 55]LogInit: FAudioDevice initialized.
[2019.05.14-21.15.48:412][ 55]LogSlate: Updating window title bar state: overlay mode, drag disabled, window buttons hidden, title bar hidden
[2019.05.14-21.15.48:463][ 55]LogLoad: Game class is 'KnightCrasher_Gamemode_C'
[2019.05.14-21.15.48:473][ 55]LogWorld: Bringing World /Game/KnightCrasher/Maps/UEDPIE_0_Intro_Map.Intro_Map up for play (max tick rate 0) at 2019.05.14-14.15.48
[2019.05.14-21.15.48:475][ 55]LogWorld: Bringing up level for play took: 0.010772
[2019.05.14-21.15.48:491][ 55]LogContentBrowser: Native class hierarchy updated for 'MovieSceneCapture' in 0.0002 seconds. Added 10 classes and 0 folders.
[2019.05.14-21.15.48:499][ 55]PIE: Play in editor start time for /Game/KnightCrasher/Maps/UEDPIE_0_Intro_Map -0.663
[2019.05.14-21.15.48:538][ 55]LogRenderer: Reallocating scene render targets to support 1292x756 Format 10 NumSamples 1 (Frame:1).
[2019.05.14-21.15.49:546][139]LogSlate: Updating window title bar state: overlay mode, drag disabled, window buttons hidden, title bar hidden
[2019.05.14-21.15.49:562][139]LogSlate: Window 'KnightCrasher Game Preview Standalone (64-bit/PCD3D_SM5)' being destroyed
[2019.05.14-21.15.49:595][139]LogPlayLevel: Display: Shutting down PIE online subsystems
[2019.05.14-21.15.49:665][141]LogPlayLevel: Display: Destroying online subsystem :Context_1
[2019.05.14-21.15.58:621][508]LogTemp: Repeating last play command: New Editor Window (PIE)
[2019.05.14-21.15.58:637][508]LogPlayLevel: PlayLevel: No blueprints needed recompiling
[2019.05.14-21.15.58:637][508]PIE: New page: PIE session: Intro_Map (May 14, 2019, 7:15:58 AM)
[2019.05.14-21.15.58:637][508]LogPlayLevel: Creating play world package: /Game/KnightCrasher/Maps/UEDPIE_0_Intro_Map
[2019.05.14-21.15.58:655][508]LogPlayLevel: PIE: StaticDuplicateObject took: (0.017283s)
[2019.05.14-21.15.58:656][508]LogAIModule: Creating AISystem for world Intro_Map
[2019.05.14-21.15.58:656][508]LogPlayLevel: PIE: World Init took: (0.000834s)
[2019.05.14-21.15.58:657][508]LogPlayLevel: PIE: Created PIE world by copying editor world from /Game/KnightCrasher/Maps/Intro_Map.Intro_Map to /Game/KnightCrasher/Maps/UEDPIE_0_Intro_Map.Intro_Map (0.018390s)
[2019.05.14-21.15.58:689][508]LogInit: XAudio2 using 'Speakers (Realtek High Definition Audio)' : 2 channels at 48 kHz using 32 bits per sample (channel mask 0x3)
[2019.05.14-21.15.58:726][508]LogInit: FAudioDevice initialized.
[2019.05.14-21.15.58:733][508]LogSlate: Updating window title bar state: overlay mode, drag disabled, window buttons hidden, title bar hidden
[2019.05.14-21.15.58:771][508]LogLoad: Game class is 'KnightCrasher_Gamemode_C'
[2019.05.14-21.15.58:784][508]LogWorld: Bringing World /Game/KnightCrasher/Maps/UEDPIE_0_Intro_Map.Intro_Map up for play (max tick rate 0) at 2019.05.14-14.15.58
[2019.05.14-21.15.58:785][508]LogWorld: Bringing up level for play took: 0.012447
[2019.05.14-21.15.58:801][508]PIE: Play in editor start time for /Game/KnightCrasher/Maps/UEDPIE_0_Intro_Map -0.361
[2019.05.14-21.16.02:902][721]LogSlate: Updating window title bar state: overlay mode, drag disabled, window buttons hidden, title bar hidden
[2019.05.14-21.16.02:922][721]LogSlate: Window 'KnightCrasher Game Preview Standalone (64-bit/PCD3D_SM5)' being destroyed
[2019.05.14-21.16.02:956][721]LogPlayLevel: Display: Shutting down PIE online subsystems
[2019.05.14-21.16.03:012][723]LogPlayLevel: Display: Destroying online subsystem :Context_2
[2019.05.14-21.16.06:194][791]LogTemp: Repeating last play command: New Editor Window (PIE)
[2019.05.14-21.16.06:212][791]LogPlayLevel: PlayLevel: No blueprints needed recompiling
[2019.05.14-21.16.06:212][791]PIE: New page: PIE session: Intro_Map (May 14, 2019, 7:16:06 AM)
[2019.05.14-21.16.06:213][791]LogPlayLevel: Creating play world package: /Game/KnightCrasher/Maps/UEDPIE_0_Intro_Map
[2019.05.14-21.16.06:229][791]LogPlayLevel: PIE: StaticDuplicateObject took: (0.016596s)
[2019.05.14-21.16.06:230][791]LogAIModule: Creating AISystem for world Intro_Map
[2019.05.14-21.16.06:230][791]LogPlayLevel: PIE: World Init took: (0.000641s)
[2019.05.14-21.16.06:230][791]LogPlayLevel: PIE: Created PIE world by copying editor world from /Game/KnightCrasher/Maps/Intro_Map.Intro_Map to /Game/KnightCrasher/Maps/UEDPIE_0_Intro_Map.Intro_Map (0.017405s)
[2019.05.14-21.16.06:266][791]LogInit: XAudio2 using 'Speakers (Realtek High Definition Audio)' : 2 channels at 48 kHz using 32 bits per sample (channel mask 0x3)
[2019.05.14-21.16.06:304][791]LogInit: FAudioDevice initialized.
[2019.05.14-21.16.06:313][791]LogSlate: Updating window title bar state: overlay mode, drag disabled, window buttons hidden, title bar hidden
[2019.05.14-21.16.06:351][791]LogLoad: Game class is 'KnightCrasher_Gamemode_C'
[2019.05.14-21.16.06:363][791]LogWorld: Bringing World /Game/KnightCrasher/Maps/UEDPIE_0_Intro_Map.Intro_Map up for play (max tick rate 0) at 2019.05.14-14.16.06
[2019.05.14-21.16.06:364][791]LogWorld: Bringing up level for play took: 0.011994
[2019.05.14-21.16.06:384][791]PIE: Play in editor start time for /Game/KnightCrasher/Maps/UEDPIE_0_Intro_Map -0.779
[2019.05.14-21.16.14:411][732]LogSlate: FSceneViewport::OnFocusLost() reason 2
[2019.05.14-21.16.29:788][561]LogSlate: FSceneViewport::OnFocusLost() reason 0
[2019.05.14-21.16.29:904][570]LogRenderer: Reallocating scene render targets to support 1920x1016 Format 10 NumSamples 1 (Frame:1761).
[2019.05.14-21.16.41:184][652]LogSlate: Updating window title bar state: overlay mode, drag disabled, window buttons hidden, title bar hidden
[2019.05.14-21.16.41:201][652]LogSlate: Window 'KnightCrasher Game Preview Standalone (64-bit/PCD3D_SM5)' being destroyed
[2019.05.14-21.16.41:236][652]LogPlayLevel: Display: Shutting down PIE online subsystems
[2019.05.14-21.16.41:523][653]LogPlayLevel: Display: Destroying online subsystem :Context_3
[2019.05.14-21.16.45:225][820]LogSlate: Took 0.000178 seconds to synchronously load lazily loaded font '../../../Engine/Content/Slate/Fonts/Roboto-Light.ttf' (167K)
[2019.05.14-21.16.45:631][820]LogAIModule: Creating AISystem for world MainMenu_Map
[2019.05.14-21.16.45:640][820]LogAssetEditorManager: Opening Asset editor for World /Game/KnightCrasher/Maps/MainMenu_Map.MainMenu_Map
[2019.05.14-21.16.45:663][820]Cmd: MAP LOAD FILE="D:/Users/97randy/Documents/GitHub/Knight-Crasher/KnightCrasher/Content/KnightCrasher/Maps/MainMenu_Map.umap" TEMPLATE=0 SHOWPROGRESS=1 FEATURELEVEL=3
[2019.05.14-21.16.45:663][820]LightingResults: New page: Lighting Build
[2019.05.14-21.16.45:664][820]LoadErrors: New page: Loading map: MainMenu_Map.umap
[2019.05.14-21.16.45:667][820]MapCheck: New page: Map Check
[2019.05.14-21.16.45:667][820]LightingResults: New page: Lighting Build
[2019.05.14-21.16.45:801][820]LogEditorServer: Finished looking for orphan Actors (0.000 secs)
[2019.05.14-21.16.45:869][820]Cmd: MAP CHECKDEP NOCLEARLOG
[2019.05.14-21.16.45:987][820]MapCheck: Map check complete: 0 Error(s), 0 Warning(s), took 117.766ms to complete.
[2019.05.14-21.16.45:987][820]LogFileHelpers: Loading map 'MainMenu_Map' took 0.325
[2019.05.14-21.16.47:416][983]LogTemp: Repeating last play command: New Editor Window (PIE)
[2019.05.14-21.16.47:432][983]LogPlayLevel: PlayLevel: No blueprints needed recompiling
[2019.05.14-21.16.47:432][983]PIE: New page: PIE session: MainMenu_Map (May 14, 2019, 7:16:47 AM)
[2019.05.14-21.16.47:432][983]LogPlayLevel: Creating play world package: /Game/KnightCrasher/Maps/UEDPIE_0_MainMenu_Map
[2019.05.14-21.16.47:436][983]LogPlayLevel: PIE: StaticDuplicateObject took: (0.003835s)
[2019.05.14-21.16.47:437][983]LogAIModule: Creating AISystem for world MainMenu_Map
[2019.05.14-21.16.47:437][983]LogPlayLevel: PIE: World Init took: (0.000684s)
[2019.05.14-21.16.47:437][983]LogPlayLevel: PIE: Created PIE world by copying editor world from /Game/KnightCrasher/Maps/MainMenu_Map.MainMenu_Map to /Game/KnightCrasher/Maps/UEDPIE_0_MainMenu_Map.MainMenu_Map (0.004653s)
[2019.05.14-21.16.47:469][983]LogInit: XAudio2 using 'Speakers (Realtek High Definition Audio)' : 2 channels at 48 kHz using 32 bits per sample (channel mask 0x3)
[2019.05.14-21.16.47:504][983]LogInit: FAudioDevice initialized.
[2019.05.14-21.16.47:512][983]LogSlate: Updating window title bar state: overlay mode, drag disabled, window buttons hidden, title bar hidden
[2019.05.14-21.16.47:551][983]LogLoad: Game class is 'MainMenu_Gamemode_C'
[2019.05.14-21.16.47:554][983]LogWorld: Bringing World /Game/KnightCrasher/Maps/UEDPIE_0_MainMenu_Map.MainMenu_Map up for play (max tick rate 0) at 2019.05.14-14.16.47
[2019.05.14-21.16.47:555][983]LogWorld: Bringing up level for play took: 0.003375
[2019.05.14-21.16.47:571][983]PIE: Play in editor start time for /Game/KnightCrasher/Maps/UEDPIE_0_MainMenu_Map 0.409
[2019.05.14-21.17.00:424][493]LogNet: Browse: /Game/KnightCrasher/Maps/Intro_Map
[2019.05.14-21.17.00:425][493]LogLoad: LoadMap: /Game/KnightCrasher/Maps/Intro_Map
[2019.05.14-21.17.01:820][493]LogAIModule: Creating AISystem for world Intro_Map
[2019.05.14-21.17.01:820][493]LogLoad: Game class is 'KnightCrasher_Gamemode_C'
[2019.05.14-21.17.01:843][493]LogWorld: Bringing World /Game/KnightCrasher/Maps/UEDPIE_0_Intro_Map.Intro_Map up for play (max tick rate 0) at 2019.05.14-14.17.01
[2019.05.14-21.17.01:843][493]LogWorld: Bringing up level for play took: 0.022851
[2019.05.14-21.17.01:847][493]LogLoad: Took 1.421982 seconds to LoadMap(/Game/KnightCrasher/Maps/Intro_Map)
[2019.05.14-21.17.14:786][  4]LogSlate: FSceneViewport::OnFocusLost() reason 0
[2019.05.14-21.17.20:929][731]LogBlueprintUserMessages: [CH_Knight_C_0] player is dead
[2019.05.14-21.17.25:285][251]LogSlate: FSceneViewport::OnFocusLost() reason 0
[2019.05.14-21.17.25:285][251]LogNet: Browse: /Game/KnightCrasher/Maps/MainMenu_Map
[2019.05.14-21.17.25:285][251]LogLoad: LoadMap: /Game/KnightCrasher/Maps/MainMenu_Map
[2019.05.14-21.17.25:310][251]LogPlayLevel: Creating play world package: /Game/KnightCrasher/Maps/UEDPIE_0_MainMenu_Map
[2019.05.14-21.17.25:313][251]LogPlayLevel: PIE: StaticDuplicateObject took: (0.003777s)
[2019.05.14-21.17.25:314][251]LogAIModule: Creating AISystem for world MainMenu_Map
[2019.05.14-21.17.25:314][251]LogPlayLevel: PIE: World Init took: (0.000796s)
[2019.05.14-21.17.25:314][251]LogPlayLevel: PIE: Created PIE world by copying editor world from /Game/KnightCrasher/Maps/MainMenu_Map.MainMenu_Map to /Game/KnightCrasher/Maps/UEDPIE_0_MainMenu_Map.MainMenu_Map (0.004801s)
[2019.05.14-21.17.25:314][251]LogLoad: Game class is 'MainMenu_Gamemode_C'
[2019.05.14-21.17.25:318][251]LogWorld: Bringing World /Game/KnightCrasher/Maps/UEDPIE_0_MainMenu_Map.MainMenu_Map up for play (max tick rate 0) at 2019.05.14-14.17.25
[2019.05.14-21.17.25:319][251]LogWorld: Bringing up level for play took: 0.003328
[2019.05.14-21.17.25:320][251]LogLoad: Took 0.034724 seconds to LoadMap(/Game/KnightCrasher/Maps/UEDPIE_0_MainMenu_Map)
[2019.05.14-21.17.33:240][195]LogSlate: Window 'KnightCrasher Game Preview Standalone (64-bit/PCD3D_SM5)' being destroyed
[2019.05.14-21.17.33:277][195]LogPlayLevel: Display: Shutting down PIE online subsystems
[2019.05.14-21.17.33:329][197]LogPlayLevel: Display: Destroying online subsystem :Context_4
[2019.05.14-21.17.38:424][758]LogSlate: Window 'KnightCrasher - Unreal Editor' being destroyed
[2019.05.14-21.17.38:425][758]LogWindowsTextInputMethodSystem: Display: IME system now deactivated.
[2019.05.14-21.17.38:611][759]Cmd: QUIT_EDITOR
[2019.05.14-21.17.38:940][759]LogExit: Preparing to exit.
[2019.05.14-21.17.39:676][759]LogExit: Editor shut down
[2019.05.14-21.17.39:676][759]LogExit: Transaction tracking system shut down
[2019.05.14-21.17.40:459][759]LogExit: Object subsystem successfully closed.
[2019.05.14-21.17.40:483][759]LogShaderCompilers: Display: Shaders left to compile 0
[2019.05.14-21.17.40:486][759]LogD3D11RHI: Shutdown
[2019.05.14-21.17.40:486][759]LogD3D11RHI: CleanupD3DDevice
[2019.05.14-21.17.40:487][759]LogD3D11RHI: ~FD3D11DynamicRHI
[2019.05.14-21.17.40:495][759]LogModuleManager: Shutting down and abandoning module MovieSceneCapture (614)
[2019.05.14-21.17.40:495][759]LogModuleManager: Shutting down and abandoning module Voice (612)
[2019.05.14-21.17.40:495][759]LogModuleManager: Shutting down and abandoning module HierarchicalLODOutliner (610)
[2019.05.14-21.17.40:495][759]LogModuleManager: Shutting down and abandoning module SceneOutliner (608)
[2019.05.14-21.17.40:495][759]LogModuleManager: Shutting down and abandoning module AddContentDialog (606)
[2019.05.14-21.17.40:502][759]LogModuleManager: Shutting down and abandoning module WidgetCarousel (605)
[2019.05.14-21.17.40:502][759]LogModuleManager: Shutting down and abandoning module EditorWidgets (602)
[2019.05.14-21.17.40:502][759]LogModuleManager: Shutting down and abandoning module CollectionManager (600)
[2019.05.14-21.17.40:502][759]LogModuleManager: Shutting down and abandoning module StatsViewer (598)
[2019.05.14-21.17.40:502][759]LogModuleManager: Shutting down and abandoning module FoliageEdit (596)
[2019.05.14-21.17.40:502][759]LogModuleManager: Shutting down and abandoning module LandscapeEditor (594)
[2019.05.14-21.17.40:502][759]LogModuleManager: Shutting down and abandoning module MeshPaintMode (592)
[2019.05.14-21.17.40:502][759]LogModuleManager: Shutting down and abandoning module SceneDepthPickerMode (590)
[2019.05.14-21.17.40:502][759]LogModuleManager: Shutting down and abandoning module ActorPickerMode (588)
[2019.05.14-21.17.40:502][759]LogModuleManager: Shutting down and abandoning module GeometryMode (586)
[2019.05.14-21.17.40:502][759]LogModuleManager: Shutting down and abandoning module TextureAlignMode (584)
[2019.05.14-21.17.40:502][759]LogModuleManager: Shutting down and abandoning module BspMode (582)
[2019.05.14-21.17.40:502][759]LogModuleManager: Shutting down and abandoning module PIEPreviewDeviceProfileSelector (580)
[2019.05.14-21.17.40:502][759]LogModuleManager: Shutting down and abandoning module SequenceRecorderSections (578)
[2019.05.14-21.17.40:502][759]LogModuleManager: Shutting down and abandoning module AutomationWorker (576)
[2019.05.14-21.17.40:502][759]LogModuleManager: Shutting down and abandoning module AudioCaptureEditor (574)
[2019.05.14-21.17.40:502][759]LogModuleManager: Shutting down and abandoning module SequenceRecorder (573)
[2019.05.14-21.17.40:502][759]LogModuleManager: Shutting down and abandoning module MatineeToLevelSequence (570)
[2019.05.14-21.17.40:502][759]LogModuleManager: Shutting down and abandoning module LevelSequenceEditor (568)
[2019.05.14-21.17.40:502][759]LogModuleManager: Shutting down and abandoning module PlacementMode (567)
[2019.05.14-21.17.40:502][759]LogModuleManager: Shutting down and abandoning module MaterialEditor (566)
[2019.05.14-21.17.40:502][759]LogModuleManager: Shutting down and abandoning module WmfMediaFactory (562)
[2019.05.14-21.17.40:502][759]LogModuleManager: Shutting down and abandoning module WmfMediaEditor (560)
[2019.05.14-21.17.40:503][759]LogModuleManager: Shutting down and abandoning module MediaPlayerEditor (558)
[2019.05.14-21.17.40:503][759]LogModuleManager: Shutting down and abandoning module OpenExrWrapper (556)
[2019.05.14-21.17.40:503][759]LogModuleManager: Shutting down and abandoning module ImgMediaFactory (554)
[2019.05.14-21.17.40:503][759]LogModuleManager: Shutting down and abandoning module ImgMediaEditor (552)
[2019.05.14-21.17.40:503][759]LogModuleManager: Shutting down and abandoning module AvfMediaFactory (550)
[2019.05.14-21.17.40:503][759]LogModuleManager: Shutting down and abandoning module AvfMediaEditor (548)
[2019.05.14-21.17.40:503][759]LogModuleManager: Shutting down and abandoning module AndroidMediaFactory (546)
[2019.05.14-21.17.40:503][759]LogModuleManager: Shutting down and abandoning module AndroidMediaEditor (544)
[2019.05.14-21.17.40:503][759]LogModuleManager: Shutting down and abandoning module MagicLeapCameraPreviewFactory (542)
[2019.05.14-21.17.40:503][759]LogModuleManager: Shutting down and abandoning module MagicLeapMediaFactory (540)
[2019.05.14-21.17.40:503][759]LogModuleManager: Shutting down and abandoning module MagicLeapMediaEditor (538)
[2019.05.14-21.17.40:503][759]LogModuleManager: Shutting down and abandoning module CharacterAI (536)
[2019.05.14-21.17.40:503][759]LogModuleManager: Shutting down and abandoning module SmartSnapping (534)
[2019.05.14-21.17.40:503][759]LogModuleManager: Shutting down and abandoning module SessionServices (532)
[2019.05.14-21.17.40:503][759]LogModuleManager: Shutting down and abandoning module ViewportSnapping (530)
[2019.05.14-21.17.40:503][759]LogModuleManager: Shutting down and abandoning module ViewportInteraction (528)
[2019.05.14-21.17.40:503][759]LogModuleManager: Shutting down and abandoning module ClothPainter (526)
[2019.05.14-21.17.40:503][759]LogModuleManager: Shutting down and abandoning module SkeletalMeshEditor (525)
[2019.05.14-21.17.40:503][759]LogModuleManager: Shutting down and abandoning module LogVisualizer (522)
[2019.05.14-21.17.40:503][759]LogModuleManager: Shutting down and abandoning module IntroTutorials (520)
[2019.05.14-21.17.40:503][759]LogModuleManager: Shutting down and abandoning module GameProjectGeneration (519)
[2019.05.14-21.17.40:503][759]LogModuleManager: Shutting down and abandoning module LuminPlatformEditor (516)
[2019.05.14-21.17.40:503][759]LogModuleManager: Shutting down and abandoning module IOSPlatformEditor (514)
[2019.05.14-21.17.40:503][759]LogModuleManager: Shutting down and abandoning module HTML5PlatformEditor (512)
[2019.05.14-21.17.40:503][759]LogModuleManager: Shutting down and abandoning module AndroidPlatformEditor (510)
[2019.05.14-21.17.40:503][759]LogModuleManager: Shutting down and abandoning module AndroidDeviceDetection (509)
[2019.05.14-21.17.41:476][759]LogModuleManager: Shutting down and abandoning module WindowsPlatformEditor (506)
[2019.05.14-21.17.41:476][759]LogModuleManager: Shutting down and abandoning module LuminRuntimeSettings (504)
[2019.05.14-21.17.41:476][759]LogModuleManager: Shutting down and abandoning module IOSRuntimeSettings (502)
[2019.05.14-21.17.41:476][759]LogModuleManager: Shutting down and abandoning module AndroidRuntimeSettings (500)
[2019.05.14-21.17.41:476][759]LogModuleManager: Shutting down and abandoning module InputBindingEditor (498)
[2019.05.14-21.17.41:476][759]LogModuleManager: Shutting down and abandoning module MergeActors (496)
[2019.05.14-21.17.41:476][759]LogModuleManager: Shutting down and abandoning module LocalizationDashboard (494)
[2019.05.14-21.17.41:476][759]LogModuleManager: Shutting down and abandoning module LocalizationService (493)
[2019.05.14-21.17.41:476][759]LogModuleManager: Shutting down and abandoning module HardwareTargeting (490)
[2019.05.14-21.17.41:476][759]LogModuleManager: Shutting down and abandoning module DeviceProfileEditor (488)
[2019.05.14-21.17.41:476][759]LogModuleManager: Shutting down and abandoning module UndoHistory (486)
[2019.05.14-21.17.41:476][759]LogModuleManager: Shutting down and abandoning module XmlParser (484)
[2019.05.14-21.17.41:476][759]LogModuleManager: Shutting down and abandoning module Blutility (482)
[2019.05.14-21.17.41:476][759]LogModuleManager: Shutting down and abandoning module ProjectSettingsViewer (480)
[2019.05.14-21.17.41:477][759]LogModuleManager: Shutting down and abandoning module ProjectTargetPlatformEditor (479)
[2019.05.14-21.17.41:477][759]LogModuleManager: Shutting down and abandoning module EditorSettingsViewer (476)
[2019.05.14-21.17.41:477][759]LogModuleManager: Shutting down and abandoning module SettingsEditor (474)
[2019.05.14-21.17.41:477][759]LogModuleManager: Shutting down and abandoning module ProjectLauncher (472)
[2019.05.14-21.17.41:477][759]LogModuleManager: Shutting down and abandoning module SessionFrontend (470)
[2019.05.14-21.17.41:477][759]LogModuleManager: Shutting down and abandoning module ProfilerClient (468)
[2019.05.14-21.17.41:477][759]LogModuleManager: Shutting down and abandoning module DeviceManager (466)
[2019.05.14-21.17.41:477][759]LogModuleManager: Shutting down and abandoning module TargetDeviceServices (465)
[2019.05.14-21.17.41:531][759]LogModuleManager: Shutting down and abandoning module AutomationController (462)
[2019.05.14-21.17.41:531][759]LogModuleManager: Shutting down and abandoning module AutomationWindow (460)
[2019.05.14-21.17.41:531][759]LogModuleManager: Shutting down and abandoning module Layers (458)
[2019.05.14-21.17.41:531][759]LogModuleManager: Shutting down and abandoning module ComponentVisualizers (456)
[2019.05.14-21.17.41:531][759]LogModuleManager: Shutting down and abandoning module DetailCustomizations (454)
[2019.05.14-21.17.41:531][759]LogModuleManager: Shutting down and abandoning module PackagesDialog (452)
[2019.05.14-21.17.41:531][759]LogModuleManager: Shutting down and abandoning module Persona (450)
[2019.05.14-21.17.41:531][759]LogModuleManager: Shutting down and abandoning module AdvancedPreviewScene (449)
[2019.05.14-21.17.41:531][759]LogModuleManager: Shutting down and abandoning module AnimGraph (447)
[2019.05.14-21.17.41:531][759]LogModuleManager: Shutting down and abandoning module Kismet (444)
[2019.05.14-21.17.41:531][759]LogModuleManager: Shutting down and abandoning module GraphEditor (442)
[2019.05.14-21.17.41:531][759]LogModuleManager: Shutting down and abandoning module ClassViewer (440)
[2019.05.14-21.17.41:531][759]LogModuleManager: Shutting down and abandoning module Toolbox (438)
[2019.05.14-21.17.41:531][759]LogModuleManager: Shutting down and abandoning module ModuleUI (436)
[2019.05.14-21.17.41:531][759]LogModuleManager: Shutting down and abandoning module MovieSceneTools (434)
[2019.05.14-21.17.41:531][759]LogModuleManager: Shutting down and abandoning module OutputLog (432)
[2019.05.14-21.17.41:531][759]LogModuleManager: Shutting down and abandoning module GammaUI (430)
[2019.05.14-21.17.41:531][759]LogModuleManager: Shutting down and abandoning module Documentation (428)
[2019.05.14-21.17.41:532][759]LogModuleManager: Shutting down and abandoning module MovieSceneTracks (426)
[2019.05.14-21.17.41:532][759]LogModuleManager: Shutting down and abandoning module MovieScene (424)
[2019.05.14-21.17.41:532][759]LogModuleManager: Shutting down and abandoning module StreamingPauseRendering (422)
[2019.05.14-21.17.41:532][759]LogModuleManager: Shutting down and abandoning module LauncherPlatform (420)
[2019.05.14-21.17.41:532][759]LogModuleManager: Shutting down and abandoning module AnalyticsET (418)
[2019.05.14-21.17.41:532][759]LogModuleManager: Shutting down and abandoning module PortalServices (416)
[2019.05.14-21.17.41:532][759]LogModuleManager: Shutting down and abandoning module PortalRpc (414)
[2019.05.14-21.17.41:532][759]LogModuleManager: Shutting down and abandoning module MessagingRpc (412)
[2019.05.14-21.17.41:532][759]LogModuleManager: Shutting down and abandoning module AIModule (410)
[2019.05.14-21.17.41:532][759]LogModuleManager: Shutting down and abandoning module GameplayDebugger (409)
[2019.05.14-21.17.41:532][759]LogModuleManager: Shutting down and abandoning module AITestSuite (407)
[2019.05.14-21.17.41:532][759]LogModuleManager: Shutting down and abandoning module NavigationSystem (405)
[2019.05.14-21.17.41:532][759]LogModuleManager: Shutting down and abandoning module DesktopPlatform (402)
[2019.05.14-21.17.41:532][759]LogModuleManager: Shutting down and abandoning module ProfilerService (400)
[2019.05.14-21.17.41:706][759]LogModuleManager: Shutting down and abandoning module TaskGraph (398)
[2019.05.14-21.17.41:706][759]LogModuleManager: Shutting down and abandoning module SteamVRController (396)
[2019.05.14-21.17.41:706][759]LogModuleManager: Shutting down and abandoning module ProceduralMeshComponentEditor (394)
[2019.05.14-21.17.41:706][759]LogModuleManager: Shutting down and abandoning module ProceduralMeshComponent (392)
[2019.05.14-21.17.41:706][759]LogModuleManager: Shutting down and abandoning module OculusInput (390)
[2019.05.14-21.17.41:706][759]LogModuleManager: Shutting down and abandoning module MobilePatchingUtils (388)
[2019.05.14-21.17.41:706][759]LogModuleManager: Shutting down and abandoning module EditableMesh (386)
[2019.05.14-21.17.41:706][759]LogModuleManager: Shutting down and abandoning module CustomMeshComponent (384)
[2019.05.14-21.17.41:706][759]LogModuleManager: Shutting down and abandoning module CableComponent (382)
[2019.05.14-21.17.41:706][759]LogModuleManager: Shutting down and abandoning module AudioCapture (380)
[2019.05.14-21.17.41:706][759]LogModuleManager: Shutting down and abandoning module ArchVisCharacter (378)
[2019.05.14-21.17.41:706][759]LogModuleManager: Shutting down and abandoning module AndroidPermission (376)
[2019.05.14-21.17.41:706][759]LogModuleManager: Shutting down and abandoning module NUTUnrealEngine4 (374)
[2019.05.14-21.17.41:706][759]LogModuleManager: Shutting down and abandoning module NetcodeUnitTest (372)
[2019.05.14-21.17.41:706][759]LogModuleManager: Shutting down and abandoning module MediaCompositingEditor (370)
[2019.05.14-21.17.41:706][759]LogModuleManager: Shutting down and abandoning module MediaCompositing (368)
[2019.05.14-21.17.41:706][759]LogModuleManager: Shutting down and abandoning module LinearTimecode (366)
[2019.05.14-21.17.41:707][759]LogModuleManager: Shutting down and abandoning module ImgMedia (364)
[2019.05.14-21.17.41:709][759]LogModuleManager: Shutting down and abandoning module HTML5Networking (362)
[2019.05.14-21.17.41:709][759]LogModuleManager: Shutting down and abandoning module GeometryCacheTracks (360)
[2019.05.14-21.17.41:709][759]LogModuleManager: Shutting down and abandoning module GeometryCacheSequencer (358)
[2019.05.14-21.17.41:709][759]LogModuleManager: Shutting down and abandoning module BackChannel (356)
[2019.05.14-21.17.41:709][759]LogModuleManager: Shutting down and abandoning module AppleVision (354)
[2019.05.14-21.17.41:709][759]LogModuleManager: Shutting down and abandoning module AppleImageUtils (352)
[2019.05.14-21.17.41:709][759]LogModuleManager: Shutting down and abandoning module AlembicImporter (350)
[2019.05.14-21.17.41:709][759]LogModuleManager: Shutting down and abandoning module AlembicLibrary (349)
[2019.05.14-21.17.41:709][759]LogModuleManager: Shutting down and abandoning module GeometryCache (348)
[2019.05.14-21.17.41:709][759]LogModuleManager: Shutting down and abandoning module GeometryCacheEd (347)
[2019.05.14-21.17.41:709][759]LogModuleManager: Shutting down and abandoning module DatasmithContentEditor (342)
[2019.05.14-21.17.41:709][759]LogModuleManager: Shutting down and abandoning module DatasmithContent (340)
[2019.05.14-21.17.41:710][759]LogModuleManager: Shutting down and abandoning module SpeedTreeImporter (338)
[2019.05.14-21.17.41:710][759]LogModuleManager: Shutting down and abandoning module PluginBrowser (336)
[2019.05.14-21.17.41:710][759]LogModuleManager: Shutting down and abandoning module MobileLauncherProfileWizard (334)
[2019.05.14-21.17.41:710][759]LogModuleManager: Shutting down and abandoning module PolygonModeling (332)
[2019.05.14-21.17.41:710][759]LogModuleManager: Shutting down and abandoning module MeshEditor (330)
[2019.05.14-21.17.41:710][759]LogModuleManager: Shutting down and abandoning module CryptoKeysOpenSSL (328)
[2019.05.14-21.17.41:710][759]LogModuleManager: Shutting down and abandoning module CryptoKeys (326)
[2019.05.14-21.17.41:710][759]LogModuleManager: Shutting down and abandoning module VisualStudioSourceCodeAccess (324)
[2019.05.14-21.17.41:710][759]LogModuleManager: Shutting down and abandoning module VisualStudioCodeSourceCodeAccess (322)
[2019.05.14-21.17.41:710][759]LogModuleManager: Shutting down and abandoning module UObjectPlugin (320)
[2019.05.14-21.17.41:710][759]LogModuleManager: Shutting down and abandoning module SubversionSourceControl (318)
[2019.05.14-21.17.41:710][759]LogModuleManager: Shutting down and abandoning module PerforceSourceControl (316)
[2019.05.14-21.17.41:710][759]LogModuleManager: Shutting down and abandoning module GitSourceControl (314)
[2019.05.14-21.17.41:710][759]LogModuleManager: Shutting down and abandoning module SourceControl (313)
[2019.05.14-21.17.41:710][759]LogModuleManager: Shutting down and abandoning module CLionSourceCodeAccess (310)
[2019.05.14-21.17.41:710][759]LogModuleManager: Shutting down and abandoning module LightPropagationVolumeEditor (308)
[2019.05.14-21.17.41:710][759]LogModuleManager: Shutting down and abandoning module PaperTiledImporter (306)
[2019.05.14-21.17.41:710][759]LogModuleManager: Shutting down and abandoning module PaperSpriteSheetImporter (304)
[2019.05.14-21.17.41:710][759]LogModuleManager: Shutting down and abandoning module Paper2DEditor (302)
[2019.05.14-21.17.41:710][759]LogModuleManager: Shutting down and abandoning module MeshPaint (301)
[2019.05.14-21.17.41:710][759]LogModuleManager: Shutting down and abandoning module RuntimePhysXCooking (298)
[2019.05.14-21.17.41:710][759]LogModuleManager: Shutting down and abandoning module PhysXVehiclesEditor (296)
[2019.05.14-21.17.41:710][759]LogModuleManager: Shutting down and abandoning module PhysXVehicles (294)
[2019.05.14-21.17.41:710][759]LogModuleManager: Shutting down and abandoning module OculusEditor (292)
[2019.05.14-21.17.41:710][759]LogModuleManager: Shutting down and abandoning module LocationServicesBPLibrary (290)
[2019.05.14-21.17.41:710][759]LogModuleManager: Shutting down and abandoning module ImmediatePhysicsEditor (288)
[2019.05.14-21.17.41:710][759]LogModuleManager: Shutting down and abandoning module ImmediatePhysics (286)
[2019.05.14-21.17.41:710][759]LogModuleManager: Shutting down and abandoning module ActorSequence (284)
[2019.05.14-21.17.41:710][759]LogModuleManager: Shutting down and abandoning module UdpMessaging (282)
[2019.05.14-21.17.41:812][759]LogModuleManager: Shutting down and abandoning module TcpMessaging (280)
[2019.05.14-21.17.41:913][759]LogModuleManager: Shutting down and abandoning module MagicLeapAudio (278)
[2019.05.14-21.17.41:913][759]LogModuleManager: Shutting down and abandoning module GameplayTagsEditor (276)
[2019.05.14-21.17.41:913][759]LogModuleManager: Shutting down and abandoning module FacialAnimationEditor (274)
[2019.05.14-21.17.41:913][759]LogModuleManager: Shutting down and abandoning module FacialAnimation (272)
[2019.05.14-21.17.41:913][759]LogModuleManager: Shutting down and abandoning module DataValidation (270)
[2019.05.14-21.17.41:913][759]LogModuleManager: Shutting down and abandoning module AssetManagerEditor (268)
[2019.05.14-21.17.41:913][759]LogModuleManager: Shutting down and abandoning module LevelEditor (267)
[2019.05.14-21.17.41:913][759]LogModuleManager: Shutting down and abandoning module PixelInspectorModule (266)
[2019.05.14-21.17.41:913][759]LogModuleManager: Shutting down and abandoning module CommonMenuExtensions (264)
[2019.05.14-21.17.41:913][759]LogModuleManager: Shutting down and abandoning module MainFrame (262)
[2019.05.14-21.17.41:913][759]LogModuleManager: Shutting down and abandoning module HotReload (261)
[2019.05.14-21.17.41:914][759]LogModuleManager: Shutting down and abandoning module ContentBrowser (257)
[2019.05.14-21.17.41:915][759]LogModuleManager: Shutting down and abandoning module TreeMap (255)
[2019.05.14-21.17.41:915][759]LogModuleManager: Shutting down and abandoning module LightPropagationVolumeRuntime (252)
[2019.05.14-21.17.41:915][759]LogModuleManager: Shutting down and abandoning module AISupportModule (250)
[2019.05.14-21.17.41:915][759]LogModuleManager: Shutting down and abandoning module Paper2D (248)
[2019.05.14-21.17.41:915][759]LogModuleManager: Shutting down and abandoning module WindowsMoviePlayer (246)
[2019.05.14-21.17.41:915][759]LogModuleManager: Shutting down and abandoning module WmfMedia (244)
[2019.05.14-21.17.41:916][759]LogModuleManager: Shutting down and abandoning module Media (243)
[2019.05.14-21.17.41:922][759]LogModuleManager: Shutting down and abandoning module PacketHandler (240)
[2019.05.14-21.17.41:922][759]LogModuleManager: Shutting down and abandoning module ClothingSystemEditor (238)
[2019.05.14-21.17.41:922][759]LogModuleManager: Shutting down and abandoning module ClothingSystemRuntime (236)
[2019.05.14-21.17.41:923][759]LogModuleManager: Shutting down and abandoning module MediaAssets (234)
[2019.05.14-21.17.41:923][759]LogModuleManager: Shutting down and abandoning module Overlay (232)
[2019.05.14-21.17.41:923][759]LogModuleManager: Shutting down and abandoning module OverlayEditor (231)
[2019.05.14-21.17.41:923][759]LogModuleManager: Shutting down and abandoning module VREditor (228)
[2019.05.14-21.17.41:923][759]LogModuleManager: Shutting down and abandoning module StringTableEditor (226)
[2019.05.14-21.17.41:923][759]LogModuleManager: Shutting down and abandoning module GameplayTasksEditor (224)
[2019.05.14-21.17.41:923][759]LogModuleManager: Shutting down and abandoning module BehaviorTreeEditor (222)
[2019.05.14-21.17.41:923][759]LogModuleManager: Shutting down and abandoning module FunctionalTesting (220)
[2019.05.14-21.17.41:923][759]LogModuleManager: Shutting down and abandoning module CollisionAnalyzer (218)
[2019.05.14-21.17.41:923][759]LogModuleManager: Shutting down and abandoning module WorkspaceMenuStructure (217)
[2019.05.14-21.17.41:923][759]LogModuleManager: Shutting down and abandoning module UMG (214)
[2019.05.14-21.17.41:923][759]LogModuleManager: Shutting down and abandoning module UMGEditor (213)
[2019.05.14-21.17.41:923][759]LogModuleManager: Shutting down and abandoning module Sequencer (212)
[2019.05.14-21.17.41:923][759]LogModuleManager: Shutting down and abandoning module MessageLog (209)
[2019.05.14-21.17.41:923][759]LogModuleManager: Shutting down and abandoning module SlateReflector (204)
[2019.05.14-21.17.41:923][759]LogModuleManager: Shutting down and abandoning module Slate (202)
[2019.05.14-21.17.41:923][759]LogModuleManager: Shutting down and abandoning module EditorStyle (200)
[2019.05.14-21.17.41:925][759]LogModuleManager: Shutting down and abandoning module MRMesh (198)
[2019.05.14-21.17.41:925][759]LogModuleManager: Shutting down and abandoning module SourceCodeAccess (196)
[2019.05.14-21.17.41:925][759]LogModuleManager: Shutting down and abandoning module HeadMountedDisplay (194)
[2019.05.14-21.17.41:925][759]LogModuleManager: Shutting down and abandoning module XAudio2 (192)
[2019.05.14-21.17.41:925][759]LogModuleManager: Shutting down and abandoning module Networking (190)
[2019.05.14-21.17.41:925][759]LogModuleManager: Shutting down and abandoning module Core (188)
[2019.05.14-21.17.41:925][759]LogModuleManager: Shutting down and abandoning module LevelSequence (186)
[2019.05.14-21.17.41:925][759]LogModuleManager: Shutting down and abandoning module KismetCompiler (184)
[2019.05.14-21.17.41:925][759]LogModuleManager: Shutting down and abandoning module MeshUtilities (182)
[2019.05.14-21.17.41:925][759]LogModuleManager: Shutting down and abandoning module MeshMergeUtilities (181)
[2019.05.14-21.17.41:925][759]LogModuleManager: Shutting down and abandoning module MeshReductionInterface (180)
[2019.05.14-21.17.41:925][759]LogModuleManager: Shutting down and abandoning module SimplygonSwarm (179)
[2019.05.14-21.17.41:925][759]LogModuleManager: Shutting down and abandoning module ProxyLODMeshReduction (177)
[2019.05.14-21.17.41:925][759]LogModuleManager: Shutting down and abandoning module SimplygonMeshReduction (175)
[2019.05.14-21.17.41:925][759]LogModuleManager: Shutting down and abandoning module QuadricMeshReduction (173)
[2019.05.14-21.17.41:925][759]LogModuleManager: Shutting down and abandoning module MaterialBaking (169)
[2019.05.14-21.17.41:925][759]LogModuleManager: Shutting down and abandoning module DirectoryWatcher (165)
[2019.05.14-21.17.41:925][759]LogModuleManager: Shutting down and abandoning module DerivedDataCache (162)
[2019.05.14-21.17.41:965][759]LogDerivedDataCache: Shutdown
[2019.05.14-21.17.41:965][759]LogModuleManager: Shutting down and abandoning module XGEController (160)
[2019.05.14-21.17.41:965][759]LogXGEController: Cleaning working directory: C:/Users/97randy/AppData/Local/Temp/UnrealXGEWorkingDir/
[2019.05.14-21.17.41:965][759]LogModuleManager: Shutting down and abandoning module TargetPlatform (158)
[2019.05.14-21.17.41:965][759]LogModuleManager: Shutting down and abandoning module VulkanShaderFormat (157)
[2019.05.14-21.17.41:965][759]LogModuleManager: Shutting down and abandoning module ShaderFormatVectorVM (155)
[2019.05.14-21.17.41:965][759]LogModuleManager: Shutting down and abandoning module ShaderFormatOpenGL (153)
[2019.05.14-21.17.41:965][759]LogModuleManager: Shutting down and abandoning module ShaderFormatD3D (151)
[2019.05.14-21.17.41:965][759]LogModuleManager: Shutting down and abandoning module MetalShaderFormat (149)
[2019.05.14-21.17.41:965][759]LogModuleManager: Shutting down and abandoning module TextureFormatUncompressed (147)
[2019.05.14-21.17.41:965][759]LogModuleManager: Shutting down and abandoning module TextureFormatPVR (145)
[2019.05.14-21.17.41:965][759]LogModuleManager: Shutting down and abandoning module TextureFormatDXT (143)
[2019.05.14-21.17.41:966][759]LogModuleManager: Shutting down and abandoning module TextureFormatIntelISPCTexComp (141)
[2019.05.14-21.17.41:966][759]LogModuleManager: Shutting down and abandoning module TextureFormatASTC (139)
[2019.05.14-21.17.41:966][759]LogModuleManager: Shutting down and abandoning module ImageWrapper (138)
[2019.05.14-21.17.41:966][759]LogModuleManager: Shutting down and abandoning module TextureFormatAndroid (135)
[2019.05.14-21.17.41:966][759]LogModuleManager: Shutting down and abandoning module AudioFormatOpus (133)
[2019.05.14-21.17.41:966][759]LogModuleManager: Shutting down and abandoning module AudioFormatOgg (131)
[2019.05.14-21.17.41:966][759]LogModuleManager: Shutting down and abandoning module AudioFormatADPCM (129)
[2019.05.14-21.17.41:966][759]LogModuleManager: Shutting down and abandoning module LuminTargetPlatform (127)
[2019.05.14-21.17.41:966][759]LogModuleManager: Shutting down and abandoning module LinuxTargetPlatform (125)
[2019.05.14-21.17.41:966][759]LogModuleManager: Shutting down and abandoning module LinuxServerTargetPlatform (123)
[2019.05.14-21.17.41:966][759]LogModuleManager: Shutting down and abandoning module LinuxNoEditorTargetPlatform (121)
[2019.05.14-21.17.41:966][759]LogModuleManager: Shutting down and abandoning module LinuxClientTargetPlatform (119)
[2019.05.14-21.17.41:966][759]LogModuleManager: Shutting down and abandoning module TVOSTargetPlatform (117)
[2019.05.14-21.17.41:966][759]LogModuleManager: Shutting down and abandoning module Messaging (115)
[2019.05.14-21.17.41:966][759]LogModuleManager: Shutting down and abandoning module IOSTargetPlatform (113)
[2019.05.14-21.17.41:967][759]LogModuleManager: Shutting down and abandoning module HTML5TargetPlatform (111)
[2019.05.14-21.17.41:967][759]LogModuleManager: Shutting down and abandoning module AndroidTargetPlatform (109)
[2019.05.14-21.17.41:972][759]LogModuleManager: Shutting down and abandoning module WindowsTargetPlatform (107)
[2019.05.14-21.17.41:972][759]LogModuleManager: Shutting down and abandoning module WindowsServerTargetPlatform (105)
[2019.05.14-21.17.41:972][759]LogModuleManager: Shutting down and abandoning module WindowsNoEditorTargetPlatform (103)
[2019.05.14-21.17.41:972][759]LogModuleManager: Shutting down and abandoning module WindowsClientTargetPlatform (101)
[2019.05.14-21.17.41:972][759]LogModuleManager: Shutting down and abandoning module MacTargetPlatform (99)
[2019.05.14-21.17.41:972][759]LogModuleManager: Shutting down and abandoning module MacServerTargetPlatform (97)
[2019.05.14-21.17.41:972][759]LogModuleManager: Shutting down and abandoning module MacNoEditorTargetPlatform (95)
[2019.05.14-21.17.41:972][759]LogModuleManager: Shutting down and abandoning module MacClientTargetPlatform (93)
[2019.05.14-21.17.41:972][759]LogModuleManager: Shutting down and abandoning module AllDesktopTargetPlatform (91)
[2019.05.14-21.17.41:972][759]LogModuleManager: Shutting down and abandoning module InputCore (88)
[2019.05.14-21.17.41:972][759]LogModuleManager: Shutting down and abandoning module Settings (86)
[2019.05.14-21.17.41:972][759]LogModuleManager: Shutting down and abandoning module PhysXCooking (84)
[2019.05.14-21.17.41:972][759]LogModuleManager: Shutting down and abandoning module SteamVR (82)
[2019.05.14-21.17.41:972][759]LogModuleManager: Shutting down and abandoning module OculusHMD (80)
[2019.05.14-21.17.41:972][759]LogModuleManager: Shutting down and abandoning module ExampleDeviceProfileSelector (78)
[2019.05.14-21.17.41:972][759]LogModuleManager: Shutting down and abandoning module LauncherChunkInstaller (76)
[2019.05.14-21.17.41:972][759]LogModuleManager: Shutting down and abandoning module OnlineBlueprintSupport (74)
[2019.05.14-21.17.41:972][759]LogModuleManager: Shutting down and abandoning module OnlineSubsystem (70)
[2019.05.14-21.17.41:972][759]LogModuleManager: Shutting down and abandoning module XMPP (65)
[2019.05.14-21.17.41:973][759]LogModuleManager: Shutting down and abandoning module WebSockets (64)
[2019.05.14-21.17.41:978][759]LogModuleManager: Shutting down and abandoning module HTTP (61)
[2019.05.14-21.17.41:978][759]LogHttp: Display: Http module shutting down, but needs to wait on 1 outstanding Http requests:
[2019.05.14-21.17.41:978][759]LogHttp: Display: 	verb=[POST] url=[https://datarouter.ol.epicgames.com/datarouter/api/v1/public/data?SessionID=%7B1352BC24-4F51-B2FE-DE1B-5CA72E8F395F%7D&AppID=UEEditor.Rocket.Release&AppVersion=4.20.3-4369336%2B%2B%2BUE4%2BRelease-4.20&UserID=257c018648ff7c9e5300f38b8cc8beac%7C878595fa52164db8b54eee65aba6ed79%7C99dc54f6-d49e-401f-ab78-956defe0e9f3&AppEnvironment=datacollector-binary&UploadType=eteventstream] status=Processing
[2019.05.14-21.17.42:007][759]LogModuleManager: Shutting down and abandoning module SSL (60)
[2019.05.14-21.17.42:008][759]LogModuleManager: Shutting down and abandoning module MagicLeapEmulator (56)
[2019.05.14-21.17.42:008][759]LogModuleManager: Shutting down and abandoning module MagicLeapPrivileges (54)
[2019.05.14-21.17.42:008][759]LogModuleManager: Shutting down and abandoning module MagicLeapIdentity (52)
[2019.05.14-21.17.42:008][759]LogModuleManager: Shutting down and abandoning module MagicLeapHelperVulkan (50)
[2019.05.14-21.17.42:008][759]LogModuleManager: Shutting down and abandoning module MagicLeapHelperOpenGL (48)
[2019.05.14-21.17.42:008][759]LogModuleManager: Shutting down and abandoning module MagicLeapSecureStorage (46)
[2019.05.14-21.17.42:008][759]LogModuleManager: Shutting down and abandoning module MagicLeapGestures (44)
[2019.05.14-21.17.42:008][759]LogModuleManager: Shutting down and abandoning module MagicLeapEyeTracker (42)
[2019.05.14-21.17.42:008][759]LogModuleManager: Shutting down and abandoning module MagicLeapController (40)
[2019.05.14-21.17.42:008][759]LogSlate: Slate User Destroyed.  User Index 0, Is Virtual User: 0
[2019.05.14-21.17.42:008][759]LogModuleManager: Shutting down and abandoning module MagicLeap (38)
[2019.05.14-21.17.42:008][759]LogModuleManager: Shutting down and abandoning module AnimationModifiers (36)
[2019.05.14-21.17.42:009][759]LogModuleManager: Shutting down and abandoning module PropertyEditor (35)
[2019.05.14-21.17.42:009][759]LogModuleManager: Shutting down and abandoning module AudioEditor (32)
[2019.05.14-21.17.42:009][759]LogModuleManager: Shutting down and abandoning module TextureCompressor (30)
[2019.05.14-21.17.42:009][759]LogModuleManager: Shutting down and abandoning module ShaderCore (28)
[2019.05.14-21.17.42:009][759]LogModuleManager: Shutting down and abandoning module Landscape (26)
[2019.05.14-21.17.42:009][759]LogModuleManager: Shutting down and abandoning module SlateRHIRenderer (24)
[2019.05.14-21.17.42:009][759]LogModuleManager: Shutting down and abandoning module OpenGLDrv (22)
[2019.05.14-21.17.42:009][759]LogModuleManager: Shutting down and abandoning module D3D11RHI (20)
[2019.05.14-21.17.42:009][759]LogModuleManager: Shutting down and abandoning module AnimGraphRuntime (18)
[2019.05.14-21.17.42:009][759]LogModuleManager: Shutting down and abandoning module Renderer (16)
[2019.05.14-21.17.42:009][759]LogModuleManager: Shutting down and abandoning module Engine (14)
[2019.05.14-21.17.42:009][759]LogModuleManager: Shutting down and abandoning module CoreUObject (12)
[2019.05.14-21.17.42:009][759]LogModuleManager: Shutting down and abandoning module NetworkFile (10)
[2019.05.14-21.17.42:009][759]LogModuleManager: Shutting down and abandoning module CookedIterativeFile (8)
[2019.05.14-21.17.42:009][759]LogModuleManager: Shutting down and abandoning module StreamingFile (6)
[2019.05.14-21.17.42:009][759]LogModuleManager: Shutting down and abandoning module SandboxFile (4)
[2019.05.14-21.17.42:009][759]LogModuleManager: Shutting down and abandoning module PakFile (2)
[2019.05.14-21.17.42:014][759]LogExit: Exiting.
[2019.05.14-21.17.42:017][759]Log file closed, 05/14/19 14:17:42
