Log file open, 05/09/19 12:14:27
LogWindows: Failed to load 'aqProf.dll' (GetLastError=126)
LogWindows: File 'aqProf.dll' does not exist
LogWindows: Failed to load 'VtuneApi.dll' (GetLastError=126)
LogWindows: File 'VtuneApi.dll' does not exist
LogWindows: Failed to load 'VtuneApi32e.dll' (GetLastError=126)
LogWindows: File 'VtuneApi32e.dll' does not exist
LogInit: Display: Running engine for game: KnightCrasher
LogPlatformFile: Not using cached read wrapper
LogTaskGraph: Started task graph with 5 named threads and 23 total threads with 3 sets of task threads.
LogStats: Stats thread started at 0.286494
LogD3D11RHI: Loaded GFSDK_Aftermath_Lib.x64.dll
LogICUInternationalization: Display: ICU TimeZone Detection - Raw Offset: -8:00, Platform Override: ''
LogPluginManager: Mounting plugin Paper2D
LogPluginManager: Mounting plugin AISupport
LogPluginManager: Mounting plugin LightPropagationVolume
LogPluginManager: Mounting plugin CLionSourceCodeAccess
LogPluginManager: Mounting plugin CodeLiteSourceCodeAccess
LogPluginManager: Mounting plugin GitSourceControl
LogPluginManager: Mounting plugin KDevelopSourceCodeAccess
LogPluginManager: Mounting plugin NullSourceCodeAccess
LogPluginManager: Mounting plugin PerforceSourceControl
LogPluginManager: Mounting plugin SubversionSourceControl
LogPluginManager: Mounting plugin UObjectPlugin
LogPluginManager: Mounting plugin VisualStudioCodeSourceCodeAccess
LogPluginManager: Mounting plugin VisualStudioSourceCodeAccess
LogPluginManager: Mounting plugin XCodeSourceCodeAccess
LogPluginManager: Mounting plugin AssetManagerEditor
LogPluginManager: Mounting plugin CryptoKeys
LogPluginManager: Mounting plugin DataValidation
LogPluginManager: Mounting plugin FacialAnimation
LogPluginManager: Mounting plugin GameplayTagsEditor
LogPluginManager: Mounting plugin MacGraphicsSwitching
LogPluginManager: Mounting plugin MeshEditor
LogPluginManager: Mounting plugin MobileLauncherProfileWizard
LogPluginManager: Mounting plugin PluginBrowser
LogPluginManager: Mounting plugin SpeedTreeImporter
LogPluginManager: Mounting plugin DatasmithContent
LogPluginManager: Mounting plugin AlembicImporter
LogPluginManager: Mounting plugin AppleImageUtils
LogPluginManager: Mounting plugin AppleVision
LogPluginManager: Mounting plugin BackChannel
LogPluginManager: Mounting plugin CharacterAI
LogPluginManager: Mounting plugin GeometryCache
LogPluginManager: Mounting plugin HTML5Networking
LogPluginManager: Mounting plugin ProxyLODPlugin
LogPluginManager: Mounting plugin MagicLeap
LogPluginManager: Mounting plugin MagicLeapEmulator
LogPluginManager: Mounting plugin MagicLeapMedia
LogPluginManager: Mounting plugin AndroidMedia
LogPluginManager: Mounting plugin AvfMedia
LogPluginManager: Mounting plugin ImgMedia
LogPluginManager: Mounting plugin LinearTimecode
LogPluginManager: Mounting plugin MediaCompositing
LogPluginManager: Mounting plugin MediaPlayerEditor
LogPluginManager: Mounting plugin WmfMedia
LogPluginManager: Mounting plugin TcpMessaging
LogPluginManager: Mounting plugin UdpMessaging
LogPluginManager: Mounting plugin ActorSequence
LogPluginManager: Mounting plugin LevelSequenceEditor
LogPluginManager: Mounting plugin MatineeToLevelSequence
LogPluginManager: Mounting plugin NetcodeUnitTest
LogPluginManager: Mounting plugin NUTUnrealEngine4
LogPluginManager: Mounting plugin OnlineSubsystemGooglePlay
LogPluginManager: Mounting plugin OnlineSubsystemIOS
LogPluginManager: Mounting plugin OnlineSubsystem
LogPluginManager: Mounting plugin OnlineSubsystemNull
LogPluginManager: Mounting plugin OnlineSubsystemUtils
LogPluginManager: Mounting plugin LauncherChunkInstaller
LogPluginManager: Mounting plugin AndroidDeviceProfileSelector
LogPluginManager: Mounting plugin AndroidMoviePlayer
LogPluginManager: Mounting plugin AndroidPermission
LogPluginManager: Mounting plugin AppleMoviePlayer
LogPluginManager: Mounting plugin ArchVisCharacter
LogPluginManager: Mounting plugin AudioCapture
LogPluginManager: Mounting plugin CableComponent
LogPluginManager: Mounting plugin CustomMeshComponent
LogPluginManager: Mounting plugin EditableMesh
LogPluginManager: Mounting plugin ExampleDeviceProfileSelector
LogPluginManager: Mounting plugin GoogleCloudMessaging
LogPluginManager: Mounting plugin ImmediatePhysics
LogPluginManager: Mounting plugin IOSDeviceProfileSelector
LogPluginManager: Mounting plugin LinuxDeviceProfileSelector
LogPluginManager: Mounting plugin LocationServicesBPLibrary
LogPluginManager: Mounting plugin MobilePatchingUtils
LogPluginManager: Mounting plugin OculusVR
LogPluginManager: Plugin shader directory ../../../Engine/Plugins/Runtime/Oculus/OculusVR/Shaders found
LogPluginManager: Mapping shader source directory ../../../Engine/Plugins/Runtime/Oculus/OculusVR/Shaders to virtual directory /Plugin/OculusVR
LogPluginManager: Mounting plugin PhysXVehicles
LogPluginManager: Mounting plugin ProceduralMeshComponent
LogPluginManager: Mounting plugin RuntimePhysXCooking
LogPluginManager: Mounting plugin SteamVR
LogPluginManager: Mounting plugin WindowsMoviePlayer
LogStreaming: Display: Took  0.046s to configure plugins.
LogInit: Using libcurl 7.55.1-DEV
LogInit:  - built for x86_64-pc-win32
LogInit:  - supports SSL with OpenSSL/1.0.2h
LogInit:  - supports HTTP deflate (compression) using libz 1.2.8
LogInit:  - other features:
LogInit:      CURL_VERSION_SSL
LogInit:      CURL_VERSION_LIBZ
LogInit:      CURL_VERSION_IPV6
LogInit:      CURL_VERSION_ASYNCHDNS
LogInit:      CURL_VERSION_LARGEFILE
LogInit:      CURL_VERSION_IDN
LogInit:  CurlRequestOptions (configurable via config and command line):
LogInit:  - bVerifyPeer = false  - Libcurl will NOT verify peer certificate
LogInit:  - bUseHttpProxy = false  - Libcurl will NOT use HTTP proxy
LogInit:  - bDontReuseConnections = false  - Libcurl will reuse connections
LogInit:  - CertBundlePath = nullptr  - Libcurl will use whatever was configured at build time.
LogInit:  - MaxHostConnections = 16  - Libcurl will limit the number of connections to a host
LogInit:  - LocalHostAddr = Default
LogInit:  - BufferSize = 65536
LogInit: WinSock: version 1.1 (2.2), MaxSocks=32767, MaxUdp=65467
LogInit: Build: ++UE4+Release-4.20-CL-4369336
LogInit: Engine Version: 4.20.3-4369336+++UE4+Release-4.20
LogInit: Compatible Engine Version: 4.20.0-4212847+++UE4+Release-4.20
LogInit: Net CL: 4212847
LogInit: OS: Windows 10 (), CPU: Intel(R) Core(TM) i7-6700K CPU @ 4.00GHz, GPU: Intel(R) HD Graphics 530
LogInit: Compiled (64-bit): Sep 17 2018 12:26:19
LogInit: Compiled with Visual C++: 19.13.26129.00
LogInit: Build Configuration: Development
LogInit: Branch Name: ++UE4+Release-4.20
LogInit: Command Line:  /Game/KnightCrasher/Maps/Intro_Map -game -PIEVIACONSOLE -ResX=1280 -ResY=720  -Multiprocess -messaging -SessionName="Play in Standalone Game" -featureleveles2 -faketouches -windowed 
LogInit: Base Directory: E:/Program Files/Epic Games/UE_4.20/Engine/Binaries/Win64/
LogInit: Installed Engine Build: 1
LogDevObjectVersion: Number of dev versions registered: 20
LogDevObjectVersion:   Dev-Blueprints (B0D832E4-1F89-4F0D-ACCF-7EB736FD4AA2): 10
LogDevObjectVersion:   Dev-Build (E1C64328-A22C-4D53-A36C-8E866417BD8C): 0
LogDevObjectVersion:   Dev-Core (375EC13C-06E4-48FB-B500-84F0262A717E): 2
LogDevObjectVersion:   Dev-Editor (E4B068ED-F494-42E9-A231-DA0B2E46BB41): 24
LogDevObjectVersion:   Dev-Framework (CFFC743F-43B0-4480-9391-14DF171D2073): 34
LogDevObjectVersion:   Dev-Mobile (B02B49B5-BB20-44E9-A304-32B752E40360): 2
LogDevObjectVersion:   Dev-Networking (A4E4105C-59A1-49B5-A7C5-40C4547EDFEE): 0
LogDevObjectVersion:   Dev-Online (39C831C9-5AE6-47DC-9A44-9C173E1C8E7C): 0
LogDevObjectVersion:   Dev-Physics (78F01B33-EBEA-4F98-B9B4-84EACCB95AA2): 0
LogDevObjectVersion:   Dev-Platform (6631380F-2D4D-43E0-8009-CF276956A95A): 0
LogDevObjectVersion:   Dev-Rendering (12F88B9F-8875-4AFC-A67C-D90C383ABD29): 26
LogDevObjectVersion:   Dev-Sequencer (7B5AE74C-D270-4C10-A958-57980B212A5A): 9
LogDevObjectVersion:   Dev-VR (D7296918-1DD6-4BDD-9DE2-64A83CC13884): 2
LogDevObjectVersion:   Dev-LoadTimes (C2A15278-BFE7-4AFE-6C17-90FF531DF755): 1
LogDevObjectVersion:   Private-Geometry (6EACA3D4-40EC-4CC1-B786-8BED09428FC5): 3
LogDevObjectVersion:   Dev-AnimPhys (29E575DD-E0A3-4627-9D10-D276232CDCEA): 17
LogDevObjectVersion:   Dev-ReflectionCapture (6B266CEC-1EC7-4B8F-A30B-E4D90942FC07): 1
LogDevObjectVersion:   Dev-Automation (0DF73D61-A23F-47EA-B727-89E90C41499A): 1
LogDevObjectVersion:   FortniteMain (601D1886-AC64-4F84-AA16-D3DE0DEAC7D6): 12
LogDevObjectVersion:   Dev-Enterprise (9DFFBCD6-494F-0158-E221-12823C92A888): 1
LogStreaming: Display: Took  0.003s to delete old logs.
LogInit: Presizing for max 8388607 objects, including 0 objects not considered by GC, pre-allocating 0 bytes for permanent pool.
LogInit: Object subsystem initialized
[2019.05.09-19.14.27:730][  0]LogInit: Selected Device Profile: [Windows]
[2019.05.09-19.14.27:730][  0]LogInit: Applying CVar settings loaded from the selected device profile: [Windows]
[2019.05.09-19.14.27:733][  0]LogHAL: Display: Platform has ~ 16 GB [17041506304 / 17179869184 / 16], which maps to Larger [LargestMinGB=32, LargerMinGB=12, DefaultMinGB=8, SmallerMinGB=6, SmallestMinGB=0)
[2019.05.09-19.14.27:733][  0]LogInit: Setting Device Profile CVar: [[r.Vulkan.UseRealUBs:1]]
[2019.05.09-19.14.27:733][  0]LogInit: Going up to parent DeviceProfile []
[2019.05.09-19.14.27:733][  0]LogInit: Computer: DESKTOP-11RD2JH
[2019.05.09-19.14.27:733][  0]LogInit: User: 97randy
[2019.05.09-19.14.27:733][  0]LogInit: CPU Page size=4096, Cores=4
[2019.05.09-19.14.27:733][  0]LogInit: High frequency timer resolution =10.000000 MHz
[2019.05.09-19.14.27:733][  0]LogMemory: Memory total: Physical=15.9GB (16GB approx)
[2019.05.09-19.14.27:733][  0]LogMemory: Platform Memory Stats for Windows
[2019.05.09-19.14.27:733][  0]LogMemory: Process Physical Memory: 100.88 MB used, 100.89 MB peak
[2019.05.09-19.14.27:733][  0]LogMemory: Process Virtual Memory: 89.37 MB used, 89.37 MB peak
[2019.05.09-19.14.27:733][  0]LogMemory: Physical Memory: 8451.82 MB used,  7800.23 MB free, 16252.05 MB total
[2019.05.09-19.14.27:733][  0]LogMemory: Virtual Memory: 4641.71 MB used,  7800.23 MB free, 134217728.00 MB total
[2019.05.09-19.14.27:751][  0]LogInit: Using OS detected language (en-US).
[2019.05.09-19.14.27:752][  0]LogInit: Using OS detected locale (en-US).
[2019.05.09-19.14.27:753][  0]LogTextLocalizationManager: No specific localization for 'en-US' exists, so the 'en' localization will be used.
[2019.05.09-19.14.28:104][  0]LogStreaming: Display: Took  0.353s to InitEngineTextLocalization.
[2019.05.09-19.14.28:124][  0]LogSlate: New Slate User Created.  User Index 0, Is Virtual User: 0
[2019.05.09-19.14.28:124][  0]LogSlate: Slate User Registered.  User Index 0, Is Virtual User: 0
[2019.05.09-19.14.28:131][  0]LogHMD: Failed to initialize OpenVR with code 110
[2019.05.09-19.14.28:131][  0]LogD3D11RHI: D3D11 adapters:
[2019.05.09-19.14.28:194][  0]LogD3D11RHI:    0. 'NVIDIA GeForce GTX 1060 6GB' (Feature Level 11_0)
[2019.05.09-19.14.28:195][  0]LogD3D11RHI:       6061/0/8126 MB DedicatedVideo/DedicatedSystem/SharedSystem, Outputs:1, VendorId:0x10de
[2019.05.09-19.14.28:206][  0]LogD3D11RHI:    1. 'Intel(R) HD Graphics 530' (Feature Level 11_0)
[2019.05.09-19.14.28:206][  0]LogD3D11RHI:       128/0/8126 MB DedicatedVideo/DedicatedSystem/SharedSystem, Outputs:1, VendorId:0x8086
[2019.05.09-19.14.28:208][  0]LogD3D11RHI:    2. 'Microsoft Basic Render Driver' (Feature Level 11_0)
[2019.05.09-19.14.28:208][  0]LogD3D11RHI:       0/0/8126 MB DedicatedVideo/DedicatedSystem/SharedSystem, Outputs:0, VendorId:0x1414
[2019.05.09-19.14.28:208][  0]LogD3D11RHI: Chosen D3D11 Adapter: 0
[2019.05.09-19.14.28:223][  0]LogD3D11RHI: Creating new Direct3DDevice
[2019.05.09-19.14.28:223][  0]LogD3D11RHI:     GPU DeviceId: 0x1c03 (for the marketing name, search the web for "GPU Device Id")
[2019.05.09-19.14.28:223][  0]LogWindows: EnumDisplayDevices:
[2019.05.09-19.14.28:223][  0]LogWindows:    0. 'Intel(R) HD Graphics 530' (P:0 D:1)
[2019.05.09-19.14.28:224][  0]LogWindows:    1. 'Intel(R) HD Graphics 530' (P:0 D:0)
[2019.05.09-19.14.28:224][  0]LogWindows:    2. 'Intel(R) HD Graphics 530' (P:0 D:0)
[2019.05.09-19.14.28:224][  0]LogWindows:    3. 'NVIDIA GeForce GTX 1060 6GB' (P:1 D:1)
[2019.05.09-19.14.28:225][  0]LogWindows:    4. 'NVIDIA GeForce GTX 1060 6GB' (P:0 D:0)
[2019.05.09-19.14.28:225][  0]LogWindows:    5. 'NVIDIA GeForce GTX 1060 6GB' (P:0 D:0)
[2019.05.09-19.14.28:225][  0]LogWindows:    6. 'NVIDIA GeForce GTX 1060 6GB' (P:0 D:0)
[2019.05.09-19.14.28:225][  0]LogWindows: DebugString: PrimaryIsNotTheChoosenAdapter PrimaryIsNotTheChoosenAdapter PrimaryIsNotTheChoosenAdapter FoundDriverCount:4 
[2019.05.09-19.14.28:225][  0]LogD3D11RHI:     Adapter Name: NVIDIA GeForce GTX 1060 6GB
[2019.05.09-19.14.28:225][  0]LogD3D11RHI:   Driver Version: 388.13 (internal:23.21.13.8813, unified:388.13)
[2019.05.09-19.14.28:225][  0]LogD3D11RHI:      Driver Date: 10-27-2017
[2019.05.09-19.14.28:225][  0]LogRHI: Texture pool is 4242 MB (70% of 6061 MB)
[2019.05.09-19.14.28:256][  0]LogD3D11RHI: Async texture creation enabled
[2019.05.09-19.14.28:267][  0]LogD3D11RHI: GPU Timing Frequency: 1000.000000 (Debug: 2 1)
[2019.05.09-19.14.28:318][  0]LogShaderCompilers: Guid format shader working directory is -15 characters bigger than the processId version (D:/Users/97randy/Documents/GitHub/Knight-Crasher/KnightCrasher/Intermediate/Shaders/WorkingDirectory/10808/).
[2019.05.09-19.14.28:319][  0]LogShaderCompilers: Cleaned the shader compiler working directory 'C:/Users/97randy/AppData/Local/Temp/UnrealShaderWorkingDir/10EA9A634D074BE063E697B28A1B42D9/'.
[2019.05.09-19.14.28:587][  0]LogTemp: Display: Loaded TP WindowsClientTargetPlatform
[2019.05.09-19.14.28:600][  0]LogTemp: Display: Loaded TP WindowsNoEditorTargetPlatform
[2019.05.09-19.14.28:610][  0]LogTemp: Display: Loaded TP WindowsServerTargetPlatform
[2019.05.09-19.14.28:617][  0]LogTemp: Display: Loaded TP WindowsTargetPlatform
[2019.05.09-19.14.28:617][  0]LogTargetPlatformManager: Display: Building Assets For Windows
[2019.05.09-19.14.28:665][  0]LogXGEController: Cannot use XGE Controller as Incredibuild is not installed on this machine.
[2019.05.09-19.14.28:665][  0]LogShaderCompilers: Cannot use XGE Shader Compiler as Incredibuild is not installed on this machine.
[2019.05.09-19.14.28:665][  0]LogShaderCompilers: Display: Using Local Shader Compiler.
[2019.05.09-19.14.29:261][  0]LogDerivedDataCache: Display: Max Cache Size: 512 MB
[2019.05.09-19.14.29:312][  0]LogDerivedDataCache: Loaded boot cache 0.05s 71MB C:/Users/97randy/AppData/Local/UnrealEngine/4.20/DerivedDataCache/Boot.ddc.
[2019.05.09-19.14.29:312][  0]LogDerivedDataCache: Display: Loaded Boot cache: C:/Users/97randy/AppData/Local/UnrealEngine/4.20/DerivedDataCache/Boot.ddc
[2019.05.09-19.14.29:312][  0]LogDerivedDataCache: FDerivedDataBackendGraph:  Pak pak cache file D:/Users/97randy/Documents/GitHub/Knight-Crasher/KnightCrasher/DerivedDataCache/DDC.ddp not found, will not use a pak cache.
[2019.05.09-19.14.29:312][  0]LogDerivedDataCache: Unable to find inner node Pak for hierarchical cache Hierarchy.
[2019.05.09-19.14.29:312][  0]LogDerivedDataCache: FDerivedDataBackendGraph:  CompressedPak pak cache file D:/Users/97randy/Documents/GitHub/Knight-Crasher/KnightCrasher/DerivedDataCache/Compressed.ddp not found, will not use a pak cache.
[2019.05.09-19.14.29:312][  0]LogDerivedDataCache: Unable to find inner node CompressedPak for hierarchical cache Hierarchy.
[2019.05.09-19.14.29:326][  0]LogDerivedDataCache: Display: Pak cache opened for reading ../../../Engine/DerivedDataCache/Compressed.ddp.
[2019.05.09-19.14.29:339][  0]LogDerivedDataCache: Using Local data cache path C:/Users/97randy/AppData/Local/UnrealEngine/Common/DerivedDataCache: Writable
[2019.05.09-19.14.29:339][  0]LogDerivedDataCache: Shared data cache path not found in *engine.ini, will not use an Shared cache.
[2019.05.09-19.14.29:339][  0]LogDerivedDataCache: Unable to find inner node Shared for hierarchical cache Hierarchy.
[2019.05.09-19.14.29:350][  0]LogMaterial: Verifying Global Shaders for PCD3D_ES2
[2019.05.09-19.14.29:352][  0]LogSlate: Using FreeType 2.6.0
[2019.05.09-19.14.29:352][  0]LogSlate: SlateFontServices - WITH_FREETYPE: 1, WITH_HARFBUZZ: 1
[2019.05.09-19.14.29:393][  0]LogInit: Using OS detected language (en-US).
[2019.05.09-19.14.29:393][  0]LogInit: Using OS detected locale (en-US).
[2019.05.09-19.14.29:393][  0]LogTextLocalizationManager: No localization for 'en-US' exists, so 'en' will be used for the language.
[2019.05.09-19.14.29:393][  0]LogTextLocalizationManager: No localization for 'en-US' exists, so 'en' will be used for the locale.
[2019.05.09-19.14.29:682][  0]LogStreaming: Display: Took  0.290s to InitGameTextLocalization.
[2019.05.09-19.14.29:692][  0]LogAssetRegistry: FAssetRegistry took 0.0062 seconds to start up
[2019.05.09-19.14.29:876][  0]LogPackageLocalizationCache: Processed 11 localized package path(s) for 1 prioritized culture(s) in 0.009745 seconds
[2019.05.09-19.14.29:971][  0]LogInit: Selected Device Profile: [Windows]
[2019.05.09-19.14.30:103][  0]LogSimplygon: Simplygon DLL not present - disabling.
[2019.05.09-19.14.30:106][  0]LogMeshReduction: Using SimplygonSwarm for distributed automatic mesh merging
[2019.05.09-19.14.30:106][  0]LogMeshReduction: Using ProxyLODMeshReduction for automatic mesh merging
[2019.05.09-19.14.30:106][  0]LogMeshReduction: Using QuadricMeshReduction for automatic static mesh reduction
[2019.05.09-19.14.30:106][  0]LogMeshReduction: No automatic skeletal mesh reduction module available
[2019.05.09-19.14.30:120][  0]LogNetVersion: KnightCrasher 1.0.0, NetCL: 4212847, EngineNetVer: 5, GameNetVer: 0 (Checksum: 588298797)
[2019.05.09-19.14.30:676][  0]LogMoviePlayer: Initializing movie player
[2019.05.09-19.14.30:841][  0]LogTcpMessaging: Initializing TcpMessaging bridge
[2019.05.09-19.14.30:853][  0]LogUdpMessaging: Initializing bridge on interface 0.0.0.0:0 to multicast group 230.0.0.1:6666.
[2019.05.09-19.14.30:944][  0]SourceControl: Source control is disabled
[2019.05.09-19.14.30:944][  0]SourceControl: Source control is disabled
[2019.05.09-19.14.30:945][  0]SourceControl: Source control is disabled
[2019.05.09-19.14.31:064][  0]LogAndroidPermission: UAndroidPermissionCallbackProxy::GetInstance
[2019.05.09-19.14.31:186][  0]LogOcInput: OculusInput pre-init called
[2019.05.09-19.14.31:194][  0]LogUObjectArray: 42168 objects as part of root set at end of initial load.
[2019.05.09-19.14.31:194][  0]LogUObjectAllocator: 7432352 out of 0 bytes used by permanent object pool.
[2019.05.09-19.14.31:194][  0]LogUObjectArray: CloseDisregardForGC: 0/0 objects in disregard for GC pool
[2019.05.09-19.14.31:264][  0]LogEngine: Initializing Engine...
[2019.05.09-19.14.31:264][  0]LogHMD: Failed to initialize OpenVR with code 110
[2019.05.09-19.14.31:277][  0]LogStats: UGameplayTagsManager::ConstructGameplayTagTree: ImportINI prefixes -  0.000 s
[2019.05.09-19.14.31:277][  0]LogStats: UGameplayTagsManager::ConstructGameplayTagTree: Construct from data asset -  0.000 s
[2019.05.09-19.14.31:277][  0]LogStats: UGameplayTagsManager::ConstructGameplayTagTree: ImportINI -  0.000 s
[2019.05.09-19.14.31:277][  0]LogStats: UGameplayTagsManager::ConstructGameplayTagTree: GameplayTagTreeChangedEvent.Broadcast -  0.000 s
[2019.05.09-19.14.31:291][  0]LogMaterial: Display: Missing cached shader map for material LevelColorationLitMaterial, compiling. Is special engine material.
[2019.05.09-19.14.31:705][  0]LogMaterial: Display: Missing cached shader map for material LevelColorationUnlitMaterial, compiling. Is special engine material.
[2019.05.09-19.14.31:733][  0]LogShaderCompilers: Display: Shaders left to compile 604
[2019.05.09-19.14.31:733][  0]LogShaderCompilers: Display: Shaders left to compile 594
[2019.05.09-19.14.31:733][  0]LogShaderCompilers: Display: Shaders left to compile 584
[2019.05.09-19.14.31:733][  0]LogShaderCompilers: Display: Shaders left to compile 574
[2019.05.09-19.14.31:733][  0]LogShaderCompilers: Display: Shaders left to compile 564
[2019.05.09-19.14.31:733][  0]LogMaterial: Display: Missing cached shader map for material MAT_LevelColorationLitLightmapUV, compiling. Is special engine material.
[2019.05.09-19.14.32:017][  0]LogMaterial: Display: Missing cached shader map for material ShadedLevelColorationLitMaterial, compiling. Is special engine material.
[2019.05.09-19.14.32:269][  0]LogMaterial: Display: Missing cached shader map for material ShadedLevelColorationUnlitMateri, compiling. Is special engine material.
[2019.05.09-19.14.32:294][  0]LogMaterial: Display: Missing cached shader map for material VertexColorMaterial, compiling. 
[2019.05.09-19.14.32:374][  0]LogMaterial: Display: Missing cached shader map for material VertexColorViewMode_ColorOnly, compiling. 
[2019.05.09-19.14.32:383][  0]LogMaterial: Display: Missing cached shader map for material VertexColorViewMode_AlphaAsColor, compiling. 
[2019.05.09-19.14.32:390][  0]LogMaterial: Display: Missing cached shader map for material VertexColorViewMode_RedOnly, compiling. 
[2019.05.09-19.14.32:401][  0]LogMaterial: Display: Missing cached shader map for material VertexColorViewMode_GreenOnly, compiling. 
[2019.05.09-19.14.32:410][  0]LogMaterial: Display: Missing cached shader map for material VertexColorViewMode_BlueOnly, compiling. 
[2019.05.09-19.14.32:420][  0]LogMaterial: Display: Missing cached shader map for material RemoveSurfaceMaterial, compiling. 
[2019.05.09-19.14.32:427][  0]LogMaterial: Display: Missing cached shader map for material DebugMeshMaterial, compiling. 
[2019.05.09-19.14.32:442][  0]LogMaterial: Display: Missing cached shader map for material M_InvalidLightmapSettings, compiling. 
[2019.05.09-19.14.32:476][  0]LogMaterial: Display: Missing cached shader map for material GizmoMaterial, compiling. 
[2019.05.09-19.14.32:484][  0]LogMaterial: Display: Missing cached shader map for material PhAT_JointLimitMaterial, compiling. 
[2019.05.09-19.14.32:532][  0]LogInit: Initializing FReadOnlyCVARCache
[2019.05.09-19.14.32:561][  0]LogInit: XAudio2 using 'Speakers (Realtek High Definition Audio)' : 2 channels at 48 kHz using 32 bits per sample (channel mask 0x3)
[2019.05.09-19.14.32:607][  0]LogInit: FAudioDevice initialized.
[2019.05.09-19.14.32:629][  0]LogNetVersion: Set ProjectVersion to 1.0.0.0. Version Checksum will be recalculated on next use.
[2019.05.09-19.14.32:635][  0]LogInit: Texture streaming: Enabled
[2019.05.09-19.14.32:638][  0]LogMaterial: Display: Missing cached shader map for material BaseColor, compiling. 
[2019.05.09-19.14.32:654][  0]LogMaterial: Display: Missing cached shader map for material CustomDepth, compiling. 
[2019.05.09-19.14.32:673][  0]LogMaterial: Display: Missing cached shader map for material CustomStencil, compiling. 
[2019.05.09-19.14.32:678][  0]LogMaterial: Display: Missing cached shader map for material FinalImage, compiling. 
[2019.05.09-19.14.32:683][  0]LogMaterial: Display: Missing cached shader map for material LightingModel, compiling. 
[2019.05.09-19.14.32:687][  0]LogMaterial: Display: Missing cached shader map for material MaterialAO, compiling. 
[2019.05.09-19.14.32:692][  0]LogMaterial: Display: Missing cached shader map for material Metallic, compiling. 
[2019.05.09-19.14.32:697][  0]LogMaterial: Display: Missing cached shader map for material Opacity, compiling. 
[2019.05.09-19.14.32:702][  0]LogMaterial: Display: Missing cached shader map for material Roughness, compiling. 
[2019.05.09-19.14.32:707][  0]LogMaterial: Display: Missing cached shader map for material SceneColor, compiling. 
[2019.05.09-19.14.32:711][  0]LogMaterial: Display: Missing cached shader map for material SceneDepth, compiling. 
[2019.05.09-19.14.32:716][  0]LogMaterial: Display: Missing cached shader map for material SeparateTranslucencyRGB, compiling. 
[2019.05.09-19.14.32:720][  0]LogMaterial: Display: Missing cached shader map for material SeparateTranslucencyA, compiling. 
[2019.05.09-19.14.32:726][  0]LogMaterial: Display: Missing cached shader map for material Specular, compiling. 
[2019.05.09-19.14.32:730][  0]LogMaterial: Display: Missing cached shader map for material SubsurfaceColor, compiling. 
[2019.05.09-19.14.32:738][  0]LogMaterial: Display: Missing cached shader map for material WorldNormal, compiling. 
[2019.05.09-19.14.32:744][  0]LogMaterial: Display: Missing cached shader map for material AmbientOcclusion, compiling. 
[2019.05.09-19.14.32:755][  0]LogMaterial: Display: Missing cached shader map for material CustomDepthWorldUnits, compiling. 
[2019.05.09-19.14.32:761][  0]LogMaterial: Display: Missing cached shader map for material SceneDepthWorldUnits, compiling. 
[2019.05.09-19.14.32:766][  0]LogMaterial: Display: Missing cached shader map for material PreTonemapHDRColor, compiling. 
[2019.05.09-19.14.32:770][  0]LogMaterial: Display: Missing cached shader map for material PostTonemapHDRColor, compiling. 
[2019.05.09-19.14.32:800][  0]LogSlate: Updating window title bar state: overlay mode, drag disabled, window buttons hidden, title bar hidden
[2019.05.09-19.14.32:800][  0]LogInit: Display: Game Engine Initialized.
[2019.05.09-19.14.32:800][  0]LogGameplayTags: Display: UGameplayTagsManager::DoneAddingNativeTags. DelegateIsBound: 0
[2019.05.09-19.14.32:800][  0]LogStats: UGameplayTagsManager::ConstructGameplayTagTree: ImportINI prefixes -  0.000 s
[2019.05.09-19.14.32:800][  0]LogStats: UGameplayTagsManager::ConstructGameplayTagTree: Construct from data asset -  0.000 s
[2019.05.09-19.14.32:800][  0]LogStats: UGameplayTagsManager::ConstructGameplayTagTree: ImportINI -  0.000 s
[2019.05.09-19.14.32:800][  0]LogStats: UGameplayTagsManager::ConstructGameplayTagTree: GameplayTagTreeChangedEvent.Broadcast -  0.000 s
[2019.05.09-19.14.32:814][  0]LogInit: Display: Starting Game.
[2019.05.09-19.14.32:814][  0]LogNet: Browse: /Game/KnightCrasher/Maps/Intro_Map?Name=Player
[2019.05.09-19.14.32:822][  0]LogLoad: LoadMap: /Game/KnightCrasher/Maps/Intro_Map?Name=Player
[2019.05.09-19.14.33:194][  0]LogMaterial: Display: Missing cached shader map for material M_Wood_Dark_Parent, compiling. 
[2019.05.09-19.14.33:228][  0]LogMaterial: Display: Missing cached shader map for material M_Grass, compiling. 
[2019.05.09-19.14.33:263][  0]LogMaterial: Display: Missing cached shader map for material M_Cliff, compiling. 
[2019.05.09-19.14.33:299][  0]LogMaterial: Display: Missing cached shader map for material M_Plants, compiling. 
[2019.05.09-19.14.33:339][  0]LogMaterial: Display: Missing cached shader map for material M_Crate_Light_Parent, compiling. 
[2019.05.09-19.14.33:376][  0]LogMaterial: Display: Missing cached shader map for material M_Tree, compiling. 
[2019.05.09-19.14.33:410][  0]LogMaterial: Warning: D:\Users\97randy\Documents\GitHub\Knight-Crasher\KnightCrasher\Content\Platformer\Materials\M_Tree.uasset: Failed to compile Material for platform PCD3D_ES2, Default Material will be used in game.
[2019.05.09-19.14.33:410][  0]LogMaterial: 	(Node TextureSample) Sampling from vertex textures requires an absolute mip level on feature level ES2
[2019.05.09-19.14.33:414][  0]LogMaterial: Display: Missing cached shader map for material M_OceanWater_1, compiling. 
[2019.05.09-19.14.33:457][  0]LogMaterial: Display: Missing cached shader map for material M_OceanWater_1, compiling. 
[2019.05.09-19.14.33:494][  0]LogMaterial: Display: Missing cached shader map for material PolyartMat, compiling. 
[2019.05.09-19.14.33:562][  0]LogAIModule: Creating AISystem for world Intro_Map
[2019.05.09-19.14.33:562][  0]LogLoad: Game class is 'KnightCrasher_Gamemode_C'
[2019.05.09-19.14.33:576][  0]LogWorld: Bringing World /Game/KnightCrasher/Maps/Intro_Map.Intro_Map up for play (max tick rate 0) at 2019.05.09-12.14.33
[2019.05.09-19.14.33:576][  0]LogWorld: Bringing up level for play took: 0.012896
[2019.05.09-19.14.33:658][  0]LogLoad: Took 0.835857 seconds to LoadMap(/Game/KnightCrasher/Maps/Intro_Map)
[2019.05.09-19.14.33:764][  0]LogRenderer: Reallocating scene render targets to support 1280x720 Format 10 NumSamples 1 (Frame:1).
[2019.05.09-19.14.33:764][  0]LogLoad: (Engine Initialization) Total time: 7.98 seconds
[2019.05.09-19.14.33:764][  0]LogLoad: (Engine Initialization) Total Blueprint compile time: 0.00 seconds
[2019.05.09-19.14.33:790][  0]LogContentStreaming: Texture pool size now 1000 MB
[2019.05.09-19.14.34:989][ 72]LogShaderCompilers: Display: Shaders left to compile 2824
[2019.05.09-19.14.35:379][ 96]LogShaderCompilers: Display: Shaders left to compile 2814
[2019.05.09-19.14.35:551][106]LogShaderCompilers: Display: Shaders left to compile 2804
[2019.05.09-19.14.35:906][128]LogShaderCompilers: Display: Shaders left to compile 2794
[2019.05.09-19.14.37:457][224]LogShaderCompilers: Display: Shaders left to compile 2784
[2019.05.09-19.14.37:683][238]LogShaderCompilers: Display: Shaders left to compile 2774
[2019.05.09-19.14.37:845][248]LogShaderCompilers: Display: Shaders left to compile 2764
[2019.05.09-19.14.37:991][257]LogShaderCompilers: Display: Shaders left to compile 2754
[2019.05.09-19.14.39:929][377]LogShaderCompilers: Display: Shaders left to compile 2744
[2019.05.09-19.14.39:993][381]LogShaderCompilers: Display: Shaders left to compile 2734
[2019.05.09-19.14.40:106][388]LogShaderCompilers: Display: Shaders left to compile 2724
[2019.05.09-19.14.40:251][397]LogShaderCompilers: Display: Shaders left to compile 2714
[2019.05.09-19.14.41:900][499]LogShaderCompilers: Display: Shaders left to compile 2704
[2019.05.09-19.14.42:274][522]LogShaderCompilers: Display: Shaders left to compile 2694
[2019.05.09-19.14.42:274][522]LogShaderCompilers: Display: Shaders left to compile 2684
[2019.05.09-19.14.42:518][537]LogShaderCompilers: Display: Shaders left to compile 2674
[2019.05.09-19.14.43:921][624]LogShaderCompilers: Display: Shaders left to compile 2664
[2019.05.09-19.14.44:196][641]LogShaderCompilers: Display: Shaders left to compile 2654
[2019.05.09-19.14.44:424][655]LogShaderCompilers: Display: Shaders left to compile 2644
[2019.05.09-19.14.44:860][682]LogShaderCompilers: Display: Shaders left to compile 2634
[2019.05.09-19.14.46:333][773]LogShaderCompilers: Display: Shaders left to compile 2624
[2019.05.09-19.14.46:527][785]LogShaderCompilers: Display: Shaders left to compile 2614
[2019.05.09-19.14.47:014][815]LogShaderCompilers: Display: Shaders left to compile 2604
[2019.05.09-19.14.47:143][823]LogShaderCompilers: Display: Shaders left to compile 2594
[2019.05.09-19.14.48:533][909]LogShaderCompilers: Display: Shaders left to compile 2584
[2019.05.09-19.14.48:582][912]LogShaderCompilers: Display: Shaders left to compile 2574
[2019.05.09-19.14.48:711][920]LogShaderCompilers: Display: Shaders left to compile 2564
[2019.05.09-19.14.49:651][978]LogShaderCompilers: Display: Shaders left to compile 2554
[2019.05.09-19.14.50:978][ 60]LogShaderCompilers: Display: Shaders left to compile 2544
[2019.05.09-19.14.51:124][ 69]LogShaderCompilers: Display: Shaders left to compile 2534
[2019.05.09-19.14.51:382][ 85]LogShaderCompilers: Display: Shaders left to compile 2524
[2019.05.09-19.14.52:177][134]LogShaderCompilers: Display: Shaders left to compile 2514
[2019.05.09-19.14.53:050][188]LogShaderCompilers: Display: Shaders left to compile 2504
[2019.05.09-19.14.53:114][192]LogShaderCompilers: Display: Shaders left to compile 2494
[2019.05.09-19.14.54:004][247]LogShaderCompilers: Display: Shaders left to compile 2484
[2019.05.09-19.14.54:930][304]LogShaderCompilers: Display: Shaders left to compile 2474
[2019.05.09-19.14.55:399][333]LogShaderCompilers: Display: Shaders left to compile 2464
[2019.05.09-19.14.55:448][336]LogShaderCompilers: Display: Shaders left to compile 2454
[2019.05.09-19.14.56:611][408]LogShaderCompilers: Display: Shaders left to compile 2444
[2019.05.09-19.14.57:144][441]LogShaderCompilers: Display: Shaders left to compile 2434
[2019.05.09-19.14.57:791][481]LogShaderCompilers: Display: Shaders left to compile 2424
[2019.05.09-19.14.57:807][482]LogShaderCompilers: Display: Shaders left to compile 2414
[2019.05.09-19.14.58:925][551]LogShaderCompilers: Display: Shaders left to compile 2404
[2019.05.09-19.14.59:411][581]LogShaderCompilers: Display: Shaders left to compile 2394
[2019.05.09-19.14.59:898][611]LogShaderCompilers: Display: Shaders left to compile 2384
[2019.05.09-19.14.59:914][612]LogShaderCompilers: Display: Shaders left to compile 2374
[2019.05.09-19.15.01:229][693]LogShaderCompilers: Display: Shaders left to compile 2364
[2019.05.09-19.15.01:907][735]LogShaderCompilers: Display: Shaders left to compile 2354
[2019.05.09-19.15.02:472][770]LogShaderCompilers: Display: Shaders left to compile 2344
[2019.05.09-19.15.02:520][773]LogShaderCompilers: Display: Shaders left to compile 2334
[2019.05.09-19.15.03:781][851]LogShaderCompilers: Display: Shaders left to compile 2324
[2019.05.09-19.15.04:155][874]LogShaderCompilers: Display: Shaders left to compile 2314
[2019.05.09-19.15.04:204][877]LogShaderCompilers: Display: Shaders left to compile 2304
[2019.05.09-19.15.05:059][930]LogShaderCompilers: Display: Shaders left to compile 2294
[2019.05.09-19.15.06:287][  6]LogShaderCompilers: Display: Shaders left to compile 2284
[2019.05.09-19.15.06:659][ 29]LogShaderCompilers: Display: Shaders left to compile 2274
[2019.05.09-19.15.07:094][ 56]LogShaderCompilers: Display: Shaders left to compile 2264
[2019.05.09-19.15.07:758][ 97]LogShaderCompilers: Display: Shaders left to compile 2254
[2019.05.09-19.15.08:096][118]LogShaderCompilers: Display: Shaders left to compile 2244
[2019.05.09-19.15.08:592][146]LogShaderCompilers: Display: Shaders left to compile 2234
[2019.05.09-19.15.08:620][148]LogShaderCompilers: Display: Shaders left to compile 2224
[2019.05.09-19.15.09:179][181]LogShaderCompilers: Display: Shaders left to compile 2214
[2019.05.09-19.15.09:340][191]LogShaderCompilers: Display: Shaders left to compile 2204
[2019.05.09-19.15.09:956][229]LogShaderCompilers: Display: Shaders left to compile 2194
[2019.05.09-19.15.10:635][271]LogShaderCompilers: Display: Shaders left to compile 2184
[2019.05.09-19.15.10:651][272]LogShaderCompilers: Display: Shaders left to compile 2174
[2019.05.09-19.15.10:780][280]LogShaderCompilers: Display: Shaders left to compile 2164
[2019.05.09-19.15.11:646][333]LogShaderCompilers: Display: Shaders left to compile 2154
[2019.05.09-19.15.12:882][410]LogShaderCompilers: Display: Shaders left to compile 2144
[2019.05.09-19.15.12:914][412]LogShaderCompilers: Display: Shaders left to compile 2134
[2019.05.09-19.15.13:223][431]LogShaderCompilers: Display: Shaders left to compile 2124
[2019.05.09-19.15.13:238][432]LogShaderCompilers: Display: Shaders left to compile 2114
[2019.05.09-19.15.14:983][540]LogShaderCompilers: Display: Shaders left to compile 2104
[2019.05.09-19.15.15:290][559]LogShaderCompilers: Display: Shaders left to compile 2094
[2019.05.09-19.15.15:468][570]LogShaderCompilers: Display: Shaders left to compile 2084
[2019.05.09-19.15.15:662][582]LogShaderCompilers: Display: Shaders left to compile 2074
[2019.05.09-19.15.17:506][696]LogShaderCompilers: Display: Shaders left to compile 2064
[2019.05.09-19.15.17:522][697]LogShaderCompilers: Display: Shaders left to compile 2054
[2019.05.09-19.15.17:845][717]LogShaderCompilers: Display: Shaders left to compile 2044
[2019.05.09-19.15.18:233][741]LogShaderCompilers: Display: Shaders left to compile 2034
[2019.05.09-19.15.19:834][840]LogShaderCompilers: Display: Shaders left to compile 2024
[2019.05.09-19.15.19:883][843]LogShaderCompilers: Display: Shaders left to compile 2014
[2019.05.09-19.15.20:044][853]LogShaderCompilers: Display: Shaders left to compile 2004
[2019.05.09-19.15.20:334][871]LogShaderCompilers: Display: Shaders left to compile 1994
[2019.05.09-19.15.22:078][979]LogShaderCompilers: Display: Shaders left to compile 1984
[2019.05.09-19.15.22:094][980]LogShaderCompilers: Display: Shaders left to compile 1974
[2019.05.09-19.15.22:320][994]LogShaderCompilers: Display: Shaders left to compile 1964
[2019.05.09-19.15.22:531][  7]LogShaderCompilers: Display: Shaders left to compile 1954
[2019.05.09-19.15.24:195][110]LogShaderCompilers: Display: Shaders left to compile 1944
[2019.05.09-19.15.24:519][130]LogShaderCompilers: Display: Shaders left to compile 1934
[2019.05.09-19.15.24:842][150]LogShaderCompilers: Display: Shaders left to compile 1924
[2019.05.09-19.15.24:939][156]LogShaderCompilers: Display: Shaders left to compile 1914
[2019.05.09-19.15.26:362][244]LogShaderCompilers: Display: Shaders left to compile 1904
[2019.05.09-19.15.26:637][261]LogShaderCompilers: Display: Shaders left to compile 1894
[2019.05.09-19.15.26:669][263]LogShaderCompilers: Display: Shaders left to compile 1884
[2019.05.09-19.15.27:364][306]LogShaderCompilers: Display: Shaders left to compile 1874
[2019.05.09-19.15.28:950][404]LogShaderCompilers: Display: Shaders left to compile 1864
[2019.05.09-19.15.29:242][422]LogShaderCompilers: Display: Shaders left to compile 1854
[2019.05.09-19.15.29:403][432]LogShaderCompilers: Display: Shaders left to compile 1844
[2019.05.09-19.15.30:033][471]LogShaderCompilers: Display: Shaders left to compile 1834
[2019.05.09-19.15.30:809][519]LogShaderCompilers: Display: Shaders left to compile 1824
[2019.05.09-19.15.31:245][546]LogShaderCompilers: Display: Shaders left to compile 1814
[2019.05.09-19.15.32:058][596]LogShaderCompilers: Display: Shaders left to compile 1804
[2019.05.09-19.15.33:108][661]LogShaderCompilers: Display: Shaders left to compile 1794
[2019.05.09-19.15.33:285][672]LogShaderCompilers: Display: Shaders left to compile 1784
[2019.05.09-19.15.33:479][684]LogShaderCompilers: Display: Shaders left to compile 1774
[2019.05.09-19.15.34:545][750]LogShaderCompilers: Display: Shaders left to compile 1764
[2019.05.09-19.15.35:722][821]LogShaderCompilers: Display: Shaders left to compile 1754
[2019.05.09-19.15.35:819][827]LogShaderCompilers: Display: Shaders left to compile 1744
[2019.05.09-19.15.36:045][841]LogShaderCompilers: Display: Shaders left to compile 1734
[2019.05.09-19.15.36:529][871]LogShaderCompilers: Display: Shaders left to compile 1724
[2019.05.09-19.15.38:018][963]LogShaderCompilers: Display: Shaders left to compile 1714
[2019.05.09-19.15.38:213][975]LogShaderCompilers: Display: Shaders left to compile 1704
[2019.05.09-19.15.38:228][976]LogShaderCompilers: Display: Shaders left to compile 1694
[2019.05.09-19.15.38:261][978]LogShaderCompilers: Display: Shaders left to compile 1684
[2019.05.09-19.15.40:574][121]LogShaderCompilers: Display: Shaders left to compile 1674
[2019.05.09-19.15.40:702][129]LogShaderCompilers: Display: Shaders left to compile 1664
[2019.05.09-19.15.40:767][133]LogShaderCompilers: Display: Shaders left to compile 1654
[2019.05.09-19.15.41:009][148]LogShaderCompilers: Display: Shaders left to compile 1644
[2019.05.09-19.15.42:722][254]LogShaderCompilers: Display: Shaders left to compile 1634
[2019.05.09-19.15.42:981][270]LogShaderCompilers: Display: Shaders left to compile 1624
[2019.05.09-19.15.42:997][271]LogShaderCompilers: Display: Shaders left to compile 1614
[2019.05.09-19.15.43:660][312]LogShaderCompilers: Display: Shaders left to compile 1604
[2019.05.09-19.15.45:421][421]LogShaderCompilers: Display: Shaders left to compile 1594
[2019.05.09-19.15.45:696][438]LogShaderCompilers: Display: Shaders left to compile 1584
[2019.05.09-19.15.45:712][439]LogShaderCompilers: Display: Shaders left to compile 1574
[2019.05.09-19.15.46:052][460]LogShaderCompilers: Display: Shaders left to compile 1564
[2019.05.09-19.15.47:256][534]LogShaderCompilers: Display: Shaders left to compile 1554
[2019.05.09-19.15.47:803][567]LogShaderCompilers: Display: Shaders left to compile 1544
[2019.05.09-19.15.48:192][591]LogShaderCompilers: Display: Shaders left to compile 1534
[2019.05.09-19.15.48:272][596]LogShaderCompilers: Display: Shaders left to compile 1524
[2019.05.09-19.15.48:871][633]LogShaderCompilers: Display: Shaders left to compile 1514
[2019.05.09-19.15.50:040][705]LogShaderCompilers: Display: Shaders left to compile 1504
[2019.05.09-19.15.50:622][741]LogShaderCompilers: Display: Shaders left to compile 1494
[2019.05.09-19.15.50:783][751]LogShaderCompilers: Display: Shaders left to compile 1484
[2019.05.09-19.15.50:847][755]LogShaderCompilers: Display: Shaders left to compile 1474
[2019.05.09-19.15.52:288][844]LogShaderCompilers: Display: Shaders left to compile 1464
[2019.05.09-19.15.53:094][894]LogShaderCompilers: Display: Shaders left to compile 1454
[2019.05.09-19.15.53:288][906]LogShaderCompilers: Display: Shaders left to compile 1444
[2019.05.09-19.15.53:320][908]LogShaderCompilers: Display: Shaders left to compile 1434
[2019.05.09-19.15.54:275][967]LogShaderCompilers: Display: Shaders left to compile 1424
[2019.05.09-19.15.55:518][ 44]LogShaderCompilers: Display: Shaders left to compile 1414
[2019.05.09-19.15.55:550][ 46]LogShaderCompilers: Display: Shaders left to compile 1404
[2019.05.09-19.15.55:760][ 59]LogShaderCompilers: Display: Shaders left to compile 1394
[2019.05.09-19.15.56:148][ 83]LogShaderCompilers: Display: Shaders left to compile 1384
[2019.05.09-19.15.57:717][180]LogShaderCompilers: Display: Shaders left to compile 1374
[2019.05.09-19.15.57:911][192]LogShaderCompilers: Display: Shaders left to compile 1364
[2019.05.09-19.15.57:928][193]LogShaderCompilers: Display: Shaders left to compile 1354
[2019.05.09-19.15.57:992][197]LogShaderCompilers: Display: Shaders left to compile 1344
[2019.05.09-19.16.00:143][330]LogShaderCompilers: Display: Shaders left to compile 1334
[2019.05.09-19.16.00:240][336]LogShaderCompilers: Display: Shaders left to compile 1324
[2019.05.09-19.16.00:353][343]LogShaderCompilers: Display: Shaders left to compile 1314
[2019.05.09-19.16.00:530][354]LogShaderCompilers: Display: Shaders left to compile 1304
[2019.05.09-19.16.02:083][450]LogShaderCompilers: Display: Shaders left to compile 1294
[2019.05.09-19.16.02:278][462]LogShaderCompilers: Display: Shaders left to compile 1284
[2019.05.09-19.16.02:455][473]LogShaderCompilers: Display: Shaders left to compile 1274
[2019.05.09-19.16.03:053][510]LogShaderCompilers: Display: Shaders left to compile 1264
[2019.05.09-19.16.04:638][608]LogShaderCompilers: Display: Shaders left to compile 1254
[2019.05.09-19.16.04:962][628]LogShaderCompilers: Display: Shaders left to compile 1244
[2019.05.09-19.16.05:010][631]LogShaderCompilers: Display: Shaders left to compile 1234
[2019.05.09-19.16.05:430][657]LogShaderCompilers: Display: Shaders left to compile 1224
[2019.05.09-19.16.06:513][724]LogShaderCompilers: Display: Shaders left to compile 1214
[2019.05.09-19.16.07:257][770]LogShaderCompilers: Display: Shaders left to compile 1204
[2019.05.09-19.16.07:678][796]LogShaderCompilers: Display: Shaders left to compile 1194
[2019.05.09-19.16.08:098][822]LogShaderCompilers: Display: Shaders left to compile 1184
[2019.05.09-19.16.08:922][873]LogShaderCompilers: Display: Shaders left to compile 1174
[2019.05.09-19.16.09:618][916]LogShaderCompilers: Display: Shaders left to compile 1164
[2019.05.09-19.16.10:266][956]LogShaderCompilers: Display: Shaders left to compile 1154
[2019.05.09-19.16.10:799][989]LogShaderCompilers: Display: Shaders left to compile 1144
[2019.05.09-19.16.11:363][ 24]LogShaderCompilers: Display: Shaders left to compile 1134
[2019.05.09-19.16.11:526][ 34]LogShaderCompilers: Display: Shaders left to compile 1124
[2019.05.09-19.16.12:610][101]LogShaderCompilers: Display: Shaders left to compile 1114
[2019.05.09-19.16.12:933][121]LogShaderCompilers: Display: Shaders left to compile 1104
[2019.05.09-19.16.13:353][147]LogShaderCompilers: Display: Shaders left to compile 1094
[2019.05.09-19.16.13:530][158]LogShaderCompilers: Display: Shaders left to compile 1084
[2019.05.09-19.16.15:000][249]LogShaderCompilers: Display: Shaders left to compile 1074
[2019.05.09-19.16.15:388][273]LogShaderCompilers: Display: Shaders left to compile 1064
[2019.05.09-19.16.15:955][308]LogShaderCompilers: Display: Shaders left to compile 1054
[2019.05.09-19.16.16:165][321]LogShaderCompilers: Display: Shaders left to compile 1044
[2019.05.09-19.16.17:543][406]LogShaderCompilers: Display: Shaders left to compile 1034
[2019.05.09-19.16.17:640][412]LogShaderCompilers: Display: Shaders left to compile 1024
[2019.05.09-19.16.17:640][412]LogShaderCompilers: Display: Shaders left to compile 1014
[2019.05.09-19.16.18:869][488]LogShaderCompilers: Display: Shaders left to compile 1004
[2019.05.09-19.16.20:097][564]LogShaderCompilers: Display: Shaders left to compile 994
[2019.05.09-19.16.20:129][566]LogShaderCompilers: Display: Shaders left to compile 984
[2019.05.09-19.16.20:597][595]LogShaderCompilers: Display: Shaders left to compile 974
[2019.05.09-19.16.21:485][650]LogShaderCompilers: Display: Shaders left to compile 964
[2019.05.09-19.16.21:550][654]LogShaderCompilers: Display: Shaders left to compile 954
[2019.05.09-19.16.22:246][697]LogShaderCompilers: Display: Shaders left to compile 944
[2019.05.09-19.16.22:433][708]LogShaderCompilers: Display: Shaders left to compile 934
[2019.05.09-19.16.22:797][730]LogShaderCompilers: Display: Shaders left to compile 924
[2019.05.09-19.16.22:862][734]LogShaderCompilers: Display: Shaders left to compile 914
[2019.05.09-19.16.23:817][793]LogShaderCompilers: Display: Shaders left to compile 904
[2019.05.09-19.16.24:075][809]LogShaderCompilers: Display: Shaders left to compile 894
[2019.05.09-19.16.24:478][834]LogShaderCompilers: Display: Shaders left to compile 884
[2019.05.09-19.16.24:640][844]LogShaderCompilers: Display: Shaders left to compile 874
[2019.05.09-19.16.25:924][923]LogShaderCompilers: Display: Shaders left to compile 864
[2019.05.09-19.16.26:598][965]LogShaderCompilers: Display: Shaders left to compile 854
[2019.05.09-19.16.26:613][966]LogShaderCompilers: Display: Shaders left to compile 844
[2019.05.09-19.16.26:856][981]LogShaderCompilers: Display: Shaders left to compile 834
[2019.05.09-19.16.28:376][ 75]LogShaderCompilers: Display: Shaders left to compile 824
[2019.05.09-19.16.29:008][114]LogShaderCompilers: Display: Shaders left to compile 814
[2019.05.09-19.16.29:137][122]LogShaderCompilers: Display: Shaders left to compile 804
[2019.05.09-19.16.29:526][146]LogShaderCompilers: Display: Shaders left to compile 794
[2019.05.09-19.16.31:116][244]LogShaderCompilers: Display: Shaders left to compile 784
[2019.05.09-19.16.31:666][278]LogShaderCompilers: Display: Shaders left to compile 774
[2019.05.09-19.16.31:845][289]LogShaderCompilers: Display: Shaders left to compile 764
[2019.05.09-19.16.31:976][297]LogShaderCompilers: Display: Shaders left to compile 754
[2019.05.09-19.16.33:463][389]LogShaderCompilers: Display: Shaders left to compile 744
[2019.05.09-19.16.33:628][399]LogShaderCompilers: Display: Shaders left to compile 734
[2019.05.09-19.16.33:915][417]LogShaderCompilers: Display: Shaders left to compile 724
[2019.05.09-19.16.34:104][428]LogShaderCompilers: Display: Shaders left to compile 714
[2019.05.09-19.16.35:083][489]LogShaderCompilers: Display: Shaders left to compile 704
[2019.05.09-19.16.35:404][509]LogShaderCompilers: Display: Shaders left to compile 694
[2019.05.09-19.16.35:600][521]LogShaderCompilers: Display: Shaders left to compile 684
[2019.05.09-19.16.35:729][529]LogShaderCompilers: Display: Shaders left to compile 674
[2019.05.09-19.16.37:413][633]LogShaderCompilers: Display: Shaders left to compile 664
[2019.05.09-19.16.37:704][651]LogShaderCompilers: Display: Shaders left to compile 654
[2019.05.09-19.16.38:158][679]LogShaderCompilers: Display: Shaders left to compile 644
[2019.05.09-19.16.38:206][682]LogShaderCompilers: Display: Shaders left to compile 634
[2019.05.09-19.16.39:520][763]LogShaderCompilers: Display: Shaders left to compile 624
[2019.05.09-19.16.40:038][795]LogShaderCompilers: Display: Shaders left to compile 614
[2019.05.09-19.16.40:281][810]LogShaderCompilers: Display: Shaders left to compile 604
[2019.05.09-19.16.40:358][814]LogShaderCompilers: Display: Shaders left to compile 594
[2019.05.09-19.16.41:179][865]LogShaderCompilers: Display: Shaders left to compile 584
[2019.05.09-19.16.41:229][868]LogShaderCompilers: Display: Shaders left to compile 574
[2019.05.09-19.16.41:533][887]LogShaderCompilers: Display: Shaders left to compile 564
[2019.05.09-19.16.41:615][892]LogShaderCompilers: Display: Shaders left to compile 554
[2019.05.09-19.16.42:421][942]LogShaderCompilers: Display: Shaders left to compile 544
[2019.05.09-19.16.42:438][943]LogShaderCompilers: Display: Shaders left to compile 534
[2019.05.09-19.16.42:744][962]LogShaderCompilers: Display: Shaders left to compile 524
[2019.05.09-19.16.43:036][980]LogShaderCompilers: Display: Shaders left to compile 514
[2019.05.09-19.16.43:618][ 16]LogShaderCompilers: Display: Shaders left to compile 504
[2019.05.09-19.16.45:022][103]LogShaderCompilers: Display: Shaders left to compile 494
[2019.05.09-19.16.45:328][122]LogShaderCompilers: Display: Shaders left to compile 484
[2019.05.09-19.16.46:040][166]LogShaderCompilers: Display: Shaders left to compile 474
[2019.05.09-19.16.46:056][167]LogShaderCompilers: Display: Shaders left to compile 464
[2019.05.09-19.16.47:703][269]LogShaderCompilers: Display: Shaders left to compile 454
[2019.05.09-19.16.47:720][270]LogShaderCompilers: Display: Shaders left to compile 444
[2019.05.09-19.16.48:592][324]LogShaderCompilers: Display: Shaders left to compile 434
[2019.05.09-19.16.48:699][330]LogShaderCompilers: Display: Shaders left to compile 424
[2019.05.09-19.16.50:162][421]LogShaderCompilers: Display: Shaders left to compile 414
[2019.05.09-19.16.50:631][450]LogShaderCompilers: Display: Shaders left to compile 404
[2019.05.09-19.16.51:019][474]LogShaderCompilers: Display: Shaders left to compile 394
[2019.05.09-19.16.51:229][487]LogShaderCompilers: Display: Shaders left to compile 384
[2019.05.09-19.16.52:709][578]LogShaderCompilers: Display: Shaders left to compile 374
[2019.05.09-19.16.53:135][605]LogShaderCompilers: Display: Shaders left to compile 364
[2019.05.09-19.16.53:620][635]LogShaderCompilers: Display: Shaders left to compile 354
[2019.05.09-19.16.53:895][652]LogShaderCompilers: Display: Shaders left to compile 344
[2019.05.09-19.16.55:272][737]LogShaderCompilers: Display: Shaders left to compile 334
[2019.05.09-19.16.55:386][744]LogShaderCompilers: Display: Shaders left to compile 324
[2019.05.09-19.16.55:961][779]LogShaderCompilers: Display: Shaders left to compile 314
[2019.05.09-19.16.56:696][825]LogShaderCompilers: Display: Shaders left to compile 304
[2019.05.09-19.16.58:072][910]LogShaderCompilers: Display: Shaders left to compile 294
[2019.05.09-19.16.58:250][921]LogShaderCompilers: Display: Shaders left to compile 284
[2019.05.09-19.16.58:785][954]LogShaderCompilers: Display: Shaders left to compile 274
[2019.05.09-19.16.59:253][983]LogShaderCompilers: Display: Shaders left to compile 264
[2019.05.09-19.17.00:636][ 68]LogShaderCompilers: Display: Shaders left to compile 254
[2019.05.09-19.17.00:900][ 85]LogShaderCompilers: Display: Shaders left to compile 244
[2019.05.09-19.17.01:368][114]LogShaderCompilers: Display: Shaders left to compile 234
[2019.05.09-19.17.02:175][164]LogShaderCompilers: Display: Shaders left to compile 224
[2019.05.09-19.17.03:098][221]LogShaderCompilers: Display: Shaders left to compile 214
[2019.05.09-19.17.03:485][245]LogShaderCompilers: Display: Shaders left to compile 204
[2019.05.09-19.17.03:576][250]LogShaderCompilers: Display: Shaders left to compile 194
[2019.05.09-19.17.05:280][356]LogShaderCompilers: Display: Shaders left to compile 184
[2019.05.09-19.17.06:299][419]LogShaderCompilers: Display: Shaders left to compile 174
[2019.05.09-19.17.06:686][443]LogShaderCompilers: Display: Shaders left to compile 164
[2019.05.09-19.17.07:106][469]LogShaderCompilers: Display: Shaders left to compile 154
[2019.05.09-19.17.08:692][567]LogShaderCompilers: Display: Shaders left to compile 144
[2019.05.09-19.17.09:192][598]LogShaderCompilers: Display: Shaders left to compile 134
[2019.05.09-19.17.09:218][599]LogShaderCompilers: Display: Shaders left to compile 124
[2019.05.09-19.17.10:759][695]LogShaderCompilers: Display: Shaders left to compile 114
[2019.05.09-19.17.12:411][797]LogShaderCompilers: Display: Shaders left to compile 104
[2019.05.09-19.17.12:863][825]LogShaderCompilers: Display: Shaders left to compile 94
[2019.05.09-19.17.13:041][836]LogShaderCompilers: Display: Shaders left to compile 84
[2019.05.09-19.17.14:222][909]LogShaderCompilers: Display: Shaders left to compile 74
[2019.05.09-19.17.15:014][958]LogShaderCompilers: Display: Shaders left to compile 64
[2019.05.09-19.17.15:041][959]LogShaderCompilers: Display: Shaders left to compile 54
[2019.05.09-19.17.15:128][965]LogShaderCompilers: Display: Shaders left to compile 44
[2019.05.09-19.17.16:677][ 61]LogShaderCompilers: Display: Shaders left to compile 34
[2019.05.09-19.17.16:985][ 80]LogShaderCompilers: Display: Shaders left to compile 24
[2019.05.09-19.17.17:066][ 85]LogShaderCompilers: Display: Shaders left to compile 14
[2019.05.09-19.17.17:227][ 95]LogShaderCompilers: Display: Shaders left to compile 4
[2019.05.09-19.19.35:901][675]Closing by request
[2019.05.09-19.19.35:914][675]LogWindows: FPlatformMisc::RequestExit(0)
[2019.05.09-19.19.36:477][676]LogSlate: Window 'KnightCrasher (64-bit Development PCD3D_ES2) ' being destroyed
[2019.05.09-19.19.36:477][676]LogWindowsTextInputMethodSystem: Display: IME system now deactivated.
[2019.05.09-19.19.36:481][676]LogWindowsTextInputMethodSystem: Display: IME system now deactivated.
[2019.05.09-19.19.36:505][676]LogExit: Preparing to exit.
[2019.05.09-19.19.36:518][676]LogMoviePlayer: Shutting down movie player
[2019.05.09-19.19.37:354][676]LogSlate: Updating window title bar state: overlay mode, drag disabled, window buttons hidden, title bar hidden
[2019.05.09-19.19.37:449][676]LogExit: Game engine shut down
[2019.05.09-19.19.38:770][676]LogExit: Object subsystem successfully closed.
[2019.05.09-19.19.38:893][676]LogShaderCompilers: Display: Shaders left to compile 0
[2019.05.09-19.19.38:915][676]LogD3D11RHI: Shutdown
[2019.05.09-19.19.38:915][676]LogD3D11RHI: CleanupD3DDevice
[2019.05.09-19.19.38:987][676]LogD3D11RHI: ~FD3D11DynamicRHI
[2019.05.09-19.19.39:490][676]LogModuleManager: Shutting down and abandoning module SequenceRecorderSections (376)
[2019.05.09-19.19.39:500][676]LogModuleManager: Shutting down and abandoning module SequenceRecorder (374)
[2019.05.09-19.19.39:504][676]LogModuleManager: Shutting down and abandoning module AutomationController (372)
[2019.05.09-19.19.39:520][676]LogModuleManager: Shutting down and abandoning module AutomationWorker (370)
[2019.05.09-19.19.39:520][676]LogModuleManager: Shutting down and abandoning module Voice (368)
[2019.05.09-19.19.39:527][676]LogModuleManager: Shutting down and abandoning module AIModule (366)
[2019.05.09-19.19.39:533][676]LogModuleManager: Shutting down and abandoning module GameplayDebugger (365)
[2019.05.09-19.19.39:552][676]LogModuleManager: Shutting down and abandoning module AITestSuite (363)
[2019.05.09-19.19.39:563][676]LogModuleManager: Shutting down and abandoning module NavigationSystem (361)
[2019.05.09-19.19.39:563][676]LogModuleManager: Shutting down and abandoning module WmfMediaFactory (358)
[2019.05.09-19.19.39:563][676]LogModuleManager: Shutting down and abandoning module OpenExrWrapper (356)
[2019.05.09-19.19.39:563][676]LogModuleManager: Shutting down and abandoning module ImgMediaFactory (354)
[2019.05.09-19.19.39:563][676]LogModuleManager: Shutting down and abandoning module AvfMediaFactory (352)
[2019.05.09-19.19.39:563][676]LogModuleManager: Shutting down and abandoning module MagicLeapCameraPreviewFactory (350)
[2019.05.09-19.19.39:563][676]LogModuleManager: Shutting down and abandoning module MagicLeapMediaFactory (348)
[2019.05.09-19.19.39:563][676]LogModuleManager: Shutting down and abandoning module CharacterAI (346)
[2019.05.09-19.19.39:563][676]LogModuleManager: Shutting down and abandoning module SessionServices (344)
[2019.05.09-19.19.39:563][676]LogModuleManager: Shutting down and abandoning module MovieSceneCapture (342)
[2019.05.09-19.19.39:563][676]LogModuleManager: Shutting down and abandoning module MovieSceneTracks (340)
[2019.05.09-19.19.39:563][676]LogModuleManager: Shutting down and abandoning module MovieScene (338)
[2019.05.09-19.19.39:574][676]LogModuleManager: Shutting down and abandoning module StreamingPauseRendering (336)
[2019.05.09-19.19.39:574][676]LogModuleManager: Shutting down and abandoning module PortalServices (334)
[2019.05.09-19.19.39:574][676]LogModuleManager: Shutting down and abandoning module PortalRpc (332)
[2019.05.09-19.19.39:574][676]LogModuleManager: Shutting down and abandoning module MessagingRpc (330)
[2019.05.09-19.19.39:574][676]LogModuleManager: Shutting down and abandoning module ProfilerService (328)
[2019.05.09-19.19.39:805][676]LogModuleManager: Shutting down and abandoning module TaskGraph (326)
[2019.05.09-19.19.39:823][676]LogModuleManager: Shutting down and abandoning module SteamVRController (324)
[2019.05.09-19.19.39:823][676]LogModuleManager: Shutting down and abandoning module ProceduralMeshComponent (322)
[2019.05.09-19.19.39:833][676]LogModuleManager: Shutting down and abandoning module OculusInput (320)
[2019.05.09-19.19.39:833][676]LogModuleManager: Shutting down and abandoning module MobilePatchingUtils (318)
[2019.05.09-19.19.39:833][676]LogModuleManager: Shutting down and abandoning module EditableMesh (316)
[2019.05.09-19.19.39:842][676]LogModuleManager: Shutting down and abandoning module CustomMeshComponent (314)
[2019.05.09-19.19.39:842][676]LogModuleManager: Shutting down and abandoning module CableComponent (312)
[2019.05.09-19.19.39:842][676]LogModuleManager: Shutting down and abandoning module AudioCapture (310)
[2019.05.09-19.19.39:842][676]LogModuleManager: Shutting down and abandoning module ArchVisCharacter (308)
[2019.05.09-19.19.39:842][676]LogModuleManager: Shutting down and abandoning module AndroidPermission (306)
[2019.05.09-19.19.39:842][676]LogModuleManager: Shutting down and abandoning module NUTUnrealEngine4 (304)
[2019.05.09-19.19.39:842][676]LogModuleManager: Shutting down and abandoning module NetcodeUnitTest (302)
[2019.05.09-19.19.39:860][676]LogModuleManager: Shutting down and abandoning module MediaCompositing (300)
[2019.05.09-19.19.39:860][676]LogModuleManager: Shutting down and abandoning module LinearTimecode (298)
[2019.05.09-19.19.39:860][676]LogModuleManager: Shutting down and abandoning module ImgMedia (296)
[2019.05.09-19.19.39:872][676]LogModuleManager: Shutting down and abandoning module HTML5Networking (294)
[2019.05.09-19.19.39:872][676]LogModuleManager: Shutting down and abandoning module GeometryCacheTracks (292)
[2019.05.09-19.19.39:872][676]LogModuleManager: Shutting down and abandoning module GeometryCacheSequencer (291)
[2019.05.09-19.19.39:872][676]LogModuleManager: Shutting down and abandoning module GeometryCache (288)
[2019.05.09-19.19.39:872][676]LogModuleManager: Shutting down and abandoning module GeometryCacheEd (287)
[2019.05.09-19.19.39:872][676]LogModuleManager: Shutting down and abandoning module BackChannel (284)
[2019.05.09-19.19.39:881][676]LogModuleManager: Shutting down and abandoning module AppleVision (282)
[2019.05.09-19.19.39:881][676]LogModuleManager: Shutting down and abandoning module AppleImageUtils (280)
[2019.05.09-19.19.39:881][676]LogModuleManager: Shutting down and abandoning module DatasmithContent (278)
[2019.05.09-19.19.39:882][676]LogModuleManager: Shutting down and abandoning module CryptoKeysOpenSSL (276)
[2019.05.09-19.19.39:889][676]LogModuleManager: Shutting down and abandoning module CryptoKeys (274)
[2019.05.09-19.19.39:889][676]LogModuleManager: Shutting down and abandoning module VisualStudioSourceCodeAccess (272)
[2019.05.09-19.19.39:889][676]LogModuleManager: Shutting down and abandoning module HotReload (271)
[2019.05.09-19.19.39:896][676]LogModuleManager: Shutting down and abandoning module DirectoryWatcher (270)
[2019.05.09-19.19.39:896][676]LogModuleManager: Shutting down and abandoning module VisualStudioCodeSourceCodeAccess (266)
[2019.05.09-19.19.39:896][676]LogModuleManager: Shutting down and abandoning module UObjectPlugin (264)
[2019.05.09-19.19.39:896][676]LogModuleManager: Shutting down and abandoning module SubversionSourceControl (262)
[2019.05.09-19.19.39:902][676]LogModuleManager: Shutting down and abandoning module PerforceSourceControl (260)
[2019.05.09-19.19.39:910][676]LogModuleManager: Shutting down and abandoning module SourceControl (259)
[2019.05.09-19.19.39:914][676]LogModuleManager: Shutting down and abandoning module CLionSourceCodeAccess (256)
[2019.05.09-19.19.39:914][676]LogModuleManager: Shutting down and abandoning module RuntimePhysXCooking (254)
[2019.05.09-19.19.39:914][676]LogModuleManager: Shutting down and abandoning module PhysXVehiclesEditor (252)
[2019.05.09-19.19.39:914][676]LogModuleManager: Shutting down and abandoning module PhysXVehicles (250)
[2019.05.09-19.19.39:914][676]LogModuleManager: Shutting down and abandoning module LocationServicesBPLibrary (248)
[2019.05.09-19.19.39:914][676]LogModuleManager: Shutting down and abandoning module ImmediatePhysicsEditor (246)
[2019.05.09-19.19.39:914][676]LogModuleManager: Shutting down and abandoning module ImmediatePhysics (244)
[2019.05.09-19.19.39:922][676]LogModuleManager: Shutting down and abandoning module ActorSequence (242)
[2019.05.09-19.19.39:922][676]LogModuleManager: Shutting down and abandoning module UdpMessaging (240)
[2019.05.09-19.19.40:023][676]LogModuleManager: Shutting down and abandoning module TcpMessaging (238)
[2019.05.09-19.19.40:131][676]LogModuleManager: Shutting down and abandoning module MagicLeapAudio (236)
[2019.05.09-19.19.40:131][676]LogModuleManager: Shutting down and abandoning module GameplayTagsEditor (234)
[2019.05.09-19.19.40:150][676]LogModuleManager: Shutting down and abandoning module FacialAnimation (232)
[2019.05.09-19.19.40:150][676]LogModuleManager: Shutting down and abandoning module DataValidation (230)
[2019.05.09-19.19.40:150][676]LogModuleManager: Shutting down and abandoning module AssetManagerEditor (228)
[2019.05.09-19.19.40:162][676]LogModuleManager: Shutting down and abandoning module TreeMap (227)
[2019.05.09-19.19.40:166][676]LogModuleManager: Shutting down and abandoning module LightPropagationVolumeRuntime (224)
[2019.05.09-19.19.40:166][676]LogModuleManager: Shutting down and abandoning module AISupportModule (222)
[2019.05.09-19.19.40:166][676]LogModuleManager: Shutting down and abandoning module Paper2D (220)
[2019.05.09-19.19.40:174][676]LogModuleManager: Shutting down and abandoning module PIEPreviewDeviceProfileSelector (218)
[2019.05.09-19.19.40:180][676]LogModuleManager: Shutting down and abandoning module WindowsMoviePlayer (216)
[2019.05.09-19.19.40:193][676]LogModuleManager: Shutting down and abandoning module WmfMedia (214)
[2019.05.09-19.19.40:208][676]LogModuleManager: Shutting down and abandoning module Media (213)
[2019.05.09-19.19.40:214][676]LogModuleManager: Shutting down and abandoning module PacketHandler (210)
[2019.05.09-19.19.40:214][676]LogModuleManager: Shutting down and abandoning module ClothingSystemEditor (208)
[2019.05.09-19.19.40:214][676]LogModuleManager: Shutting down and abandoning module ClothingSystemRuntime (206)
[2019.05.09-19.19.40:235][676]LogModuleManager: Shutting down and abandoning module MediaAssets (204)
[2019.05.09-19.19.40:235][676]LogModuleManager: Shutting down and abandoning module Overlay (202)
[2019.05.09-19.19.40:235][676]LogModuleManager: Shutting down and abandoning module OverlayEditor (201)
[2019.05.09-19.19.40:235][676]LogModuleManager: Shutting down and abandoning module VREditor (198)
[2019.05.09-19.19.40:247][676]LogModuleManager: Shutting down and abandoning module StringTableEditor (196)
[2019.05.09-19.19.40:265][676]LogModuleManager: Shutting down and abandoning module GameplayTasksEditor (194)
[2019.05.09-19.19.40:265][676]LogModuleManager: Shutting down and abandoning module BehaviorTreeEditor (192)
[2019.05.09-19.19.40:307][676]LogModuleManager: Shutting down and abandoning module FunctionalTesting (190)
[2019.05.09-19.19.40:319][676]LogModuleManager: Shutting down and abandoning module CollisionAnalyzer (188)
[2019.05.09-19.19.40:338][676]LogModuleManager: Shutting down and abandoning module WorkspaceMenuStructure (187)
[2019.05.09-19.19.40:338][676]LogModuleManager: Shutting down and abandoning module UMG (184)
[2019.05.09-19.19.40:347][676]LogModuleManager: Shutting down and abandoning module UMGEditor (183)
[2019.05.09-19.19.40:381][676]LogModuleManager: Shutting down and abandoning module Sequencer (182)
[2019.05.09-19.19.40:404][676]LogModuleManager: Shutting down and abandoning module MessageLog (179)
[2019.05.09-19.19.40:417][676]LogModuleManager: Shutting down and abandoning module SlateReflector (174)
[2019.05.09-19.19.40:432][676]LogModuleManager: Shutting down and abandoning module Slate (172)
[2019.05.09-19.19.40:441][676]LogModuleManager: Shutting down and abandoning module EditorStyle (170)
[2019.05.09-19.19.40:443][676]LogModuleManager: Shutting down and abandoning module MRMesh (168)
[2019.05.09-19.19.40:452][676]LogModuleManager: Shutting down and abandoning module Messaging (166)
[2019.05.09-19.19.40:452][676]LogModuleManager: Shutting down and abandoning module SourceCodeAccess (164)
[2019.05.09-19.19.40:452][676]LogModuleManager: Shutting down and abandoning module HeadMountedDisplay (162)
[2019.05.09-19.19.40:452][676]LogModuleManager: Shutting down and abandoning module XAudio2 (160)
[2019.05.09-19.19.40:452][676]LogModuleManager: Shutting down and abandoning module Networking (158)
[2019.05.09-19.19.40:452][676]LogModuleManager: Shutting down and abandoning module Core (156)
[2019.05.09-19.19.40:452][676]LogModuleManager: Shutting down and abandoning module LevelSequence (154)
[2019.05.09-19.19.40:452][676]LogModuleManager: Shutting down and abandoning module KismetCompiler (152)
[2019.05.09-19.19.40:452][676]LogModuleManager: Shutting down and abandoning module MeshUtilities (150)
[2019.05.09-19.19.40:470][676]LogModuleManager: Shutting down and abandoning module MeshMergeUtilities (149)
[2019.05.09-19.19.40:478][676]LogModuleManager: Shutting down and abandoning module MeshReductionInterface (148)
[2019.05.09-19.19.40:478][676]LogModuleManager: Shutting down and abandoning module SimplygonSwarm (147)
[2019.05.09-19.19.40:482][676]LogModuleManager: Shutting down and abandoning module ProxyLODMeshReduction (145)
[2019.05.09-19.19.40:494][676]LogModuleManager: Shutting down and abandoning module SimplygonMeshReduction (143)
[2019.05.09-19.19.40:495][676]LogModuleManager: Shutting down and abandoning module QuadricMeshReduction (141)
[2019.05.09-19.19.40:511][676]LogModuleManager: Shutting down and abandoning module MaterialBaking (137)
[2019.05.09-19.19.40:517][676]LogModuleManager: Shutting down and abandoning module DerivedDataCache (132)
[2019.05.09-19.19.40:571][676]LogDerivedDataCache: Shutdown
[2019.05.09-19.19.40:571][676]LogModuleManager: Shutting down and abandoning module XGEController (130)
[2019.05.09-19.19.40:580][676]LogModuleManager: Shutting down and abandoning module TargetPlatform (128)
[2019.05.09-19.19.40:580][676]LogModuleManager: Shutting down and abandoning module VulkanShaderFormat (127)
[2019.05.09-19.19.40:588][676]LogModuleManager: Shutting down and abandoning module ShaderFormatVectorVM (125)
[2019.05.09-19.19.40:592][676]LogModuleManager: Shutting down and abandoning module ShaderFormatOpenGL (123)
[2019.05.09-19.19.40:598][676]LogModuleManager: Shutting down and abandoning module ShaderFormatD3D (121)
[2019.05.09-19.19.40:598][676]LogModuleManager: Shutting down and abandoning module MetalShaderFormat (119)
[2019.05.09-19.19.40:604][676]LogModuleManager: Shutting down and abandoning module TextureFormatUncompressed (117)
[2019.05.09-19.19.40:604][676]LogModuleManager: Shutting down and abandoning module TextureFormatPVR (115)
[2019.05.09-19.19.40:604][676]LogModuleManager: Shutting down and abandoning module TextureFormatDXT (113)
[2019.05.09-19.19.40:611][676]LogModuleManager: Shutting down and abandoning module TextureFormatIntelISPCTexComp (111)
[2019.05.09-19.19.40:612][676]LogModuleManager: Shutting down and abandoning module TextureFormatASTC (109)
[2019.05.09-19.19.40:612][676]LogModuleManager: Shutting down and abandoning module ImageWrapper (108)
[2019.05.09-19.19.40:612][676]LogModuleManager: Shutting down and abandoning module TextureFormatAndroid (105)
[2019.05.09-19.19.40:612][676]LogModuleManager: Shutting down and abandoning module AudioFormatOpus (103)
[2019.05.09-19.19.40:612][676]LogModuleManager: Shutting down and abandoning module AudioFormatOgg (101)
[2019.05.09-19.19.40:612][676]LogModuleManager: Shutting down and abandoning module AudioFormatADPCM (99)
[2019.05.09-19.19.40:612][676]LogModuleManager: Shutting down and abandoning module WindowsTargetPlatform (97)
[2019.05.09-19.19.40:612][676]LogModuleManager: Shutting down and abandoning module WindowsServerTargetPlatform (95)
[2019.05.09-19.19.40:612][676]LogModuleManager: Shutting down and abandoning module WindowsNoEditorTargetPlatform (93)
[2019.05.09-19.19.40:612][676]LogModuleManager: Shutting down and abandoning module WindowsClientTargetPlatform (91)
[2019.05.09-19.19.40:612][676]LogModuleManager: Shutting down and abandoning module InputCore (88)
[2019.05.09-19.19.40:612][676]LogModuleManager: Shutting down and abandoning module Settings (86)
[2019.05.09-19.19.40:612][676]LogModuleManager: Shutting down and abandoning module PhysXCooking (84)
[2019.05.09-19.19.40:612][676]LogModuleManager: Shutting down and abandoning module SteamVR (82)
[2019.05.09-19.19.40:612][676]LogModuleManager: Shutting down and abandoning module OculusHMD (80)
[2019.05.09-19.19.40:620][676]LogModuleManager: Shutting down and abandoning module ExampleDeviceProfileSelector (78)
[2019.05.09-19.19.40:620][676]LogModuleManager: Shutting down and abandoning module LauncherChunkInstaller (76)
[2019.05.09-19.19.40:620][676]LogModuleManager: Shutting down and abandoning module OnlineBlueprintSupport (74)
[2019.05.09-19.19.40:620][676]LogModuleManager: Shutting down and abandoning module OnlineSubsystem (70)
[2019.05.09-19.19.40:626][676]LogModuleManager: Shutting down and abandoning module XMPP (65)
[2019.05.09-19.19.40:639][676]LogModuleManager: Shutting down and abandoning module WebSockets (64)
[2019.05.09-19.19.40:687][676]LogModuleManager: Shutting down and abandoning module HTTP (61)
[2019.05.09-19.19.40:692][676]LogModuleManager: Shutting down and abandoning module SSL (60)
[2019.05.09-19.19.40:709][676]LogModuleManager: Shutting down and abandoning module MagicLeapEmulator (56)
[2019.05.09-19.19.40:709][676]LogModuleManager: Shutting down and abandoning module MagicLeapPrivileges (54)
[2019.05.09-19.19.40:709][676]LogModuleManager: Shutting down and abandoning module MagicLeapIdentity (52)
[2019.05.09-19.19.40:709][676]LogModuleManager: Shutting down and abandoning module MagicLeapHelperVulkan (50)
[2019.05.09-19.19.40:709][676]LogModuleManager: Shutting down and abandoning module MagicLeapHelperOpenGL (48)
[2019.05.09-19.19.40:709][676]LogModuleManager: Shutting down and abandoning module MagicLeapSecureStorage (46)
[2019.05.09-19.19.40:709][676]LogModuleManager: Shutting down and abandoning module MagicLeapGestures (44)
[2019.05.09-19.19.40:709][676]LogModuleManager: Shutting down and abandoning module MagicLeapEyeTracker (42)
[2019.05.09-19.19.40:709][676]LogModuleManager: Shutting down and abandoning module MagicLeapController (40)
[2019.05.09-19.19.40:709][676]LogSlate: Slate User Destroyed.  User Index 0, Is Virtual User: 0
[2019.05.09-19.19.40:709][676]LogModuleManager: Shutting down and abandoning module MagicLeap (38)
[2019.05.09-19.19.40:709][676]LogModuleManager: Shutting down and abandoning module AnimationModifiers (36)
[2019.05.09-19.19.40:729][676]LogModuleManager: Shutting down and abandoning module PropertyEditor (35)
[2019.05.09-19.19.40:734][676]LogModuleManager: Shutting down and abandoning module AudioEditor (32)
[2019.05.09-19.19.40:757][676]LogModuleManager: Shutting down and abandoning module TextureCompressor (30)
[2019.05.09-19.19.40:771][676]LogModuleManager: Shutting down and abandoning module ShaderCore (28)
[2019.05.09-19.19.40:771][676]LogModuleManager: Shutting down and abandoning module Landscape (26)
[2019.05.09-19.19.40:771][676]LogModuleManager: Shutting down and abandoning module SlateRHIRenderer (24)
[2019.05.09-19.19.40:781][676]LogModuleManager: Shutting down and abandoning module OpenGLDrv (22)
[2019.05.09-19.19.40:788][676]LogModuleManager: Shutting down and abandoning module D3D11RHI (20)
[2019.05.09-19.19.40:789][676]LogModuleManager: Shutting down and abandoning module AnimGraphRuntime (18)
[2019.05.09-19.19.40:795][676]LogModuleManager: Shutting down and abandoning module Renderer (16)
[2019.05.09-19.19.40:795][676]LogModuleManager: Shutting down and abandoning module Engine (14)
[2019.05.09-19.19.40:795][676]LogModuleManager: Shutting down and abandoning module CoreUObject (12)
[2019.05.09-19.19.40:795][676]LogModuleManager: Shutting down and abandoning module NetworkFile (10)
[2019.05.09-19.19.40:803][676]LogModuleManager: Shutting down and abandoning module CookedIterativeFile (8)
[2019.05.09-19.19.40:803][676]LogModuleManager: Shutting down and abandoning module StreamingFile (6)
[2019.05.09-19.19.40:813][676]LogModuleManager: Shutting down and abandoning module SandboxFile (4)
[2019.05.09-19.19.40:813][676]LogModuleManager: Shutting down and abandoning module PakFile (2)
[2019.05.09-19.19.40:834][676]LogExit: Exiting.
[2019.05.09-19.19.40:839][676]Log file closed, 05/09/19 12:19:40
