Log file open, 05/16/19 00:21:45
LogWindows: Failed to load 'aqProf.dll' (GetLastError=126)
LogWindows: File 'aqProf.dll' does not exist
LogWindows: Failed to load 'VtuneApi.dll' (GetLastError=126)
LogWindows: File 'VtuneApi.dll' does not exist
LogWindows: Failed to load 'VtuneApi32e.dll' (GetLastError=126)
LogWindows: File 'VtuneApi32e.dll' does not exist
LogInit: Display: Running engine for game: KnightCrasher
LogPlatformFile: Not using cached read wrapper
LogTaskGraph: Started task graph with 5 named threads and 23 total threads with 3 sets of task threads.
LogStats: Stats thread started at 0.387852
LogD3D11RHI: Loaded GFSDK_Aftermath_Lib.x64.dll
LogICUInternationalization: Display: ICU TimeZone Detection - Raw Offset: -8:00, Platform Override: ''
LogPluginManager: Mounting plugin Paper2D
LogPluginManager: Mounting plugin AISupport
LogPluginManager: Mounting plugin LightPropagationVolume
LogPluginManager: Mounting plugin CLionSourceCodeAccess
LogPluginManager: Mounting plugin CodeLiteSourceCodeAccess
LogPluginManager: Mounting plugin GitSourceControl
LogPluginManager: Mounting plugin KDevelopSourceCodeAccess
LogPluginManager: Mounting plugin NullSourceCodeAccess
LogPluginManager: Mounting plugin PerforceSourceControl
LogPluginManager: Mounting plugin SubversionSourceControl
LogPluginManager: Mounting plugin UObjectPlugin
LogPluginManager: Mounting plugin VisualStudioCodeSourceCodeAccess
LogPluginManager: Mounting plugin VisualStudioSourceCodeAccess
LogPluginManager: Mounting plugin XCodeSourceCodeAccess
LogPluginManager: Mounting plugin AssetManagerEditor
LogPluginManager: Mounting plugin CryptoKeys
LogPluginManager: Mounting plugin DataValidation
LogPluginManager: Mounting plugin FacialAnimation
LogPluginManager: Mounting plugin GameplayTagsEditor
LogPluginManager: Mounting plugin MacGraphicsSwitching
LogPluginManager: Mounting plugin MeshEditor
LogPluginManager: Mounting plugin MobileLauncherProfileWizard
LogPluginManager: Mounting plugin PluginBrowser
LogPluginManager: Mounting plugin SpeedTreeImporter
LogPluginManager: Mounting plugin DatasmithContent
LogPluginManager: Mounting plugin AlembicImporter
LogPluginManager: Mounting plugin AppleImageUtils
LogPluginManager: Mounting plugin AppleVision
LogPluginManager: Mounting plugin BackChannel
LogPluginManager: Mounting plugin CharacterAI
LogPluginManager: Mounting plugin GeometryCache
LogPluginManager: Mounting plugin HTML5Networking
LogPluginManager: Mounting plugin ProxyLODPlugin
LogPluginManager: Mounting plugin MagicLeap
LogPluginManager: Mounting plugin MagicLeapEmulator
LogPluginManager: Mounting plugin MagicLeapMedia
LogPluginManager: Mounting plugin AndroidMedia
LogPluginManager: Mounting plugin AvfMedia
LogPluginManager: Mounting plugin ImgMedia
LogPluginManager: Mounting plugin LinearTimecode
LogPluginManager: Mounting plugin MediaCompositing
LogPluginManager: Mounting plugin MediaPlayerEditor
LogPluginManager: Mounting plugin WmfMedia
LogPluginManager: Mounting plugin TcpMessaging
LogPluginManager: Mounting plugin UdpMessaging
LogPluginManager: Mounting plugin ActorSequence
LogPluginManager: Mounting plugin LevelSequenceEditor
LogPluginManager: Mounting plugin MatineeToLevelSequence
LogPluginManager: Mounting plugin NetcodeUnitTest
LogPluginManager: Mounting plugin NUTUnrealEngine4
LogPluginManager: Mounting plugin OnlineSubsystemGooglePlay
LogPluginManager: Mounting plugin OnlineSubsystemIOS
LogPluginManager: Mounting plugin OnlineSubsystem
LogPluginManager: Mounting plugin OnlineSubsystemNull
LogPluginManager: Mounting plugin OnlineSubsystemUtils
LogPluginManager: Mounting plugin LauncherChunkInstaller
LogPluginManager: Mounting plugin AndroidDeviceProfileSelector
LogPluginManager: Mounting plugin AndroidMoviePlayer
LogPluginManager: Mounting plugin AndroidPermission
LogPluginManager: Mounting plugin AppleMoviePlayer
LogPluginManager: Mounting plugin ArchVisCharacter
LogPluginManager: Mounting plugin AudioCapture
LogPluginManager: Mounting plugin CableComponent
LogPluginManager: Mounting plugin CustomMeshComponent
LogPluginManager: Mounting plugin EditableMesh
LogPluginManager: Mounting plugin ExampleDeviceProfileSelector
LogPluginManager: Mounting plugin GoogleCloudMessaging
LogPluginManager: Mounting plugin ImmediatePhysics
LogPluginManager: Mounting plugin IOSDeviceProfileSelector
LogPluginManager: Mounting plugin LinuxDeviceProfileSelector
LogPluginManager: Mounting plugin LocationServicesBPLibrary
LogPluginManager: Mounting plugin MobilePatchingUtils
LogPluginManager: Mounting plugin OculusVR
LogPluginManager: Plugin shader directory ../../../Engine/Plugins/Runtime/Oculus/OculusVR/Shaders found
LogPluginManager: Mapping shader source directory ../../../Engine/Plugins/Runtime/Oculus/OculusVR/Shaders to virtual directory /Plugin/OculusVR
LogPluginManager: Mounting plugin PhysXVehicles
LogPluginManager: Mounting plugin ProceduralMeshComponent
LogPluginManager: Mounting plugin RuntimePhysXCooking
LogPluginManager: Mounting plugin SteamVR
LogPluginManager: Mounting plugin WindowsMoviePlayer
LogStreaming: Display: Took  0.217s to configure plugins.
LogInit: Using libcurl 7.55.1-DEV
LogInit:  - built for x86_64-pc-win32
LogInit:  - supports SSL with OpenSSL/1.0.2h
LogInit:  - supports HTTP deflate (compression) using libz 1.2.8
LogInit:  - other features:
LogInit:      CURL_VERSION_SSL
LogInit:      CURL_VERSION_LIBZ
LogInit:      CURL_VERSION_IPV6
LogInit:      CURL_VERSION_ASYNCHDNS
LogInit:      CURL_VERSION_LARGEFILE
LogInit:      CURL_VERSION_IDN
LogInit:  CurlRequestOptions (configurable via config and command line):
LogInit:  - bVerifyPeer = false  - Libcurl will NOT verify peer certificate
LogInit:  - bUseHttpProxy = false  - Libcurl will NOT use HTTP proxy
LogInit:  - bDontReuseConnections = false  - Libcurl will reuse connections
LogInit:  - CertBundlePath = nullptr  - Libcurl will use whatever was configured at build time.
LogInit:  - MaxHostConnections = 16  - Libcurl will limit the number of connections to a host
LogInit:  - LocalHostAddr = Default
LogInit:  - BufferSize = 65536
LogInit: WinSock: version 1.1 (2.2), MaxSocks=32767, MaxUdp=65467
LogInit: Build: ++UE4+Release-4.20-CL-4369336
LogInit: Engine Version: 4.20.3-4369336+++UE4+Release-4.20
LogInit: Compatible Engine Version: 4.20.0-4212847+++UE4+Release-4.20
LogInit: Net CL: 4212847
LogInit: OS: Windows 10 (), CPU: Intel(R) Core(TM) i7-6700K CPU @ 4.00GHz, GPU: Intel(R) HD Graphics 530
LogInit: Compiled (64-bit): Sep 17 2018 12:26:19
LogInit: Compiled with Visual C++: 19.13.26129.00
LogInit: Build Configuration: Development
LogInit: Branch Name: ++UE4+Release-4.20
LogInit: Command Line:  
LogInit: Base Directory: E:/Program Files/Epic Games/UE_4.20/Engine/Binaries/Win64/
LogInit: Installed Engine Build: 1
LogDevObjectVersion: Number of dev versions registered: 20
LogDevObjectVersion:   Dev-Blueprints (B0D832E4-1F89-4F0D-ACCF-7EB736FD4AA2): 10
LogDevObjectVersion:   Dev-Build (E1C64328-A22C-4D53-A36C-8E866417BD8C): 0
LogDevObjectVersion:   Dev-Core (375EC13C-06E4-48FB-B500-84F0262A717E): 2
LogDevObjectVersion:   Dev-Editor (E4B068ED-F494-42E9-A231-DA0B2E46BB41): 24
LogDevObjectVersion:   Dev-Framework (CFFC743F-43B0-4480-9391-14DF171D2073): 34
LogDevObjectVersion:   Dev-Mobile (B02B49B5-BB20-44E9-A304-32B752E40360): 2
LogDevObjectVersion:   Dev-Networking (A4E4105C-59A1-49B5-A7C5-40C4547EDFEE): 0
LogDevObjectVersion:   Dev-Online (39C831C9-5AE6-47DC-9A44-9C173E1C8E7C): 0
LogDevObjectVersion:   Dev-Physics (78F01B33-EBEA-4F98-B9B4-84EACCB95AA2): 0
LogDevObjectVersion:   Dev-Platform (6631380F-2D4D-43E0-8009-CF276956A95A): 0
LogDevObjectVersion:   Dev-Rendering (12F88B9F-8875-4AFC-A67C-D90C383ABD29): 26
LogDevObjectVersion:   Dev-Sequencer (7B5AE74C-D270-4C10-A958-57980B212A5A): 9
LogDevObjectVersion:   Dev-VR (D7296918-1DD6-4BDD-9DE2-64A83CC13884): 2
LogDevObjectVersion:   Dev-LoadTimes (C2A15278-BFE7-4AFE-6C17-90FF531DF755): 1
LogDevObjectVersion:   Private-Geometry (6EACA3D4-40EC-4CC1-B786-8BED09428FC5): 3
LogDevObjectVersion:   Dev-AnimPhys (29E575DD-E0A3-4627-9D10-D276232CDCEA): 17
LogDevObjectVersion:   Dev-ReflectionCapture (6B266CEC-1EC7-4B8F-A30B-E4D90942FC07): 1
LogDevObjectVersion:   Dev-Automation (0DF73D61-A23F-47EA-B727-89E90C41499A): 1
LogDevObjectVersion:   FortniteMain (601D1886-AC64-4F84-AA16-D3DE0DEAC7D6): 12
LogDevObjectVersion:   Dev-Enterprise (9DFFBCD6-494F-0158-E221-12823C92A888): 1
LogStreaming: Display: Took  0.020s to delete old logs.
LogInit: Presizing for max 8388607 objects, including 0 objects not considered by GC, pre-allocating 0 bytes for permanent pool.
LogInit: Object subsystem initialized
[2019.05.16-07.21.47:281][  0]LogInit: Selected Device Profile: [Windows]
[2019.05.16-07.21.47:282][  0]LogInit: Applying CVar settings loaded from the selected device profile: [Windows]
[2019.05.16-07.21.47:334][  0]LogHAL: Display: Platform has ~ 16 GB [17041506304 / 17179869184 / 16], which maps to Larger [LargestMinGB=32, LargerMinGB=12, DefaultMinGB=8, SmallerMinGB=6, SmallestMinGB=0)
[2019.05.16-07.21.47:349][  0]LogInit: Setting Device Profile CVar: [[r.Vulkan.UseRealUBs:1]]
[2019.05.16-07.21.47:350][  0]LogInit: Going up to parent DeviceProfile []
[2019.05.16-07.21.47:387][  0]LogInit: Computer: DESKTOP-11RD2JH
[2019.05.16-07.21.47:387][  0]LogInit: User: 97randy
[2019.05.16-07.21.47:387][  0]LogInit: CPU Page size=4096, Cores=4
[2019.05.16-07.21.47:387][  0]LogInit: High frequency timer resolution =10.000000 MHz
[2019.05.16-07.21.47:387][  0]LogMemory: Memory total: Physical=15.9GB (16GB approx)
[2019.05.16-07.21.47:387][  0]LogMemory: Platform Memory Stats for Windows
[2019.05.16-07.21.47:387][  0]LogMemory: Process Physical Memory: 102.13 MB used, 102.13 MB peak
[2019.05.16-07.21.47:387][  0]LogMemory: Process Virtual Memory: 86.16 MB used, 86.16 MB peak
[2019.05.16-07.21.47:387][  0]LogMemory: Physical Memory: 8513.65 MB used,  7738.40 MB free, 16252.05 MB total
[2019.05.16-07.21.47:387][  0]LogMemory: Virtual Memory: 4638.34 MB used,  7738.40 MB free, 134217728.00 MB total
[2019.05.16-07.21.47:970][  0]LogInit: Using OS detected language (en-US).
[2019.05.16-07.21.47:970][  0]LogInit: Using OS detected locale (en-US).
[2019.05.16-07.21.47:983][  0]LogTextLocalizationManager: No specific localization for 'en-US' exists, so the 'en' localization will be used.
[2019.05.16-07.21.48:729][  0]LogStreaming: Display: Took  0.756s to InitEngineTextLocalization.
[2019.05.16-07.21.48:744][  0]LogInit: Setting process to per monitor DPI aware
[2019.05.16-07.21.49:102][  0]LogSlate: New Slate User Created.  User Index 0, Is Virtual User: 0
[2019.05.16-07.21.49:102][  0]LogSlate: Slate User Registered.  User Index 0, Is Virtual User: 0
[2019.05.16-07.21.51:946][  0]LogHMD: Failed to initialize OpenVR with code 110
[2019.05.16-07.21.51:946][  0]LogD3D11RHI: D3D11 adapters:
[2019.05.16-07.21.52:017][  0]LogD3D11RHI:    0. 'NVIDIA GeForce GTX 1060 6GB' (Feature Level 11_0)
[2019.05.16-07.21.52:017][  0]LogD3D11RHI:       6061/0/8126 MB DedicatedVideo/DedicatedSystem/SharedSystem, Outputs:1, VendorId:0x10de
[2019.05.16-07.21.52:049][  0]LogD3D11RHI:    1. 'Intel(R) HD Graphics 530' (Feature Level 11_0)
[2019.05.16-07.21.52:049][  0]LogD3D11RHI:       128/0/8126 MB DedicatedVideo/DedicatedSystem/SharedSystem, Outputs:1, VendorId:0x8086
[2019.05.16-07.21.52:051][  0]LogD3D11RHI:    2. 'Microsoft Basic Render Driver' (Feature Level 11_0)
[2019.05.16-07.21.52:051][  0]LogD3D11RHI:       0/0/8126 MB DedicatedVideo/DedicatedSystem/SharedSystem, Outputs:0, VendorId:0x1414
[2019.05.16-07.21.52:051][  0]LogD3D11RHI: Chosen D3D11 Adapter: 0
[2019.05.16-07.21.52:060][  0]LogD3D11RHI: Creating new Direct3DDevice
[2019.05.16-07.21.52:060][  0]LogD3D11RHI:     GPU DeviceId: 0x1c03 (for the marketing name, search the web for "GPU Device Id")
[2019.05.16-07.21.52:075][  0]LogWindows: EnumDisplayDevices:
[2019.05.16-07.21.52:075][  0]LogWindows:    0. 'Intel(R) HD Graphics 530' (P:0 D:1)
[2019.05.16-07.21.52:076][  0]LogWindows:    1. 'Intel(R) HD Graphics 530' (P:0 D:0)
[2019.05.16-07.21.52:076][  0]LogWindows:    2. 'Intel(R) HD Graphics 530' (P:0 D:0)
[2019.05.16-07.21.52:076][  0]LogWindows:    3. 'NVIDIA GeForce GTX 1060 6GB' (P:1 D:1)
[2019.05.16-07.21.52:076][  0]LogWindows:    4. 'NVIDIA GeForce GTX 1060 6GB' (P:0 D:0)
[2019.05.16-07.21.52:077][  0]LogWindows:    5. 'NVIDIA GeForce GTX 1060 6GB' (P:0 D:0)
[2019.05.16-07.21.52:077][  0]LogWindows:    6. 'NVIDIA GeForce GTX 1060 6GB' (P:0 D:0)
[2019.05.16-07.21.52:077][  0]LogWindows: DebugString: PrimaryIsNotTheChoosenAdapter PrimaryIsNotTheChoosenAdapter PrimaryIsNotTheChoosenAdapter FoundDriverCount:4 
[2019.05.16-07.21.52:077][  0]LogD3D11RHI:     Adapter Name: NVIDIA GeForce GTX 1060 6GB
[2019.05.16-07.21.52:084][  0]LogD3D11RHI:   Driver Version: 388.13 (internal:23.21.13.8813, unified:388.13)
[2019.05.16-07.21.52:084][  0]LogD3D11RHI:      Driver Date: 10-27-2017
[2019.05.16-07.21.52:084][  0]LogRHI: Texture pool is 4242 MB (70% of 6061 MB)
[2019.05.16-07.21.52:117][  0]LogD3D11RHI: Async texture creation enabled
[2019.05.16-07.21.52:345][  0]LogD3D11RHI: GPU Timing Frequency: 1000.000000 (Debug: 2 1)
[2019.05.16-07.21.52:438][  0]LogShaderCompilers: Guid format shader working directory is -15 characters bigger than the processId version (D:/Users/97randy/Documents/GitHub/Knight-Crasher/KnightCrasher/Intermediate/Shaders/WorkingDirectory/14012/).
[2019.05.16-07.21.52:438][  0]LogShaderCompilers: Cleaned the shader compiler working directory 'C:/Users/97randy/AppData/Local/Temp/UnrealShaderWorkingDir/4CB3FE23454B449180AFF8937B9CBB91/'.
[2019.05.16-07.21.53:101][  0]LogTemp: Display: Loaded TP AllDesktopTargetPlatform
[2019.05.16-07.21.53:130][  0]LogTemp: Display: Loaded TP MacClientTargetPlatform
[2019.05.16-07.21.53:152][  0]LogTemp: Display: Loaded TP MacNoEditorTargetPlatform
[2019.05.16-07.21.53:176][  0]LogTemp: Display: Loaded TP MacServerTargetPlatform
[2019.05.16-07.21.53:212][  0]LogTemp: Display: Loaded TP MacTargetPlatform
[2019.05.16-07.21.53:251][  0]LogTemp: Display: Loaded TP WindowsClientTargetPlatform
[2019.05.16-07.21.53:271][  0]LogTemp: Display: Loaded TP WindowsNoEditorTargetPlatform
[2019.05.16-07.21.53:295][  0]LogTemp: Display: Loaded TP WindowsServerTargetPlatform
[2019.05.16-07.21.53:310][  0]LogTemp: Display: Loaded TP WindowsTargetPlatform
[2019.05.16-07.21.53:408][  0]LogTemp: Display: Loaded TP AndroidTargetPlatform
[2019.05.16-07.21.53:408][  0]LogTemp: Display: Loaded TP AndroidTargetPlatform
[2019.05.16-07.21.53:408][  0]LogTemp: Display: Loaded TP AndroidTargetPlatform
[2019.05.16-07.21.53:408][  0]LogTemp: Display: Loaded TP AndroidTargetPlatform
[2019.05.16-07.21.53:408][  0]LogTemp: Display: Loaded TP AndroidTargetPlatform
[2019.05.16-07.21.53:408][  0]LogTemp: Display: Loaded TP AndroidTargetPlatform
[2019.05.16-07.21.53:408][  0]LogTemp: Display: Loaded TP AndroidTargetPlatform
[2019.05.16-07.21.53:408][  0]LogTemp: Display: Loaded TP AndroidTargetPlatform
[2019.05.16-07.21.53:408][  0]LogTemp: Display: Loaded TP AndroidTargetPlatform
[2019.05.16-07.21.53:408][  0]LogTemp: Display: Loaded TP AndroidTargetPlatform
[2019.05.16-07.21.53:408][  0]LogTemp: Display: Loaded TP AndroidTargetPlatform
[2019.05.16-07.21.53:408][  0]LogTemp: Display: Loaded TP AndroidTargetPlatform
[2019.05.16-07.21.53:408][  0]LogTemp: Display: Loaded TP AndroidTargetPlatform
[2019.05.16-07.21.53:408][  0]LogTemp: Display: Loaded TP AndroidTargetPlatform
[2019.05.16-07.21.53:408][  0]LogTemp: Display: Loaded TP AndroidTargetPlatform
[2019.05.16-07.21.53:408][  0]LogTemp: Display: Loaded TP AndroidTargetPlatform
[2019.05.16-07.21.53:408][  0]LogTemp: Display: Loaded TP AndroidTargetPlatform
[2019.05.16-07.21.53:408][  0]LogTemp: Display: Loaded TP AndroidTargetPlatform
[2019.05.16-07.21.53:431][  0]LogTemp: Display: Loaded TP HTML5TargetPlatform
[2019.05.16-07.21.53:552][  0]LogTemp: Display: Loaded TP IOSTargetPlatform
[2019.05.16-07.21.53:552][  0]LogTemp: Display: Loaded TP IOSTargetPlatform
[2019.05.16-07.21.53:607][  0]LogTemp: Display: Loaded TP TVOSTargetPlatform
[2019.05.16-07.21.53:607][  0]LogTemp: Display: Loaded TP TVOSTargetPlatform
[2019.05.16-07.21.53:636][  0]LogTemp: Display: Loaded TP LinuxClientTargetPlatform
[2019.05.16-07.21.53:661][  0]LogTemp: Display: Loaded TP LinuxNoEditorTargetPlatform
[2019.05.16-07.21.53:692][  0]LogTemp: Display: Loaded TP LinuxServerTargetPlatform
[2019.05.16-07.21.53:726][  0]LogTemp: Display: Loaded TP LinuxTargetPlatform
[2019.05.16-07.21.53:750][  0]LogTemp: Display: Loaded TP LuminTargetPlatform
[2019.05.16-07.21.53:750][  0]LogTargetPlatformManager: Display: Building Assets For Windows
[2019.05.16-07.21.54:389][  0]LogXGEController: Cleaning working directory: C:/Users/97randy/AppData/Local/Temp/UnrealXGEWorkingDir/
[2019.05.16-07.21.54:390][  0]LogXGEController: Cannot use XGE Controller as Incredibuild is not installed on this machine.
[2019.05.16-07.21.54:390][  0]LogShaderCompilers: Cannot use XGE Shader Compiler as Incredibuild is not installed on this machine.
[2019.05.16-07.21.54:390][  0]LogShaderCompilers: Display: Using Local Shader Compiler.
[2019.05.16-07.21.57:283][  0]LogDerivedDataCache: Display: Max Cache Size: 512 MB
[2019.05.16-07.21.57:705][  0]LogDerivedDataCache: Loaded boot cache 0.42s 71MB C:/Users/97randy/AppData/Local/UnrealEngine/4.20/DerivedDataCache/Boot.ddc.
[2019.05.16-07.21.57:705][  0]LogDerivedDataCache: Display: Loaded Boot cache: C:/Users/97randy/AppData/Local/UnrealEngine/4.20/DerivedDataCache/Boot.ddc
[2019.05.16-07.21.57:705][  0]LogDerivedDataCache: FDerivedDataBackendGraph:  Pak pak cache file D:/Users/97randy/Documents/GitHub/Knight-Crasher/KnightCrasher/DerivedDataCache/DDC.ddp not found, will not use a pak cache.
[2019.05.16-07.21.57:706][  0]LogDerivedDataCache: Unable to find inner node Pak for hierarchical cache Hierarchy.
[2019.05.16-07.21.57:706][  0]LogDerivedDataCache: FDerivedDataBackendGraph:  CompressedPak pak cache file D:/Users/97randy/Documents/GitHub/Knight-Crasher/KnightCrasher/DerivedDataCache/Compressed.ddp not found, will not use a pak cache.
[2019.05.16-07.21.57:706][  0]LogDerivedDataCache: Unable to find inner node CompressedPak for hierarchical cache Hierarchy.
[2019.05.16-07.21.57:755][  0]LogDerivedDataCache: Display: Pak cache opened for reading ../../../Engine/DerivedDataCache/Compressed.ddp.
[2019.05.16-07.21.57:767][  0]LogDerivedDataCache: Using Local data cache path C:/Users/97randy/AppData/Local/UnrealEngine/Common/DerivedDataCache: Writable
[2019.05.16-07.21.57:767][  0]LogDerivedDataCache: Shared data cache path not found in *engine.ini, will not use an Shared cache.
[2019.05.16-07.21.57:767][  0]LogDerivedDataCache: Unable to find inner node Shared for hierarchical cache Hierarchy.
[2019.05.16-07.21.57:847][  0]LogMaterial: Verifying Global Shaders for PCD3D_SM5
[2019.05.16-07.21.57:896][  0]LogSlate: Using FreeType 2.6.0
[2019.05.16-07.21.57:973][  0]LogSlate: SlateFontServices - WITH_FREETYPE: 1, WITH_HARFBUZZ: 1
[2019.05.16-07.21.58:771][  0]LogAssetRegistry: FAssetRegistry took 0.0372 seconds to start up
[2019.05.16-07.22.02:080][  0]LogInit: Selected Device Profile: [Windows]
[2019.05.16-07.22.03:406][  0]LogSimplygon: Simplygon DLL not present - disabling.
[2019.05.16-07.22.03:523][  0]LogMeshReduction: Using SimplygonSwarm for distributed automatic mesh merging
[2019.05.16-07.22.03:523][  0]LogMeshReduction: Using ProxyLODMeshReduction for automatic mesh merging
[2019.05.16-07.22.03:524][  0]LogMeshReduction: Using QuadricMeshReduction for automatic static mesh reduction
[2019.05.16-07.22.03:524][  0]LogMeshReduction: No automatic skeletal mesh reduction module available
[2019.05.16-07.22.03:831][  0]LogNetVersion: KnightCrasher 1.0.0, NetCL: 4212847, EngineNetVer: 5, GameNetVer: 0 (Checksum: 588298797)
[2019.05.16-07.22.07:771][  0]LogPackageLocalizationCache: Processed 11 localized package path(s) for 2 prioritized culture(s) in 0.129661 seconds
[2019.05.16-07.22.07:819][  0]LogUObjectArray: 38425 objects as part of root set at end of initial load.
[2019.05.16-07.22.07:819][  0]LogUObjectAllocator: 6690872 out of 0 bytes used by permanent object pool.
[2019.05.16-07.22.07:819][  0]LogUObjectArray: CloseDisregardForGC: 0/0 objects in disregard for GC pool
[2019.05.16-07.22.29:807][  0]LogTcpMessaging: Initializing TcpMessaging bridge
[2019.05.16-07.22.29:848][  0]LogUdpMessaging: Initializing bridge on interface 0.0.0.0:0 to multicast group 230.0.0.1:6666.
[2019.05.16-07.22.30:920][  0]SourceControl: Source control is disabled
[2019.05.16-07.22.30:936][  0]SourceControl: Source control is disabled
[2019.05.16-07.22.30:997][  0]SourceControl: Source control is disabled
[2019.05.16-07.22.31:022][  0]SourceControl: Source control is disabled
[2019.05.16-07.22.32:123][  0]LogAndroidPermission: UAndroidPermissionCallbackProxy::GetInstance
[2019.05.16-07.22.32:394][  0]LogOcInput: OculusInput pre-init called
[2019.05.16-07.22.32:979][  0]LogEngine: Initializing Engine...
[2019.05.16-07.22.33:024][  0]LogHMD: Failed to initialize OpenVR with code 110
[2019.05.16-07.22.33:044][  0]LogStats: UGameplayTagsManager::ConstructGameplayTagTree: ImportINI prefixes -  0.000 s
[2019.05.16-07.22.33:044][  0]LogStats: UGameplayTagsManager::ConstructGameplayTagTree: Construct from data asset -  0.000 s
[2019.05.16-07.22.33:045][  0]LogStats: UGameplayTagsManager::ConstructGameplayTagTree: ImportINI -  0.000 s
[2019.05.16-07.22.33:045][  0]LogStats: UGameplayTagsManager::ConstructGameplayTagTree: GameplayTagTreeChangedEvent.Broadcast -  0.000 s
[2019.05.16-07.22.33:739][  0]LogInit: Initializing FReadOnlyCVARCache
[2019.05.16-07.22.34:125][  0]LogAIModule: Creating AISystem for world Untitled
[2019.05.16-07.22.34:309][  0]LogInit: XAudio2 using 'Speakers (Realtek High Definition Audio)' : 2 channels at 48 kHz using 32 bits per sample (channel mask 0x3)
[2019.05.16-07.22.34:374][  0]LogInit: FAudioDevice initialized.
[2019.05.16-07.22.34:374][  0]LogNetVersion: Set ProjectVersion to 1.0.0.0. Version Checksum will be recalculated on next use.
[2019.05.16-07.22.34:500][  0]LogDerivedDataCache: Saved boot cache 0.13s 71MB C:/Users/97randy/AppData/Local/UnrealEngine/4.20/DerivedDataCache/Boot.ddc.
[2019.05.16-07.22.34:511][  0]LogInit: Texture streaming: Enabled
[2019.05.16-07.22.34:632][  0]LogEngineSessionManager: EngineSessionManager initialized
[2019.05.16-07.22.34:757][  0]LogInit: Transaction tracking system initialized
[2019.05.16-07.22.35:182][  0]BlueprintLog: New page: Editor Load
[2019.05.16-07.22.36:347][  0]LocalizationService: Localization service is disabled
[2019.05.16-07.22.38:953][  0]LogCook: Display: Max memory allowance for cook 16384mb min free memory 0mb
[2019.05.16-07.22.38:961][  0]LogCook: Display: Mobile HDR setting 1
[2019.05.16-07.22.38:969][  0]LogFileCache: Scanning file cache for directory 'D:/Users/97randy/Documents/GitHub/Knight-Crasher/KnightCrasher/Content/' took 0.07s
[2019.05.16-07.22.38:969][  0]LogGameplayTags: Display: UGameplayTagsManager::DoneAddingNativeTags. DelegateIsBound: 0
[2019.05.16-07.22.38:969][  0]LogStats: UGameplayTagsManager::ConstructGameplayTagTree: ImportINI prefixes -  0.000 s
[2019.05.16-07.22.38:969][  0]LogStats: UGameplayTagsManager::ConstructGameplayTagTree: Construct from data asset -  0.000 s
[2019.05.16-07.22.38:969][  0]LogStats: UGameplayTagsManager::ConstructGameplayTagTree: ImportINI -  0.000 s
[2019.05.16-07.22.38:969][  0]LogStats: UGameplayTagsManager::ConstructGameplayTagTree: GameplayTagTreeChangedEvent.Broadcast -  0.000 s
[2019.05.16-07.22.40:932][  0]SourceControl: Source control is disabled
[2019.05.16-07.22.40:955][  0]Cmd: MAP LOAD FILE="D:/Users/97randy/Documents/GitHub/Knight-Crasher/KnightCrasher/Content/KnightCrasher/Maps/Intro_Map.umap" TEMPLATE=0 SHOWPROGRESS=1 FEATURELEVEL=3
[2019.05.16-07.22.40:957][  0]LightingResults: New page: Lighting Build
[2019.05.16-07.22.41:087][  0]MapCheck: New page: Map Check
[2019.05.16-07.22.41:087][  0]LightingResults: New page: Lighting Build
[2019.05.16-07.22.51:811][  0]LogAIModule: Creating AISystem for world Intro_Map
[2019.05.16-07.22.52:755][  0]LogEditorServer: Finished looking for orphan Actors (0.000 secs)
[2019.05.16-07.22.52:962][  0]Cmd: MAP CHECKDEP NOCLEARLOG
[2019.05.16-07.22.53:066][  0]MapCheck: Map check complete: 0 Error(s), 0 Warning(s), took 103.974ms to complete.
[2019.05.16-07.22.53:081][  0]LogFileHelpers: Loading map 'Intro_Map' took 12.143
[2019.05.16-07.22.54:735][  0]LogSlate: Updating window title bar state: overlay mode, drag disabled, window buttons hidden, title bar hidden
[2019.05.16-07.22.54:776][  0]LogSlate: Updating window title bar state: overlay mode, drag disabled, window buttons hidden, title bar hidden
[2019.05.16-07.22.54:786][  0]LogSlate: Updating window title bar state: overlay mode, drag disabled, window buttons hidden, title bar hidden
[2019.05.16-07.22.54:794][  0]LogSlate: Updating window title bar state: overlay mode, drag disabled, window buttons hidden, title bar hidden
[2019.05.16-07.22.54:869][  0]LogCollectionManager: Loaded 0 collections in 0.001269 seconds
[2019.05.16-07.22.54:992][  0]LogFileCache: Scanning file cache for directory 'D:/Users/97randy/Documents/GitHub/Knight-Crasher/KnightCrasher/Saved/Collections/' took 0.01s
[2019.05.16-07.22.54:993][  0]LogFileCache: Scanning file cache for directory 'D:/Users/97randy/Documents/GitHub/Knight-Crasher/KnightCrasher/Content/Developers/97randy/Collections/' took 0.01s
[2019.05.16-07.22.54:993][  0]LogFileCache: Scanning file cache for directory 'D:/Users/97randy/Documents/GitHub/Knight-Crasher/KnightCrasher/Content/Collections/' took 0.01s
[2019.05.16-07.22.54:993][  0]LogCollectionManager: Rebuilt the GUID cache for 0 collections in 0.000000 seconds
[2019.05.16-07.22.55:007][  0]LogContentBrowser: Native class hierarchy populated in 0.0106 seconds. Added 2572 classes and 603 folders.
[2019.05.16-07.22.55:152][  0]LogContentBrowser: Native class hierarchy updated for 'WidgetCarousel' in 0.0002 seconds. Added 0 classes and 0 folders.
[2019.05.16-07.22.56:642][  0]LogContentBrowser: Native class hierarchy updated for 'AddContentDialog' in 0.0004 seconds. Added 0 classes and 0 folders.
[2019.05.16-07.22.56:686][  0]LogContentBrowser: Native class hierarchy updated for 'SceneOutliner' in 0.0004 seconds. Added 1 classes and 2 folders.
[2019.05.16-07.22.57:741][  0]LogSlate: Took 0.027156 seconds to synchronously load lazily loaded font '../../../Engine/Content/Slate/Fonts/Roboto-Regular.ttf' (155K)
[2019.05.16-07.22.57:766][  0]LogSlate: Took 0.009861 seconds to synchronously load lazily loaded font '../../../Engine/Content/Slate/Fonts/Roboto-Bold.ttf' (160K)
[2019.05.16-07.22.57:833][  0]LogSlate: Took 0.015373 seconds to synchronously load lazily loaded font '../../../Engine/Content/Editor/Slate/Fonts/FontAwesome.ttf' (139K)
[2019.05.16-07.22.58:644][  0]LogRenderer: Reallocating scene render targets to support 1268x540 Format 10 NumSamples 1 (Frame:1).
[2019.05.16-07.22.59:357][  0]LogContentBrowser: Native class hierarchy updated for 'HierarchicalLODOutliner' in 0.0005 seconds. Added 0 classes and 0 folders.
[2019.05.16-07.22.59:357][  0]LogLoad: (Engine Initialization) Total time: 81.82 seconds
[2019.05.16-07.22.59:357][  0]LogLoad: (Engine Initialization) Total Blueprint compile time: 0.00 seconds
[2019.05.16-07.22.59:741][  0]LogContentStreaming: Texture pool size now 1000 MB
[2019.05.16-07.23.00:022][  0]LogSlate: Took 0.019416 seconds to synchronously load lazily loaded font '../../../Engine/Content/Slate/Fonts/Roboto-Light.ttf' (167K)
[2019.05.16-07.23.00:614][  7]LogAssetRegistry: Asset discovery search completed in 61.8677 seconds
[2019.05.16-07.23.00:626][  7]LogCollectionManager: Rebuilt the object cache for 0 collections in 0.000000 seconds (found 0 objects)
[2019.05.16-07.23.00:626][  7]LogCollectionManager: Fixed up redirectors for 0 collections in 0.009116 seconds (updated 0 objects)
[2019.05.16-07.23.06:027][569]LogSlate: FSceneViewport::OnFocusLost() reason 0
[2019.05.16-07.23.48:630][669]LogSlate: Took 0.000190 seconds to synchronously load lazily loaded font '../../../Engine/Content/Slate/Fonts/Roboto-Light.ttf' (167K)
[2019.05.16-07.23.48:644][669]LogAssetEditorManager: Opening Asset editor for Blueprint /Game/KnightCrasher/GameInstance_KnightCrasher.GameInstance_KnightCrasher
[2019.05.16-07.23.49:446][669]LogClass: Warning: Enum '/Game/UI_Kit/Blueprints/Objectives/E_ObjectiveType.E_ObjectiveType' was upgraded to use FText to store its display name data. Please re-save this asset to avoid issues with localization and determinstic cooking.
[2019.05.16-07.23.49:454][669]LogClass: Warning: Enum '/Game/UI_Kit/Showcase/DemoRoom/BluePrint/BP_DemoDisplay_Enum.BP_DemoDisplay_Enum' was upgraded to use FText to store its display name data. Please re-save this asset to avoid issues with localization and determinstic cooking.
[2019.05.16-07.23.49:480][669]LogClass: Warning: Enum '/Game/UI_Kit/Widgets/Window/ResizeType.ResizeType' was upgraded to use FText to store its display name data. Please re-save this asset to avoid issues with localization and determinstic cooking.
[2019.05.16-07.23.49:669][669]LogContentBrowser: Native class hierarchy updated for 'BlueprintGraph' in 0.0006 seconds. Added 116 classes and 0 folders.
[2019.05.16-07.23.51:089][669]LogSlate: Took 0.013904 seconds to synchronously load lazily loaded font '../../../Engine/Content/Slate/Fonts/Roboto-BoldCondensed.ttf' (158K)
[2019.05.16-07.23.51:661][670]LogSlate: Took 0.012848 seconds to synchronously load lazily loaded font '../../../Engine/Content/Slate/Fonts/Roboto-Italic.ttf' (157K)
[2019.05.16-07.24.00:307][484]BlueprintLog: New page: Compile GameInstance_KnightCrasher
[2019.05.16-07.24.00:700][499]BlueprintLog: New page: Compile GameInstance_KnightCrasher
[2019.05.16-07.24.06:288][115]LogSlate: FSceneViewport::OnFocusLost() reason 0
[2019.05.16-07.24.11:229][694]LogAssetEditorManager: Opening Asset editor for WidgetBlueprint /Game/KnightCrasher/UI/WBP_PlayerInfo.WBP_PlayerInfo
[2019.05.16-07.24.22:701][510]LogSlate: Took 0.050139 seconds to synchronously load lazily loaded font '../../../Engine/Content/Slate/Fonts/DroidSansFallback.ttf' (3848K)
[2019.05.16-07.27.10:298][150]BlueprintLog: New page: Compile WBP_PlayerInfo
[2019.05.16-07.28.18:650][170]BlueprintLog: New page: Compile WBP_PlayerInfo
[2019.05.16-07.28.34:028][836]BlueprintLog: New page: Compile WBP_PlayerInfo
[2019.05.16-07.28.47:019][297]BlueprintLog: New page: Compile WBP_PlayerInfo
[2019.05.16-07.28.48:464][451]BlueprintLog: New page: Compile WBP_PlayerInfo
[2019.05.16-07.28.52:248][868]BlueprintLog: New page: Compile WBP_PlayerInfo
[2019.05.16-07.28.52:414][880]BlueprintLog: New page: Compile WBP_PlayerInfo
[2019.05.16-07.29.25:267][302]BlueprintLog: New page: Compile WBP_PlayerInfo
[2019.05.16-07.29.25:788][317]Cmd: OBJ SAVEPACKAGE PACKAGE="/Game/KnightCrasher/UI/WBP_PlayerInfo" FILE="D:/Users/97randy/Documents/GitHub/Knight-Crasher/KnightCrasher/Content/KnightCrasher/UI/WBP_PlayerInfo.uasset" SILENT=true
[2019.05.16-07.29.25:992][317]LogSavePackage: Moving 'D:/Users/97randy/Documents/GitHub/Knight-Crasher/KnightCrasher/Saved/WBP_PlayerInfoEABC609D4B8998A3CCE18CAB41468305.tmp' to 'D:/Users/97randy/Documents/GitHub/Knight-Crasher/KnightCrasher/Content/KnightCrasher/UI/WBP_PlayerInfo.uasset'
[2019.05.16-07.29.26:309][350]Cmd: OBJ SAVEPACKAGE PACKAGE="/Game/KnightCrasher/UI/WBP_PlayerInfo" FILE="D:/Users/97randy/Documents/GitHub/Knight-Crasher/KnightCrasher/Content/KnightCrasher/UI/WBP_PlayerInfo.uasset" SILENT=true
[2019.05.16-07.29.26:344][350]LogSavePackage: Moving 'D:/Users/97randy/Documents/GitHub/Knight-Crasher/KnightCrasher/Saved/WBP_PlayerInfoB1CE397941F8B182DC3C559C767E8D2F.tmp' to 'D:/Users/97randy/Documents/GitHub/Knight-Crasher/KnightCrasher/Content/KnightCrasher/UI/WBP_PlayerInfo.uasset'
[2019.05.16-07.29.30:235][781]LogTemp: Repeating last play command: New Editor Window (PIE)
[2019.05.16-07.29.30:309][781]LogPlayLevel: PlayLevel: No blueprints needed recompiling
[2019.05.16-07.29.30:449][781]PIE: New page: PIE session: Intro_Map (May 15, 2019, 5:29:30 PM)
[2019.05.16-07.29.30:466][781]LogPlayLevel: Creating play world package: /Game/KnightCrasher/Maps/UEDPIE_0_Intro_Map
[2019.05.16-07.29.30:590][781]LogPlayLevel: PIE: StaticDuplicateObject took: (0.124179s)
[2019.05.16-07.29.30:591][781]LogAIModule: Creating AISystem for world Intro_Map
[2019.05.16-07.29.30:598][781]LogPlayLevel: PIE: World Init took: (0.008322s)
[2019.05.16-07.29.30:604][781]LogPlayLevel: PIE: Created PIE world by copying editor world from /Game/KnightCrasher/Maps/Intro_Map.Intro_Map to /Game/KnightCrasher/Maps/UEDPIE_0_Intro_Map.Intro_Map (0.138922s)
[2019.05.16-07.29.30:686][781]LogInit: XAudio2 using 'Speakers (Realtek High Definition Audio)' : 2 channels at 48 kHz using 32 bits per sample (channel mask 0x3)
[2019.05.16-07.29.30:726][781]LogInit: FAudioDevice initialized.
[2019.05.16-07.29.30:761][781]LogSlate: Updating window title bar state: overlay mode, drag disabled, window buttons hidden, title bar hidden
[2019.05.16-07.29.30:856][781]LogLoad: Game class is 'KnightCrasher_Gamemode_C'
[2019.05.16-07.29.30:898][781]LogWorld: Bringing World /Game/KnightCrasher/Maps/UEDPIE_0_Intro_Map.Intro_Map up for play (max tick rate 0) at 2019.05.16-00.29.30
[2019.05.16-07.29.31:032][781]LogWorld: Bringing up level for play took: 0.175316
[2019.05.16-07.29.31:201][781]LogContentBrowser: Native class hierarchy updated for 'MovieSceneCapture' in 0.0003 seconds. Added 10 classes and 0 folders.
[2019.05.16-07.29.31:317][781]PIE: Play in editor start time for /Game/KnightCrasher/Maps/UEDPIE_0_Intro_Map 0.155
[2019.05.16-07.29.31:706][781]LogRenderer: Reallocating scene render targets to support 1292x756 Format 10 NumSamples 1 (Frame:1).
[2019.05.16-07.29.41:152][479]LogSlate: Updating window title bar state: overlay mode, drag disabled, window buttons hidden, title bar hidden
[2019.05.16-07.29.41:184][479]LogSlate: Window 'KnightCrasher Game Preview Standalone (64-bit/PCD3D_SM5)' being destroyed
[2019.05.16-07.29.41:276][479]LogPlayLevel: Display: Shutting down PIE online subsystems
[2019.05.16-07.29.41:435][480]LogPlayLevel: Display: Destroying online subsystem :Context_5
[2019.05.16-07.34.21:304][ 57]LogSlate: Window 'WBP_PlayerInfo' being destroyed
[2019.05.16-07.34.21:451][ 57]LogSlate: Window 'KnightCrasher - Unreal Editor' being destroyed
[2019.05.16-07.34.21:452][ 57]LogWindowsTextInputMethodSystem: Display: IME system now deactivated.
[2019.05.16-07.34.21:873][ 58]Cmd: QUIT_EDITOR
[2019.05.16-07.34.22:826][ 58]LogExit: Preparing to exit.
[2019.05.16-07.34.23:616][ 58]LogExit: Editor shut down
[2019.05.16-07.34.23:616][ 58]LogExit: Transaction tracking system shut down
[2019.05.16-07.34.24:893][ 58]LogExit: Object subsystem successfully closed.
[2019.05.16-07.34.25:019][ 58]LogShaderCompilers: Display: Shaders left to compile 0
[2019.05.16-07.34.25:035][ 58]LogD3D11RHI: Shutdown
[2019.05.16-07.34.25:035][ 58]LogD3D11RHI: CleanupD3DDevice
[2019.05.16-07.34.25:087][ 58]LogD3D11RHI: ~FD3D11DynamicRHI
[2019.05.16-07.34.25:985][ 58]LogModuleManager: Shutting down and abandoning module MovieSceneCapture (618)
[2019.05.16-07.34.25:985][ 58]LogModuleManager: Shutting down and abandoning module Voice (616)
[2019.05.16-07.34.25:997][ 58]LogModuleManager: Shutting down and abandoning module SequencerWidgets (614)
[2019.05.16-07.34.25:997][ 58]LogModuleManager: Shutting down and abandoning module BlueprintGraph (612)
[2019.05.16-07.34.25:997][ 58]LogModuleManager: Shutting down and abandoning module HierarchicalLODOutliner (610)
[2019.05.16-07.34.25:997][ 58]LogModuleManager: Shutting down and abandoning module SceneOutliner (608)
[2019.05.16-07.34.25:997][ 58]LogModuleManager: Shutting down and abandoning module AddContentDialog (606)
[2019.05.16-07.34.26:019][ 58]LogModuleManager: Shutting down and abandoning module WidgetCarousel (605)
[2019.05.16-07.34.26:019][ 58]LogModuleManager: Shutting down and abandoning module EditorWidgets (602)
[2019.05.16-07.34.26:019][ 58]LogModuleManager: Shutting down and abandoning module CollectionManager (600)
[2019.05.16-07.34.26:039][ 58]LogModuleManager: Shutting down and abandoning module StatsViewer (598)
[2019.05.16-07.34.26:053][ 58]LogModuleManager: Shutting down and abandoning module FoliageEdit (596)
[2019.05.16-07.34.26:061][ 58]LogModuleManager: Shutting down and abandoning module LandscapeEditor (594)
[2019.05.16-07.34.26:070][ 58]LogModuleManager: Shutting down and abandoning module MeshPaintMode (592)
[2019.05.16-07.34.26:074][ 58]LogModuleManager: Shutting down and abandoning module SceneDepthPickerMode (590)
[2019.05.16-07.34.26:074][ 58]LogModuleManager: Shutting down and abandoning module ActorPickerMode (588)
[2019.05.16-07.34.26:074][ 58]LogModuleManager: Shutting down and abandoning module GeometryMode (586)
[2019.05.16-07.34.26:074][ 58]LogModuleManager: Shutting down and abandoning module TextureAlignMode (584)
[2019.05.16-07.34.26:074][ 58]LogModuleManager: Shutting down and abandoning module BspMode (582)
[2019.05.16-07.34.26:074][ 58]LogModuleManager: Shutting down and abandoning module PIEPreviewDeviceProfileSelector (580)
[2019.05.16-07.34.26:087][ 58]LogModuleManager: Shutting down and abandoning module SequenceRecorderSections (578)
[2019.05.16-07.34.26:095][ 58]LogModuleManager: Shutting down and abandoning module AutomationWorker (576)
[2019.05.16-07.34.26:095][ 58]LogModuleManager: Shutting down and abandoning module AudioCaptureEditor (574)
[2019.05.16-07.34.26:095][ 58]LogModuleManager: Shutting down and abandoning module SequenceRecorder (573)
[2019.05.16-07.34.26:099][ 58]LogModuleManager: Shutting down and abandoning module MatineeToLevelSequence (570)
[2019.05.16-07.34.26:116][ 58]LogModuleManager: Shutting down and abandoning module LevelSequenceEditor (568)
[2019.05.16-07.34.26:126][ 58]LogModuleManager: Shutting down and abandoning module PlacementMode (567)
[2019.05.16-07.34.26:126][ 58]LogModuleManager: Shutting down and abandoning module MaterialEditor (566)
[2019.05.16-07.34.26:167][ 58]LogModuleManager: Shutting down and abandoning module WmfMediaFactory (562)
[2019.05.16-07.34.26:167][ 58]LogModuleManager: Shutting down and abandoning module WmfMediaEditor (560)
[2019.05.16-07.34.26:167][ 58]LogModuleManager: Shutting down and abandoning module MediaPlayerEditor (558)
[2019.05.16-07.34.26:185][ 58]LogModuleManager: Shutting down and abandoning module OpenExrWrapper (556)
[2019.05.16-07.34.26:185][ 58]LogModuleManager: Shutting down and abandoning module ImgMediaFactory (554)
[2019.05.16-07.34.26:185][ 58]LogModuleManager: Shutting down and abandoning module ImgMediaEditor (552)
[2019.05.16-07.34.26:185][ 58]LogModuleManager: Shutting down and abandoning module AvfMediaFactory (550)
[2019.05.16-07.34.26:185][ 58]LogModuleManager: Shutting down and abandoning module AvfMediaEditor (548)
[2019.05.16-07.34.26:185][ 58]LogModuleManager: Shutting down and abandoning module AndroidMediaFactory (546)
[2019.05.16-07.34.26:185][ 58]LogModuleManager: Shutting down and abandoning module AndroidMediaEditor (544)
[2019.05.16-07.34.26:185][ 58]LogModuleManager: Shutting down and abandoning module MagicLeapCameraPreviewFactory (542)
[2019.05.16-07.34.26:185][ 58]LogModuleManager: Shutting down and abandoning module MagicLeapMediaFactory (540)
[2019.05.16-07.34.26:185][ 58]LogModuleManager: Shutting down and abandoning module MagicLeapMediaEditor (538)
[2019.05.16-07.34.26:185][ 58]LogModuleManager: Shutting down and abandoning module CharacterAI (536)
[2019.05.16-07.34.26:185][ 58]LogModuleManager: Shutting down and abandoning module SmartSnapping (534)
[2019.05.16-07.34.26:185][ 58]LogModuleManager: Shutting down and abandoning module SessionServices (532)
[2019.05.16-07.34.26:185][ 58]LogModuleManager: Shutting down and abandoning module ViewportSnapping (530)
[2019.05.16-07.34.26:185][ 58]LogModuleManager: Shutting down and abandoning module ViewportInteraction (528)
[2019.05.16-07.34.26:185][ 58]LogModuleManager: Shutting down and abandoning module ClothPainter (526)
[2019.05.16-07.34.26:219][ 58]LogModuleManager: Shutting down and abandoning module SkeletalMeshEditor (525)
[2019.05.16-07.34.26:238][ 58]LogModuleManager: Shutting down and abandoning module LogVisualizer (522)
[2019.05.16-07.34.26:249][ 58]LogModuleManager: Shutting down and abandoning module IntroTutorials (520)
[2019.05.16-07.34.26:268][ 58]LogModuleManager: Shutting down and abandoning module GameProjectGeneration (519)
[2019.05.16-07.34.26:277][ 58]LogModuleManager: Shutting down and abandoning module LuminPlatformEditor (516)
[2019.05.16-07.34.26:277][ 58]LogModuleManager: Shutting down and abandoning module IOSPlatformEditor (514)
[2019.05.16-07.34.26:291][ 58]LogModuleManager: Shutting down and abandoning module HTML5PlatformEditor (512)
[2019.05.16-07.34.26:291][ 58]LogModuleManager: Shutting down and abandoning module AndroidPlatformEditor (510)
[2019.05.16-07.34.26:291][ 58]LogModuleManager: Shutting down and abandoning module AndroidDeviceDetection (509)
[2019.05.16-07.34.28:018][ 58]LogModuleManager: Shutting down and abandoning module WindowsPlatformEditor (506)
[2019.05.16-07.34.28:019][ 58]LogModuleManager: Shutting down and abandoning module LuminRuntimeSettings (504)
[2019.05.16-07.34.28:019][ 58]LogModuleManager: Shutting down and abandoning module IOSRuntimeSettings (502)
[2019.05.16-07.34.28:019][ 58]LogModuleManager: Shutting down and abandoning module AndroidRuntimeSettings (500)
[2019.05.16-07.34.28:019][ 58]LogModuleManager: Shutting down and abandoning module InputBindingEditor (498)
[2019.05.16-07.34.28:036][ 58]LogModuleManager: Shutting down and abandoning module MergeActors (496)
[2019.05.16-07.34.28:045][ 58]LogModuleManager: Shutting down and abandoning module LocalizationDashboard (494)
[2019.05.16-07.34.28:056][ 58]LogModuleManager: Shutting down and abandoning module LocalizationService (493)
[2019.05.16-07.34.28:062][ 58]LogModuleManager: Shutting down and abandoning module HardwareTargeting (490)
[2019.05.16-07.34.28:062][ 58]LogModuleManager: Shutting down and abandoning module DeviceProfileEditor (488)
[2019.05.16-07.34.28:062][ 58]LogModuleManager: Shutting down and abandoning module UndoHistory (486)
[2019.05.16-07.34.28:067][ 58]LogModuleManager: Shutting down and abandoning module XmlParser (484)
[2019.05.16-07.34.28:067][ 58]LogModuleManager: Shutting down and abandoning module Blutility (482)
[2019.05.16-07.34.28:074][ 58]LogModuleManager: Shutting down and abandoning module ProjectSettingsViewer (480)
[2019.05.16-07.34.28:074][ 58]LogModuleManager: Shutting down and abandoning module ProjectTargetPlatformEditor (479)
[2019.05.16-07.34.28:075][ 58]LogModuleManager: Shutting down and abandoning module EditorSettingsViewer (476)
[2019.05.16-07.34.28:075][ 58]LogModuleManager: Shutting down and abandoning module SettingsEditor (474)
[2019.05.16-07.34.28:109][ 58]LogModuleManager: Shutting down and abandoning module ProjectLauncher (472)
[2019.05.16-07.34.28:129][ 58]LogModuleManager: Shutting down and abandoning module SessionFrontend (470)
[2019.05.16-07.34.28:137][ 58]LogModuleManager: Shutting down and abandoning module ProfilerClient (468)
[2019.05.16-07.34.28:146][ 58]LogModuleManager: Shutting down and abandoning module DeviceManager (466)
[2019.05.16-07.34.28:156][ 58]LogModuleManager: Shutting down and abandoning module TargetDeviceServices (465)
[2019.05.16-07.34.28:225][ 58]LogModuleManager: Shutting down and abandoning module AutomationController (462)
[2019.05.16-07.34.28:240][ 58]LogModuleManager: Shutting down and abandoning module AutomationWindow (460)
[2019.05.16-07.34.28:251][ 58]LogModuleManager: Shutting down and abandoning module Layers (458)
[2019.05.16-07.34.28:275][ 58]LogModuleManager: Shutting down and abandoning module ComponentVisualizers (456)
[2019.05.16-07.34.28:275][ 58]LogModuleManager: Shutting down and abandoning module DetailCustomizations (454)
[2019.05.16-07.34.28:281][ 58]LogModuleManager: Shutting down and abandoning module PackagesDialog (452)
[2019.05.16-07.34.28:282][ 58]LogModuleManager: Shutting down and abandoning module Persona (450)
[2019.05.16-07.34.28:323][ 58]LogModuleManager: Shutting down and abandoning module AdvancedPreviewScene (449)
[2019.05.16-07.34.28:324][ 58]LogModuleManager: Shutting down and abandoning module AnimGraph (447)
[2019.05.16-07.34.28:329][ 58]LogModuleManager: Shutting down and abandoning module Kismet (444)
[2019.05.16-07.34.28:352][ 58]LogModuleManager: Shutting down and abandoning module GraphEditor (442)
[2019.05.16-07.34.28:352][ 58]LogModuleManager: Shutting down and abandoning module ClassViewer (440)
[2019.05.16-07.34.28:352][ 58]LogModuleManager: Shutting down and abandoning module Toolbox (438)
[2019.05.16-07.34.28:352][ 58]LogModuleManager: Shutting down and abandoning module ModuleUI (436)
[2019.05.16-07.34.28:361][ 58]LogModuleManager: Shutting down and abandoning module MovieSceneTools (434)
[2019.05.16-07.34.28:376][ 58]LogModuleManager: Shutting down and abandoning module OutputLog (432)
[2019.05.16-07.34.28:376][ 58]LogModuleManager: Shutting down and abandoning module GammaUI (430)
[2019.05.16-07.34.28:385][ 58]LogModuleManager: Shutting down and abandoning module Documentation (428)
[2019.05.16-07.34.28:386][ 58]LogModuleManager: Shutting down and abandoning module MovieSceneTracks (426)
[2019.05.16-07.34.28:386][ 58]LogModuleManager: Shutting down and abandoning module MovieScene (424)
[2019.05.16-07.34.28:386][ 58]LogModuleManager: Shutting down and abandoning module StreamingPauseRendering (422)
[2019.05.16-07.34.28:392][ 58]LogModuleManager: Shutting down and abandoning module LauncherPlatform (420)
[2019.05.16-07.34.28:393][ 58]LogModuleManager: Shutting down and abandoning module AnalyticsET (418)
[2019.05.16-07.34.28:393][ 58]LogModuleManager: Shutting down and abandoning module PortalServices (416)
[2019.05.16-07.34.28:393][ 58]LogModuleManager: Shutting down and abandoning module PortalRpc (414)
[2019.05.16-07.34.28:393][ 58]LogModuleManager: Shutting down and abandoning module MessagingRpc (412)
[2019.05.16-07.34.28:393][ 58]LogModuleManager: Shutting down and abandoning module AIModule (410)
[2019.05.16-07.34.28:393][ 58]LogModuleManager: Shutting down and abandoning module GameplayDebugger (409)
[2019.05.16-07.34.28:397][ 58]LogModuleManager: Shutting down and abandoning module AITestSuite (407)
[2019.05.16-07.34.28:408][ 58]LogModuleManager: Shutting down and abandoning module NavigationSystem (405)
[2019.05.16-07.34.28:408][ 58]LogModuleManager: Shutting down and abandoning module DesktopPlatform (402)
[2019.05.16-07.34.28:408][ 58]LogModuleManager: Shutting down and abandoning module ProfilerService (400)
[2019.05.16-07.34.28:432][ 58]LogModuleManager: Shutting down and abandoning module TaskGraph (398)
[2019.05.16-07.34.28:434][ 58]LogModuleManager: Shutting down and abandoning module SteamVRController (396)
[2019.05.16-07.34.28:435][ 58]LogModuleManager: Shutting down and abandoning module ProceduralMeshComponentEditor (394)
[2019.05.16-07.34.28:435][ 58]LogModuleManager: Shutting down and abandoning module ProceduralMeshComponent (392)
[2019.05.16-07.34.28:445][ 58]LogModuleManager: Shutting down and abandoning module OculusInput (390)
[2019.05.16-07.34.28:445][ 58]LogModuleManager: Shutting down and abandoning module MobilePatchingUtils (388)
[2019.05.16-07.34.28:445][ 58]LogModuleManager: Shutting down and abandoning module EditableMesh (386)
[2019.05.16-07.34.28:455][ 58]LogModuleManager: Shutting down and abandoning module CustomMeshComponent (384)
[2019.05.16-07.34.28:455][ 58]LogModuleManager: Shutting down and abandoning module CableComponent (382)
[2019.05.16-07.34.28:455][ 58]LogModuleManager: Shutting down and abandoning module AudioCapture (380)
[2019.05.16-07.34.28:455][ 58]LogModuleManager: Shutting down and abandoning module ArchVisCharacter (378)
[2019.05.16-07.34.28:455][ 58]LogModuleManager: Shutting down and abandoning module AndroidPermission (376)
[2019.05.16-07.34.28:455][ 58]LogModuleManager: Shutting down and abandoning module NUTUnrealEngine4 (374)
[2019.05.16-07.34.28:455][ 58]LogModuleManager: Shutting down and abandoning module NetcodeUnitTest (372)
[2019.05.16-07.34.28:472][ 58]LogModuleManager: Shutting down and abandoning module MediaCompositingEditor (370)
[2019.05.16-07.34.28:472][ 58]LogModuleManager: Shutting down and abandoning module MediaCompositing (368)
[2019.05.16-07.34.28:472][ 58]LogModuleManager: Shutting down and abandoning module LinearTimecode (366)
[2019.05.16-07.34.28:472][ 58]LogModuleManager: Shutting down and abandoning module ImgMedia (364)
[2019.05.16-07.34.28:487][ 58]LogModuleManager: Shutting down and abandoning module HTML5Networking (362)
[2019.05.16-07.34.28:487][ 58]LogModuleManager: Shutting down and abandoning module GeometryCacheTracks (360)
[2019.05.16-07.34.28:487][ 58]LogModuleManager: Shutting down and abandoning module GeometryCacheSequencer (358)
[2019.05.16-07.34.28:487][ 58]LogModuleManager: Shutting down and abandoning module BackChannel (356)
[2019.05.16-07.34.28:494][ 58]LogModuleManager: Shutting down and abandoning module AppleVision (354)
[2019.05.16-07.34.28:494][ 58]LogModuleManager: Shutting down and abandoning module AppleImageUtils (352)
[2019.05.16-07.34.28:494][ 58]LogModuleManager: Shutting down and abandoning module AlembicImporter (350)
[2019.05.16-07.34.28:494][ 58]LogModuleManager: Shutting down and abandoning module AlembicLibrary (349)
[2019.05.16-07.34.28:494][ 58]LogModuleManager: Shutting down and abandoning module GeometryCache (348)
[2019.05.16-07.34.28:494][ 58]LogModuleManager: Shutting down and abandoning module GeometryCacheEd (347)
[2019.05.16-07.34.28:494][ 58]LogModuleManager: Shutting down and abandoning module DatasmithContentEditor (342)
[2019.05.16-07.34.28:498][ 58]LogModuleManager: Shutting down and abandoning module DatasmithContent (340)
[2019.05.16-07.34.28:498][ 58]LogModuleManager: Shutting down and abandoning module SpeedTreeImporter (338)
[2019.05.16-07.34.28:498][ 58]LogModuleManager: Shutting down and abandoning module PluginBrowser (336)
[2019.05.16-07.34.28:513][ 58]LogModuleManager: Shutting down and abandoning module MobileLauncherProfileWizard (334)
[2019.05.16-07.34.28:521][ 58]LogModuleManager: Shutting down and abandoning module PolygonModeling (332)
[2019.05.16-07.34.28:522][ 58]LogModuleManager: Shutting down and abandoning module MeshEditor (330)
[2019.05.16-07.34.28:531][ 58]LogModuleManager: Shutting down and abandoning module CryptoKeysOpenSSL (328)
[2019.05.16-07.34.28:539][ 58]LogModuleManager: Shutting down and abandoning module CryptoKeys (326)
[2019.05.16-07.34.28:539][ 58]LogModuleManager: Shutting down and abandoning module VisualStudioSourceCodeAccess (324)
[2019.05.16-07.34.28:539][ 58]LogModuleManager: Shutting down and abandoning module VisualStudioCodeSourceCodeAccess (322)
[2019.05.16-07.34.28:539][ 58]LogModuleManager: Shutting down and abandoning module UObjectPlugin (320)
[2019.05.16-07.34.28:539][ 58]LogModuleManager: Shutting down and abandoning module SubversionSourceControl (318)
[2019.05.16-07.34.28:548][ 58]LogModuleManager: Shutting down and abandoning module PerforceSourceControl (316)
[2019.05.16-07.34.28:556][ 58]LogModuleManager: Shutting down and abandoning module GitSourceControl (314)
[2019.05.16-07.34.28:566][ 58]LogModuleManager: Shutting down and abandoning module SourceControl (313)
[2019.05.16-07.34.28:576][ 58]LogModuleManager: Shutting down and abandoning module CLionSourceCodeAccess (310)
[2019.05.16-07.34.28:577][ 58]LogModuleManager: Shutting down and abandoning module LightPropagationVolumeEditor (308)
[2019.05.16-07.34.28:577][ 58]LogModuleManager: Shutting down and abandoning module PaperTiledImporter (306)
[2019.05.16-07.34.28:577][ 58]LogModuleManager: Shutting down and abandoning module PaperSpriteSheetImporter (304)
[2019.05.16-07.34.28:577][ 58]LogModuleManager: Shutting down and abandoning module Paper2DEditor (302)
[2019.05.16-07.34.28:594][ 58]LogModuleManager: Shutting down and abandoning module MeshPaint (301)
[2019.05.16-07.34.28:603][ 58]LogModuleManager: Shutting down and abandoning module RuntimePhysXCooking (298)
[2019.05.16-07.34.28:603][ 58]LogModuleManager: Shutting down and abandoning module PhysXVehiclesEditor (296)
[2019.05.16-07.34.28:603][ 58]LogModuleManager: Shutting down and abandoning module PhysXVehicles (294)
[2019.05.16-07.34.28:603][ 58]LogModuleManager: Shutting down and abandoning module OculusEditor (292)
[2019.05.16-07.34.28:612][ 58]LogModuleManager: Shutting down and abandoning module LocationServicesBPLibrary (290)
[2019.05.16-07.34.28:612][ 58]LogModuleManager: Shutting down and abandoning module ImmediatePhysicsEditor (288)
[2019.05.16-07.34.28:612][ 58]LogModuleManager: Shutting down and abandoning module ImmediatePhysics (286)
[2019.05.16-07.34.28:625][ 58]LogModuleManager: Shutting down and abandoning module ActorSequence (284)
[2019.05.16-07.34.28:625][ 58]LogModuleManager: Shutting down and abandoning module UdpMessaging (282)
[2019.05.16-07.34.28:726][ 58]LogModuleManager: Shutting down and abandoning module TcpMessaging (280)
[2019.05.16-07.34.28:843][ 58]LogModuleManager: Shutting down and abandoning module MagicLeapAudio (278)
[2019.05.16-07.34.28:843][ 58]LogModuleManager: Shutting down and abandoning module GameplayTagsEditor (276)
[2019.05.16-07.34.28:862][ 58]LogModuleManager: Shutting down and abandoning module FacialAnimationEditor (274)
[2019.05.16-07.34.28:862][ 58]LogModuleManager: Shutting down and abandoning module FacialAnimation (272)
[2019.05.16-07.34.28:862][ 58]LogModuleManager: Shutting down and abandoning module DataValidation (270)
[2019.05.16-07.34.28:862][ 58]LogModuleManager: Shutting down and abandoning module AssetManagerEditor (268)
[2019.05.16-07.34.28:874][ 58]LogModuleManager: Shutting down and abandoning module LevelEditor (267)
[2019.05.16-07.34.28:880][ 58]LogModuleManager: Shutting down and abandoning module PixelInspectorModule (266)
[2019.05.16-07.34.28:889][ 58]LogModuleManager: Shutting down and abandoning module CommonMenuExtensions (264)
[2019.05.16-07.34.28:889][ 58]LogModuleManager: Shutting down and abandoning module MainFrame (262)
[2019.05.16-07.34.28:902][ 58]LogModuleManager: Shutting down and abandoning module HotReload (261)
[2019.05.16-07.34.28:909][ 58]LogModuleManager: Shutting down and abandoning module ContentBrowser (257)
[2019.05.16-07.34.28:910][ 58]LogModuleManager: Shutting down and abandoning module TreeMap (255)
[2019.05.16-07.34.28:920][ 58]LogModuleManager: Shutting down and abandoning module LightPropagationVolumeRuntime (252)
[2019.05.16-07.34.28:920][ 58]LogModuleManager: Shutting down and abandoning module AISupportModule (250)
[2019.05.16-07.34.28:920][ 58]LogModuleManager: Shutting down and abandoning module Paper2D (248)
[2019.05.16-07.34.28:928][ 58]LogModuleManager: Shutting down and abandoning module WindowsMoviePlayer (246)
[2019.05.16-07.34.28:939][ 58]LogModuleManager: Shutting down and abandoning module WmfMedia (244)
[2019.05.16-07.34.28:954][ 58]LogModuleManager: Shutting down and abandoning module Media (243)
[2019.05.16-07.34.28:960][ 58]LogModuleManager: Shutting down and abandoning module PacketHandler (240)
[2019.05.16-07.34.28:960][ 58]LogModuleManager: Shutting down and abandoning module ClothingSystemEditor (238)
[2019.05.16-07.34.28:960][ 58]LogModuleManager: Shutting down and abandoning module ClothingSystemRuntime (236)
[2019.05.16-07.34.28:981][ 58]LogModuleManager: Shutting down and abandoning module MediaAssets (234)
[2019.05.16-07.34.28:981][ 58]LogModuleManager: Shutting down and abandoning module Overlay (232)
[2019.05.16-07.34.28:981][ 58]LogModuleManager: Shutting down and abandoning module OverlayEditor (231)
[2019.05.16-07.34.28:981][ 58]LogModuleManager: Shutting down and abandoning module VREditor (228)
[2019.05.16-07.34.28:993][ 58]LogModuleManager: Shutting down and abandoning module StringTableEditor (226)
[2019.05.16-07.34.29:004][ 58]LogModuleManager: Shutting down and abandoning module GameplayTasksEditor (224)
[2019.05.16-07.34.29:004][ 58]LogModuleManager: Shutting down and abandoning module BehaviorTreeEditor (222)
[2019.05.16-07.34.29:030][ 58]LogModuleManager: Shutting down and abandoning module FunctionalTesting (220)
[2019.05.16-07.34.29:048][ 58]LogModuleManager: Shutting down and abandoning module CollisionAnalyzer (218)
[2019.05.16-07.34.29:067][ 58]LogModuleManager: Shutting down and abandoning module WorkspaceMenuStructure (217)
[2019.05.16-07.34.29:067][ 58]LogModuleManager: Shutting down and abandoning module UMG (214)
[2019.05.16-07.34.29:067][ 58]LogModuleManager: Shutting down and abandoning module UMGEditor (213)
[2019.05.16-07.34.29:067][ 58]LogModuleManager: Shutting down and abandoning module Sequencer (212)
[2019.05.16-07.34.29:086][ 58]LogModuleManager: Shutting down and abandoning module MessageLog (209)
[2019.05.16-07.34.29:086][ 58]LogModuleManager: Shutting down and abandoning module SlateReflector (204)
[2019.05.16-07.34.29:102][ 58]LogModuleManager: Shutting down and abandoning module Slate (202)
[2019.05.16-07.34.29:103][ 58]LogModuleManager: Shutting down and abandoning module EditorStyle (200)
[2019.05.16-07.34.29:104][ 58]LogModuleManager: Shutting down and abandoning module MRMesh (198)
[2019.05.16-07.34.29:114][ 58]LogModuleManager: Shutting down and abandoning module SourceCodeAccess (196)
[2019.05.16-07.34.29:114][ 58]LogModuleManager: Shutting down and abandoning module HeadMountedDisplay (194)
[2019.05.16-07.34.29:114][ 58]LogModuleManager: Shutting down and abandoning module XAudio2 (192)
[2019.05.16-07.34.29:114][ 58]LogModuleManager: Shutting down and abandoning module Networking (190)
[2019.05.16-07.34.29:114][ 58]LogModuleManager: Shutting down and abandoning module Core (188)
[2019.05.16-07.34.29:114][ 58]LogModuleManager: Shutting down and abandoning module LevelSequence (186)
[2019.05.16-07.34.29:114][ 58]LogModuleManager: Shutting down and abandoning module KismetCompiler (184)
[2019.05.16-07.34.29:114][ 58]LogModuleManager: Shutting down and abandoning module MeshUtilities (182)
[2019.05.16-07.34.29:132][ 58]LogModuleManager: Shutting down and abandoning module MeshMergeUtilities (181)
[2019.05.16-07.34.29:141][ 58]LogModuleManager: Shutting down and abandoning module MeshReductionInterface (180)
[2019.05.16-07.34.29:141][ 58]LogModuleManager: Shutting down and abandoning module SimplygonSwarm (179)
[2019.05.16-07.34.29:145][ 58]LogModuleManager: Shutting down and abandoning module ProxyLODMeshReduction (177)
[2019.05.16-07.34.29:157][ 58]LogModuleManager: Shutting down and abandoning module SimplygonMeshReduction (175)
[2019.05.16-07.34.29:157][ 58]LogModuleManager: Shutting down and abandoning module QuadricMeshReduction (173)
[2019.05.16-07.34.29:173][ 58]LogModuleManager: Shutting down and abandoning module MaterialBaking (169)
[2019.05.16-07.34.29:180][ 58]LogModuleManager: Shutting down and abandoning module DirectoryWatcher (165)
[2019.05.16-07.34.29:180][ 58]LogModuleManager: Shutting down and abandoning module DerivedDataCache (162)
[2019.05.16-07.34.29:226][ 58]LogDerivedDataCache: Shutdown
[2019.05.16-07.34.29:226][ 58]LogModuleManager: Shutting down and abandoning module XGEController (160)
[2019.05.16-07.34.29:226][ 58]LogXGEController: Cleaning working directory: C:/Users/97randy/AppData/Local/Temp/UnrealXGEWorkingDir/
[2019.05.16-07.34.29:234][ 58]LogModuleManager: Shutting down and abandoning module TargetPlatform (158)
[2019.05.16-07.34.29:234][ 58]LogModuleManager: Shutting down and abandoning module VulkanShaderFormat (157)
[2019.05.16-07.34.29:242][ 58]LogModuleManager: Shutting down and abandoning module ShaderFormatVectorVM (155)
[2019.05.16-07.34.29:246][ 58]LogModuleManager: Shutting down and abandoning module ShaderFormatOpenGL (153)
[2019.05.16-07.34.29:252][ 58]LogModuleManager: Shutting down and abandoning module ShaderFormatD3D (151)
[2019.05.16-07.34.29:252][ 58]LogModuleManager: Shutting down and abandoning module MetalShaderFormat (149)
[2019.05.16-07.34.29:258][ 58]LogModuleManager: Shutting down and abandoning module TextureFormatUncompressed (147)
[2019.05.16-07.34.29:259][ 58]LogModuleManager: Shutting down and abandoning module TextureFormatPVR (145)
[2019.05.16-07.34.29:259][ 58]LogModuleManager: Shutting down and abandoning module TextureFormatDXT (143)
[2019.05.16-07.34.29:265][ 58]LogModuleManager: Shutting down and abandoning module TextureFormatIntelISPCTexComp (141)
[2019.05.16-07.34.29:266][ 58]LogModuleManager: Shutting down and abandoning module TextureFormatASTC (139)
[2019.05.16-07.34.29:266][ 58]LogModuleManager: Shutting down and abandoning module ImageWrapper (138)
[2019.05.16-07.34.29:266][ 58]LogModuleManager: Shutting down and abandoning module TextureFormatAndroid (135)
[2019.05.16-07.34.29:266][ 58]LogModuleManager: Shutting down and abandoning module AudioFormatOpus (133)
[2019.05.16-07.34.29:266][ 58]LogModuleManager: Shutting down and abandoning module AudioFormatOgg (131)
[2019.05.16-07.34.29:266][ 58]LogModuleManager: Shutting down and abandoning module AudioFormatADPCM (129)
[2019.05.16-07.34.29:266][ 58]LogModuleManager: Shutting down and abandoning module LuminTargetPlatform (127)
[2019.05.16-07.34.29:266][ 58]LogModuleManager: Shutting down and abandoning module LinuxTargetPlatform (125)
[2019.05.16-07.34.29:266][ 58]LogModuleManager: Shutting down and abandoning module LinuxServerTargetPlatform (123)
[2019.05.16-07.34.29:266][ 58]LogModuleManager: Shutting down and abandoning module LinuxNoEditorTargetPlatform (121)
[2019.05.16-07.34.29:272][ 58]LogModuleManager: Shutting down and abandoning module LinuxClientTargetPlatform (119)
[2019.05.16-07.34.29:279][ 58]LogModuleManager: Shutting down and abandoning module TVOSTargetPlatform (117)
[2019.05.16-07.34.29:281][ 58]LogModuleManager: Shutting down and abandoning module Messaging (115)
[2019.05.16-07.34.29:281][ 58]LogModuleManager: Shutting down and abandoning module IOSTargetPlatform (113)
[2019.05.16-07.34.29:282][ 58]LogModuleManager: Shutting down and abandoning module HTML5TargetPlatform (111)
[2019.05.16-07.34.29:282][ 58]LogModuleManager: Shutting down and abandoning module AndroidTargetPlatform (109)
[2019.05.16-07.34.29:298][ 58]LogModuleManager: Shutting down and abandoning module WindowsTargetPlatform (107)
[2019.05.16-07.34.29:298][ 58]LogModuleManager: Shutting down and abandoning module WindowsServerTargetPlatform (105)
[2019.05.16-07.34.29:298][ 58]LogModuleManager: Shutting down and abandoning module WindowsNoEditorTargetPlatform (103)
[2019.05.16-07.34.29:298][ 58]LogModuleManager: Shutting down and abandoning module WindowsClientTargetPlatform (101)
[2019.05.16-07.34.29:298][ 58]LogModuleManager: Shutting down and abandoning module MacTargetPlatform (99)
[2019.05.16-07.34.29:298][ 58]LogModuleManager: Shutting down and abandoning module MacServerTargetPlatform (97)
[2019.05.16-07.34.29:298][ 58]LogModuleManager: Shutting down and abandoning module MacNoEditorTargetPlatform (95)
[2019.05.16-07.34.29:298][ 58]LogModuleManager: Shutting down and abandoning module MacClientTargetPlatform (93)
[2019.05.16-07.34.29:299][ 58]LogModuleManager: Shutting down and abandoning module AllDesktopTargetPlatform (91)
[2019.05.16-07.34.29:299][ 58]LogModuleManager: Shutting down and abandoning module InputCore (88)
[2019.05.16-07.34.29:299][ 58]LogModuleManager: Shutting down and abandoning module Settings (86)
[2019.05.16-07.34.29:299][ 58]LogModuleManager: Shutting down and abandoning module PhysXCooking (84)
[2019.05.16-07.34.29:299][ 58]LogModuleManager: Shutting down and abandoning module SteamVR (82)
[2019.05.16-07.34.29:299][ 58]LogModuleManager: Shutting down and abandoning module OculusHMD (80)
[2019.05.16-07.34.29:305][ 58]LogModuleManager: Shutting down and abandoning module ExampleDeviceProfileSelector (78)
[2019.05.16-07.34.29:305][ 58]LogModuleManager: Shutting down and abandoning module LauncherChunkInstaller (76)
[2019.05.16-07.34.29:305][ 58]LogModuleManager: Shutting down and abandoning module OnlineBlueprintSupport (74)
[2019.05.16-07.34.29:305][ 58]LogModuleManager: Shutting down and abandoning module OnlineSubsystem (70)
[2019.05.16-07.34.29:314][ 58]LogModuleManager: Shutting down and abandoning module XMPP (65)
[2019.05.16-07.34.29:326][ 58]LogModuleManager: Shutting down and abandoning module WebSockets (64)
[2019.05.16-07.34.29:375][ 58]LogModuleManager: Shutting down and abandoning module HTTP (61)
[2019.05.16-07.34.29:386][ 58]LogHttp: Display: Http module shutting down, but needs to wait on 1 outstanding Http requests:
[2019.05.16-07.34.29:386][ 58]LogHttp: Display: 	verb=[POST] url=[https://datarouter.ol.epicgames.com/datarouter/api/v1/public/data?SessionID=%7B9D720A09-4DD7-EF8B-ED80-70B362614B7C%7D&AppID=UEEditor.Rocket.Release&AppVersion=4.20.3-4369336%2B%2B%2BUE4%2BRelease-4.20&UserID=257c018648ff7c9e5300f38b8cc8beac%7C878595fa52164db8b54eee65aba6ed79%7C99dc54f6-d49e-401f-ab78-956defe0e9f3&AppEnvironment=datacollector-binary&UploadType=eteventstream] status=Processing
[2019.05.16-07.34.29:407][ 58]LogModuleManager: Shutting down and abandoning module SSL (60)
[2019.05.16-07.34.29:427][ 58]LogModuleManager: Shutting down and abandoning module MagicLeapEmulator (56)
[2019.05.16-07.34.29:427][ 58]LogModuleManager: Shutting down and abandoning module MagicLeapPrivileges (54)
[2019.05.16-07.34.29:427][ 58]LogModuleManager: Shutting down and abandoning module MagicLeapIdentity (52)
[2019.05.16-07.34.29:427][ 58]LogModuleManager: Shutting down and abandoning module MagicLeapHelperVulkan (50)
[2019.05.16-07.34.29:427][ 58]LogModuleManager: Shutting down and abandoning module MagicLeapHelperOpenGL (48)
[2019.05.16-07.34.29:427][ 58]LogModuleManager: Shutting down and abandoning module MagicLeapSecureStorage (46)
[2019.05.16-07.34.29:427][ 58]LogModuleManager: Shutting down and abandoning module MagicLeapGestures (44)
[2019.05.16-07.34.29:428][ 58]LogModuleManager: Shutting down and abandoning module MagicLeapEyeTracker (42)
[2019.05.16-07.34.29:428][ 58]LogModuleManager: Shutting down and abandoning module MagicLeapController (40)
[2019.05.16-07.34.29:428][ 58]LogSlate: Slate User Destroyed.  User Index 0, Is Virtual User: 0
[2019.05.16-07.34.29:428][ 58]LogModuleManager: Shutting down and abandoning module MagicLeap (38)
[2019.05.16-07.34.29:428][ 58]LogModuleManager: Shutting down and abandoning module AnimationModifiers (36)
[2019.05.16-07.34.29:457][ 58]LogModuleManager: Shutting down and abandoning module PropertyEditor (35)
[2019.05.16-07.34.29:457][ 58]LogModuleManager: Shutting down and abandoning module AudioEditor (32)
[2019.05.16-07.34.29:469][ 58]LogModuleManager: Shutting down and abandoning module TextureCompressor (30)
[2019.05.16-07.34.29:483][ 58]LogModuleManager: Shutting down and abandoning module ShaderCore (28)
[2019.05.16-07.34.29:483][ 58]LogModuleManager: Shutting down and abandoning module Landscape (26)
[2019.05.16-07.34.29:483][ 58]LogModuleManager: Shutting down and abandoning module SlateRHIRenderer (24)
[2019.05.16-07.34.29:493][ 58]LogModuleManager: Shutting down and abandoning module OpenGLDrv (22)
[2019.05.16-07.34.29:501][ 58]LogModuleManager: Shutting down and abandoning module D3D11RHI (20)
[2019.05.16-07.34.29:501][ 58]LogModuleManager: Shutting down and abandoning module AnimGraphRuntime (18)
[2019.05.16-07.34.29:506][ 58]LogModuleManager: Shutting down and abandoning module Renderer (16)
[2019.05.16-07.34.29:506][ 58]LogModuleManager: Shutting down and abandoning module Engine (14)
[2019.05.16-07.34.29:507][ 58]LogModuleManager: Shutting down and abandoning module CoreUObject (12)
[2019.05.16-07.34.29:507][ 58]LogModuleManager: Shutting down and abandoning module NetworkFile (10)
[2019.05.16-07.34.29:514][ 58]LogModuleManager: Shutting down and abandoning module CookedIterativeFile (8)
[2019.05.16-07.34.29:514][ 58]LogModuleManager: Shutting down and abandoning module StreamingFile (6)
[2019.05.16-07.34.29:525][ 58]LogModuleManager: Shutting down and abandoning module SandboxFile (4)
[2019.05.16-07.34.29:525][ 58]LogModuleManager: Shutting down and abandoning module PakFile (2)
[2019.05.16-07.34.29:554][ 58]LogExit: Exiting.
[2019.05.16-07.34.29:557][ 58]Log file closed, 05/16/19 00:34:29
