"../../../Engine/Content/Functions/Engine_MaterialFunctions01/Opacity/CameraDepthFade.uasset" 0
"../../../Engine/Content/EngineMaterials/T_Default_Material_Grid_M.uasset" 1
"../../../Engine/Content/EngineMaterials/T_Default_Material_Grid_N.uasset" 2
"../../../Engine/Content/EngineMaterials/WorldGridMaterial.uasset" 3
"../../../Engine/Content/ArtTools/RenderToTexture/Meshes/S_1_Unit_Plane.uasset" 4
"../../../Engine/Content/EngineMaterials/DefaultMaterial.uasset" 5
"../../../Engine/Content/BasicShapes/Cone.uasset" 6
"../../../Engine/Content/BasicShapes/Cube.uasset" 7
"../../../Engine/Content/BasicShapes/Cylinder.uasset" 8
"../../../Engine/Content/BasicShapes/Plane.uasset" 9
"../../../Engine/Content/BasicShapes/Sphere.uasset" 10
"../../../Engine/Content/EngineMaterials/DefaultPhysicalMaterial.uasset" 11
"../../../Engine/Content/BufferVisualization/AmbientOcclusion.uasset" 12
"../../../Engine/Content/BufferVisualization/BaseColor.uasset" 13
"../../../Engine/Content/BufferVisualization/CustomDepth.uasset" 14
"../../../Engine/Content/Functions/Engine_MaterialFunctions02/Utility/VectorLength.uasset" 15
"../../../Engine/Content/BufferVisualization/CustomDepthWorldUnits.uasset" 16
"../../../Engine/Content/Functions/Engine_MaterialFunctions02/Utility/BreakOutFloat2Components.uasset" 17
"../../../Engine/Content/Functions/Engine_MaterialFunctions01/Texturing/ScaleUVsByCenter.uasset" 18
"../../../Engine/Content/Functions/Engine_MaterialFunctions02/ScreenResolution.uasset" 19
"../../../Engine/Content/Functions/Engine_MaterialFunctions02/Texturing/ScreenAlignedUVs.uasset" 20
"../../../Engine/Content/Functions/Engine_MaterialFunctions02/Utility/MakeFloat2.uasset" 21
"../../../Engine/Content/Functions/Engine_MaterialFunctions02/Utility/MakeFloat3.uasset" 22
"../../../Engine/Content/EngineMaterials/MiniFont.uasset" 23
"../../../Engine/Content/BufferVisualization/CustomStencil.uasset" 24
"../../../Engine/Content/BufferVisualization/FinalImage.uasset" 25
"../../../Engine/Content/BufferVisualization/LightingModel.uasset" 26
"../../../Engine/Content/BufferVisualization/MaterialAO.uasset" 27
"../../../Engine/Content/BufferVisualization/Metallic.uasset" 28
"../../../Engine/Content/BufferVisualization/Opacity.uasset" 29
"../../../Engine/Content/BufferVisualization/PostTonemapHDRColor.uasset" 30
"../../../Engine/Content/BufferVisualization/PreTonemapHDRColor.uasset" 31
"../../../Engine/Content/BufferVisualization/Roughness.uasset" 32
"../../../Engine/Content/BufferVisualization/SceneColor.uasset" 33
"../../../Engine/Content/BufferVisualization/SceneDepth.uasset" 34
"../../../Engine/Content/BufferVisualization/SceneDepthWorldUnits.uasset" 35
"../../../Engine/Content/BufferVisualization/SeparateTranslucencyA.uasset" 36
"../../../Engine/Content/BufferVisualization/SeparateTranslucencyRGB.uasset" 37
"../../../Engine/Content/BufferVisualization/Specular.uasset" 38
"../../../Engine/Content/BufferVisualization/SubsurfaceColor.uasset" 39
"../../../Engine/Content/BufferVisualization/WorldNormal.uasset" 40
"../../../Engine/Content/EditorLandscapeResources/DataLayer.uasset" 41
"../../../Engine/Content/EditorLandscapeResources/DefaultAlphaTexture.uasset" 42
"../../../Engine/Content/EditorLandscapeResources/LandscapeGizmoHeight_Mat.uasset" 43
"../../../Engine/Content/EditorLandscapeResources/LandscapeGizmo_Mat.uasset" 44
"../../../Engine/Content/EditorLandscapeResources/LandscapeGizmo_Mat_Copied.uasset" 45
"../../../Engine/Content/EditorLandscapeResources/SplineEditorMeshMat.uasset" 46
"../../../Engine/Content/EditorLandscapeResources/SplineEditorMesh.uasset" 47
"../../../Engine/Content/EditorMaterials/Cross.uasset" 48
"../../../Engine/Content/EditorMaterials/Cross_Mat.uasset" 49
"../../../Engine/Content/EditorMaterials/GizmoMaterial.uasset" 50
"../../../Engine/Content/Functions/Engine_MaterialFunctions02/Utility/Sign.uasset" 51
"../../../Engine/Content/Functions/Engine_MaterialFunctions02/Utility/Round.uasset" 52
"../../../Engine/Content/Functions/Engine_MaterialFunctions02/ExampleContent/Textures/flipbook.uasset" 53
"../../../Engine/Content/Functions/Engine_MaterialFunctions02/Texturing/FlipBook.uasset" 54
"../../../Engine/Content/EditorResources/T_EditorHelp.uasset" 55
"../../../Engine/Content/EditorMaterials/HelpActorMaterial.uasset" 56
"../../../Engine/Content/EditorMaterials/CompositeARGBLayer.uasset" 57
"../../../Engine/Content/EditorMaterials/TilingAALineIntegral.uasset" 58
"../../../Engine/Content/EditorMaterials/TilingAALineBoxFiltered.uasset" 59
"../../../Engine/Content/Functions/Engine_MaterialFunctions03/Procedurals/ComputeFilterWidth.uasset" 60
"../../../Engine/Content/EditorMaterials/TilingAADots.uasset" 61
"../../../Engine/Content/EngineMaterials/BlendFunc_DefBase.uasset" 62
"../../../Engine/Content/EngineMaterials/BlendFunc_DefBlend.uasset" 63
"../../../Engine/Content/Functions/Engine_MaterialFunctions03/Blends/Blend_Screen.uasset" 64
"../../../Engine/Content/EditorMaterials/TilingAAGrid.uasset" 65
"../../../Engine/Content/EditorMaterials/LevelGridMaterial.uasset" 66
"../../../Engine/Content/EditorMaterials/MakeCompositeARGBLayer.uasset" 67
"../../../Engine/Content/EditorResources/LevelGrid1DStripes.uasset" 68
"../../../Engine/Content/EditorMaterials/TextureGridCascaded1D.uasset" 69
"../../../Engine/Content/EditorMaterials/TextureGridCascaded2D.uasset" 70
"../../../Engine/Content/EditorMaterials/LevelGridMaterial2.uasset" 71
"../../../Engine/Content/EditorMaterials/MAT_Groups_Toggle.uasset" 72
"../../../Engine/Content/EditorMaterials/MAT_Groups_Visibility.uasset" 73
"../../../Engine/Content/EditorMaterials/PhAT_BoneSelectedMaterial.uasset" 74
"../../../Engine/Content/EditorMaterials/PhAT_ElemSelectedMaterial.uasset" 75
"../../../Engine/Content/EditorMaterials/PhAT_NoCollisionMaterial.uasset" 76
"../../../Engine/Content/EditorMaterials/PhAT_UnselectedMaterial.uasset" 77
"../../../Engine/Content/EditorMaterials/PreviewShadowIndicator.uasset" 78
"../../../Engine/Content/EditorMaterials/PreviewShadowIndicatorMaterial.uasset" 79
"../../../Engine/Content/EditorMaterials/TargetIcon.uasset" 80
"../../../Engine/Content/EditorMaterials/Tick.uasset" 81
"../../../Engine/Content/EditorMaterials/Tick_Mat.uasset" 82
"../../../Engine/Content/EditorMaterials/WidgetGridVertexColorMaterial.uasset" 83
"../../../Engine/Content/EditorMaterials/WidgetGridVertexColorMaterial_Ma.uasset" 84
"../../../Engine/Content/EditorMaterials/WidgetMaterial.uasset" 85
"../../../Engine/Content/EditorMaterials/WidgetMaterial_Current.uasset" 86
"../../../Engine/Content/EditorMaterials/WidgetMaterial_X.uasset" 87
"../../../Engine/Content/EditorMaterials/WidgetMaterial_Y.uasset" 88
"../../../Engine/Content/EditorMaterials/WidgetMaterial_Z.uasset" 89
"../../../Engine/Content/EditorMaterials/WidgetVertexColorMaterial.uasset" 90
"../../../Engine/Content/EditorMaterials/MatineeGroups/MAT_ColorTrack.uasset" 91
"../../../Engine/Content/EditorMaterials/MatineeGroups/MAT_Groups_Anim.uasset" 92
"../../../Engine/Content/EditorMaterials/MatineeGroups/MAT_Groups_AudioMaster.uasset" 93
"../../../Engine/Content/EditorMaterials/MatineeGroups/MAT_Groups_Director.uasset" 94
"../../../Engine/Content/EditorMaterials/MatineeGroups/MAT_Groups_Event.uasset" 95
"../../../Engine/Content/EditorMaterials/MatineeGroups/MAT_Groups_Fade.uasset" 96
"../../../Engine/Content/EditorMaterials/MatineeGroups/MAT_Groups_Float.uasset" 97
"../../../Engine/Content/EditorMaterials/MatineeGroups/MAT_Groups_Move.uasset" 98
"../../../Engine/Content/EditorMaterials/MatineeGroups/MAT_Groups_Slomo.uasset" 99
"../../../Engine/Content/EditorMaterials/MatineeGroups/MAT_Groups_Sound.uasset" 100
"../../../Engine/Content/EditorMaterials/MatineeGroups/MAT_Groups_Vector.uasset" 101
"../../../Engine/Content/EditorMaterials/ParticleSystems/PSysThumbnail_NoImage.uasset" 102
"../../../Engine/Content/EditorMaterials/ParticleSystems/PSysThumbnail_OOD.uasset" 103
"../../../Engine/Content/EngineMaterials/Grid.uasset" 104
"../../../Engine/Content/EditorMaterials/Thumbnails/FloorPlaneMaterial.uasset" 105
"../../../Engine/Content/EditorMeshes/EditorCube.uasset" 106
"../../../Engine/Content/EditorMeshes/EditorCylinder.uasset" 107
"../../../Engine/Content/EditorMeshes/EditorPlane.uasset" 108
"../../../Engine/Content/EditorMaterials/Thumbnails/SkySphereMaterial.uasset" 109
"../../../Engine/Content/EditorMeshes/EditorSkySphere.uasset" 110
"../../../Engine/Content/EditorMeshes/EditorSphere.uasset" 111
"../../../Engine/Content/EditorResources/MatineeCam_D.uasset" 112
"../../../Engine/Content/EditorMaterials/MatineeCam_mat.uasset" 113
"../../../Engine/Content/EditorMeshes/MatineeCam_SM.uasset" 114
"../../../Engine/Content/EditorMaterials/Camera/CineMat.uasset" 115
"../../../Engine/Content/EditorMaterials/Camera/MI_CineMat_CameraBody.uasset" 116
"../../../Engine/Content/EngineDebugMaterials/M_SimpleOpaque.uasset" 117
"../../../Engine/Content/EditorMaterials/Camera/MI_CineMat_CamViewFinder.uasset" 118
"../../../Engine/Content/EditorMeshes/Camera/SM_CineCam.uasset" 119
"../../../Engine/Content/EditorMaterials/Camera/MI_CineMat_Rig.uasset" 120
"../../../Engine/Content/EditorMeshes/Camera/SM_CraneRig_Arm.uasset" 121
"../../../Engine/Content/EditorMeshes/Camera/SM_CraneRig_Base.uasset" 122
"../../../Engine/Content/EditorMeshes/Camera/SM_CraneRig_Body.uasset" 123
"../../../Engine/Content/EditorMeshes/Camera/SM_CraneRig_Mount.uasset" 124
"../../../Engine/Content/EditorMeshes/Camera/SM_RailRig_Mount.uasset" 125
"../../../Engine/Content/EditorMeshes/Camera/SM_RailRig_Track.uasset" 126
"../../../Engine/Content/EditorResources/Bad.uasset" 127
"../../../Engine/Content/EditorResources/BSPVertex.uasset" 128
"../../../Engine/Content/EditorResources/EmptyActor.uasset" 129
"../../../Engine/Content/EditorResources/MatInstActSprite.uasset" 130
"../../../Engine/Content/EditorResources/SceneManager.uasset" 131
"../../../Engine/Content/EditorResources/SmallFont.uasset" 132
"../../../Engine/Content/EditorResources/S_Actor.uasset" 133
"../../../Engine/Content/EditorResources/S_DecalActorIcon.uasset" 134
"../../../Engine/Content/EditorResources/S_Emitter.uasset" 135
"../../../Engine/Content/EditorResources/S_ExpoHeightFog.uasset" 136
"../../../Engine/Content/EditorResources/S_FTest.uasset" 137
"../../../Engine/Content/EditorResources/S_KBSJoint.uasset" 138
"../../../Engine/Content/EditorResources/S_KHinge.uasset" 139
"../../../Engine/Content/EditorResources/S_KPrismatic.uasset" 140
"../../../Engine/Content/EditorResources/S_LevelSequence.uasset" 141
"../../../Engine/Content/EditorResources/S_NavP.uasset" 142
"../../../Engine/Content/EditorResources/S_Note.uasset" 143
"../../../Engine/Content/EditorResources/S_Player.uasset" 144
"../../../Engine/Content/EditorResources/S_PortalActorIcon2.uasset" 145
"../../../Engine/Content/EditorResources/S_RadForce.uasset" 146
"../../../Engine/Content/EditorResources/S_ReflActorIcon.uasset" 147
"../../../Engine/Content/EditorResources/S_Terrain.uasset" 148
"../../../Engine/Content/EditorResources/S_TextRenderActorIcon.uasset" 149
"../../../Engine/Content/EditorResources/S_Thruster.uasset" 150
"../../../Engine/Content/EditorResources/S_Trigger.uasset" 151
"../../../Engine/Content/EditorResources/S_VectorFieldVol.uasset" 152
"../../../Engine/Content/EditorResources/S_WindDirectional.uasset" 153
"../../../Engine/Content/EditorResources/AI/S_NavLink.uasset" 154
"../../../Engine/Content/EditorResources/AudioIcons/S_AudioComponent_AutoActivate.uasset" 155
"../../../Engine/Content/EditorResources/LightIcons/SkyLight.uasset" 156
"../../../Engine/Content/EditorResources/LightIcons/S_LightDirectional.uasset" 157
"../../../Engine/Content/EditorResources/LightIcons/S_LightDirectionalMove.uasset" 158
"../../../Engine/Content/EditorResources/LightIcons/S_LightError.uasset" 159
"../../../Engine/Content/EditorResources/LightIcons/S_LightPoint.uasset" 160
"../../../Engine/Content/EditorResources/LightIcons/S_LightPointMove.uasset" 161
"../../../Engine/Content/EditorResources/LightIcons/S_LightSpot.uasset" 162
"../../../Engine/Content/EditorResources/LightIcons/S_LightSpotMove.uasset" 163
"../../../Engine/Content/EditorResources/SequenceRecorder/Countdown.uasset" 164
"../../../Engine/Content/EditorResources/SequenceRecorder/RecordingIndicator.uasset" 165
"../../../Engine/Content/EditorResources/Spline/T_Loft_Spline.uasset" 166
"../../../Engine/Content/EditorSounds/Notifications/CompileFailed.uasset" 167
"../../../Engine/Content/EditorSounds/Notifications/CompileFailed_Cue.uasset" 168
"../../../Engine/Content/EditorSounds/Notifications/CompileSuccess.uasset" 169
"../../../Engine/Content/EditorSounds/Notifications/CompileStart_Cue.uasset" 170
"../../../Engine/Content/EditorSounds/Notifications/CompileSuccess_Cue.uasset" 171
"../../../Engine/Content/EngineDamageTypes/DmgTypeBP_Environmental.uasset" 172
"../../../Engine/Content/EngineDebugMaterials/HeatmapGradient.uasset" 173
"../../../Engine/Content/EngineDebugMaterials/BoneWeightMaterial.uasset" 174
"../../../Engine/Content/EngineDebugMaterials/ClothMaterial.uasset" 175
"../../../Engine/Content/EngineDebugMaterials/ClothMaterial_WF.uasset" 176
"../../../Engine/Content/EngineDebugMaterials/DebugEditorMaterial.uasset" 177
"../../../Engine/Content/EngineDebugMaterials/DebugMeshMaterial.uasset" 178
"../../../Engine/Content/EngineDebugMaterials/GeomMaterial.uasset" 179
"../../../Engine/Content/Functions/Engine_MaterialFunctions01/Shading/ConvertFromDiffSpec.uasset" 180
"../../../Engine/Content/EngineDebugMaterials/LevelColorationLitMaterial.uasset" 181
"../../../Engine/Content/EngineDebugMaterials/LevelColorationUnlitMaterial.uasset" 182
"../../../Engine/Content/EngineMaterials/DefaultWhiteGrid.uasset" 183
"../../../Engine/Content/EngineDebugMaterials/MAT_LevelColorationLitLightmapUV.uasset" 184
"../../../Engine/Content/EngineDebugMaterials/M_SimpleTranslucent.uasset" 185
"../../../Engine/Content/EngineDebugMaterials/ShadedLevelColorationLitMaterial.uasset" 186
"../../../Engine/Content/EngineDebugMaterials/ShadedLevelColorationUnlitMateri.uasset" 187
"../../../Engine/Content/EngineDebugMaterials/VertexColorMaterial.uasset" 188
"../../../Engine/Content/EngineDebugMaterials/VertexColorViewMode_AlphaAsColor.uasset" 189
"../../../Engine/Content/EngineDebugMaterials/VertexColorViewMode_BlueOnly.uasset" 190
"../../../Engine/Content/EngineDebugMaterials/VertexColorViewMode_ColorOnly.uasset" 191
"../../../Engine/Content/EngineDebugMaterials/VertexColorViewMode_GreenOnly.uasset" 192
"../../../Engine/Content/EngineDebugMaterials/VertexColorViewMode_RedOnly.uasset" 193
"../../../Engine/Content/EngineDebugMaterials/WireframeMaterial.uasset" 194
"../../../Engine/Content/EngineFonts/Faces/RobotoBold.uasset" 195
"../../../Engine/Content/EngineFonts/Faces/RobotoBoldItalic.uasset" 196
"../../../Engine/Content/EngineFonts/Faces/RobotoItalic.uasset" 197
"../../../Engine/Content/EngineFonts/Faces/RobotoLight.uasset" 198
"../../../Engine/Content/EngineFonts/Faces/RobotoRegular.uasset" 199
"../../../Engine/Content/EngineFonts/Roboto.uasset" 200
"../../../Engine/Content/EngineFonts/Faces/RobotoTiny.uasset" 201
"../../../Engine/Content/EngineFonts/RobotoTiny.uasset" 202
"../../../Engine/Content/EngineFonts/SmallFont.uasset" 203
"../../../Engine/Content/EngineFonts/TinyFont.uasset" 204
"../../../Engine/Content/EngineMaterials/BaseFlattenDiffuseMap.uasset" 205
"../../../Engine/Content/EngineMaterials/BaseFlattenEmissiveMap.uasset" 206
"../../../Engine/Content/EngineMaterials/BaseFlattenGrayscaleMap.uasset" 207
"../../../Engine/Content/EngineMaterials/BaseFlattenNormalMap.uasset" 208
"../../../Engine/Content/EngineMaterials/BaseFlattenMaterial.uasset" 209
"../../../Engine/Content/EngineResources/WhiteSquareTexture.uasset" 210
"../../../Engine/Content/EngineMaterials/BlinkingCaret.uasset" 211
"../../../Engine/Content/EngineMaterials/DefaultBloomKernel.uasset" 212
"../../../Engine/Content/EngineMaterials/DefaultBokeh.uasset" 213
"../../../Engine/Content/EngineMaterials/DefaultDiffuse.uasset" 214
"../../../Engine/Content/EngineMaterials/DefaultDeferredDecalMaterial.uasset" 215
"../../../Engine/Content/EngineMaterials/DefaultLightFunctionMaterial.uasset" 216
"../../../Engine/Content/EngineMaterials/DefaultNormal.uasset" 217
"../../../Engine/Content/EngineMaterials/DefaultPostProcessMaterial.uasset" 218
"../../../Engine/Content/EngineFonts/RobotoDistanceField.uasset" 219
"../../../Engine/Content/EngineMaterials/DefaultTextMaterialOpaque.uasset" 220
"../../../Engine/Content/EngineMaterials/EditorBrushMaterial.uasset" 221
"../../../Engine/Content/EngineMaterials/Good64x64TilingNoiseHighFreq.uasset" 222
"../../../Engine/Content/EngineMaterials/Grid_N.uasset" 223
"../../../Engine/Content/EngineMaterials/HighResolutionScreenshotMaskFunction.uasset" 224
"../../../Engine/Content/EngineMaterials/HighResScreenshot.uasset" 225
"../../../Engine/Content/EngineMaterials/HighResScreenshotCaptureRegion.uasset" 226
"../../../Engine/Content/EngineMaterials/HighResScreenshotMask.uasset" 227
"../../../Engine/Content/EngineMaterials/LandscapeHolePhysicalMaterial.uasset" 228
"../../../Engine/Content/EngineMaterials/InvalidLightmapSettings.uasset" 229
"../../../Engine/Content/EngineMaterials/M_InvalidLightmapSettings.uasset" 230
"../../../Engine/Content/EngineMaterials/PaperDiffuse.uasset" 231
"../../../Engine/Content/EngineMaterials/PaperNormal.uasset" 232
"../../../Engine/Content/Functions/Engine_MaterialFunctions02/WorldPositionOffset/CameraOffset.uasset" 233
"../../../Engine/Content/EngineMaterials/PhAT_JointLimitMaterial.uasset" 234
"../../../Engine/Content/EngineMaterials/PhysMat_Rubber.uasset" 235
"../../../Engine/Content/EngineMaterials/PreintegratedSkinBRDF.uasset" 236
"../../../Engine/Content/EngineMaterials/RemoveSurfaceMaterial.uasset" 237
"../../../Engine/Content/EngineMaterials/WeightMapPlaceholderTexture.uasset" 238
"../../../Engine/Content/EngineMaterials/Widget3DPassThrough.uasset" 239
"../../../Engine/Content/EngineMaterials/Widget3DPassThrough_Masked.uasset" 240
"../../../Engine/Content/EngineMaterials/Widget3DPassThrough_Opaque.uasset" 241
"../../../Engine/Content/EngineMaterials/Widget3DPassThrough_Opaque_OneSided.uasset" 242
"../../../Engine/Content/EngineMaterials/Widget3DPassThrough_Translucent.uasset" 243
"../../../Engine/Content/EngineMaterials/Widget3DPassThrough_Translucent_OneSided.uasset" 244
"../../../Engine/Content/EngineMeshes/Cylinder.uasset" 245
"../../../Engine/Content/EngineMeshes/Sphere.uasset" 246
"../../../Engine/Content/EngineResources/Black.uasset" 247
"../../../Engine/Content/EngineResources/DefaultTexture.uasset" 248
"../../../Engine/Content/EngineResources/DefaultTextureCube.uasset" 249
"../../../Engine/Content/EngineResources/DefaultVolumeTexture2D.uasset" 250
"../../../Engine/Content/EngineResources/DefaultVolumeTexture.uasset" 251
"../../../Engine/Content/EngineResources/GradientTexture0.uasset" 252
"../../../Engine/Content/EngineResources/StreamingPauseIcon.uasset" 253
"../../../Engine/Content/EngineResources/M_StreamingPause.uasset" 254
"../../../Engine/Content/EngineSounds/Master.uasset" 255
"../../../Engine/Content/Functions/Engine_MaterialFunctions01/Shading/PowerToRoughness.uasset" 256
"../../../Engine/Content/Maps/Templates/Thumbnails/Default.uasset" 257
"../../../Engine/Content/Maps/Templates/Thumbnails/VR-Basic.uasset" 258
"../../../Engine/Content/MobileResources/T_MobileControls_texture.uasset" 259
"../../../Engine/Content/MobileResources/T_MobileMenu2.uasset" 260
"../../../Engine/Content/MobileResources/HUD/AnalogHat.uasset" 261
"../../../Engine/Content/MobileResources/HUD/VirtualJoystick_Background.uasset" 262
"../../../Engine/Content/MobileResources/HUD/VirtualJoystick_Thumb.uasset" 263
"../../../Engine/Content/MobileResources/HUD/DefaultVirtualJoysticks.uasset" 264
"../../../Engine/Content/MobileResources/HUD/LeftVirtualJoystickOnly.uasset" 265
"../../../Engine/Content/MobileResources/HUD/MobileHUDButton1_off.uasset" 266
"../../../Engine/Content/MobileResources/HUD/MobileHUDButton1_on.uasset" 267
"../../../Engine/Content/MobileResources/HUD/MobileHUDButton2_off.uasset" 268
"../../../Engine/Content/MobileResources/HUD/MobileHUDButton2_on.uasset" 269
"../../../Engine/Content/MobileResources/HUD/MobileHUDButton3.uasset" 270
"../../../Engine/Content/MobileResources/HUD/MobileHUDButtonFire.uasset" 271
"../../../Engine/Content/MobileResources/HUD/MobileHUDDirectionPad.uasset" 272
"../../../Engine/Content/MobileResources/HUD/MobileHUDDirectionPad2.uasset" 273
"../../../Engine/Content/MobileResources/HUD/MobileHUDDirectionPad3.uasset" 274
"../../../Engine/Content/MobileResources/HUD/MobileHUDDirectionStick.uasset" 275
"../../../Engine/Content/MobileResources/HUD/T_Castle_ThumbstickInner.uasset" 276
"../../../Engine/Content/MobileResources/HUD/T_Castle_ThumbstickOutter.uasset" 277
"../../../Engine/Content/Tutorial/ContentIntroCurve.uasset" 278
"../../../Engine/Content/Tutorial/Basics/TutorialAssets/icon_tab_Levels_40x.uasset" 279
"../../../Engine/Content/VREditor/LaserPointer/VR_LaserPower_01.uasset" 280
"../../../Engine/Content/VREditor/TransformGizmo/TransformGizmoMaterial.uasset" 281
"../../../Engine/Content/VREditor/TransformGizmo/TranslucentTransformGizmoMaterial.uasset" 282
"../../../Engine/Content/VREditor/TransformGizmo/BoundingBoxCorner.uasset" 283
"../../../Engine/Content/VREditor/TransformGizmo/BoundingBoxEdge.uasset" 284
"../../../Engine/Content/VREditor/TransformGizmo/PlaneTranslationHandle.uasset" 285
"../../../Engine/Content/VREditor/TransformGizmo/Main.uasset" 286
"../../../Engine/Content/VREditor/TransformGizmo/Xray.uasset" 287
"../../../Engine/Content/VREditor/TransformGizmo/SM_Sequencer_Key.uasset" 288
"../../../Engine/Content/VREditor/TransformGizmo/SM_Sequencer_Node.uasset" 289
"../../Plugins/2D/Paper2D/Content/PlaceholderTextures/DummySpriteTexture.uasset" 290
"../../Plugins/2D/Paper2D/Content/DummySprite.uasset" 291
"../../Plugins/2D/Paper2D/Content/DefaultPaperTerrainMaterial.uasset" 292
"../../Plugins/2D/Paper2D/Content/DefaultSpriteMaterial.uasset" 293
"../../Plugins/2D/Paper2D/Content/MaskedUnlitSpriteMaterial.uasset" 294
"../../Plugins/2D/Paper2D/Content/OpaqueUnlitSpriteMaterial.uasset" 295
"../../Plugins/Runtime/Oculus/OculusVR/Content/Materials/PokeAHoleMaterial.uasset" 296
"../../Plugins/Runtime/Oculus/OculusVR/Content/Textures/GearVRController_AO.uasset" 297
"../../Plugins/Runtime/Oculus/OculusVR/Content/Textures/GearVRController_Color.uasset" 298
"../../Plugins/Runtime/Oculus/OculusVR/Content/Textures/GearVRController_Normal.uasset" 299
"../../Plugins/Runtime/Oculus/OculusVR/Content/Materials/GearVRControllerMaterial.uasset" 300
"../../Plugins/Runtime/Oculus/OculusVR/Content/Meshes/GearVrController.uasset" 301
"../../Plugins/Runtime/Oculus/OculusVR/Content/Textures/touchController_albedo.uasset" 302
"../../Plugins/Runtime/Oculus/OculusVR/Content/Textures/touchController_controlmap.uasset" 303
"../../Plugins/Runtime/Oculus/OculusVR/Content/Materials/touchController_mat.uasset" 304
"../../Plugins/Runtime/Oculus/OculusVR/Content/Meshes/LeftTouchController.uasset" 305
"../../Plugins/Runtime/Oculus/OculusVR/Content/Meshes/RiftHMD.uasset" 306
"../../Plugins/Runtime/Oculus/OculusVR/Content/Meshes/RightTouchController.uasset" 307
"../../../Engine/Content/Maps/Entry_BuiltData.uasset" 308
"../../../Engine/Content/Maps/Entry.umap" 309
"D:/Users/97randy/Documents/GitHub/Knight-Crasher/KnightCrasher/Content/ModularRPGHeroesPolyart/Meshes/UE4_Mannequin_Skeleton.uasset" 310
"D:/Users/97randy/Documents/GitHub/Knight-Crasher/KnightCrasher/Content/ModularRPGHeroesPolyart/Animations/SwordAndShieldStance/Defend_SwordShieldAnim.uasset" 311
"D:/Users/97randy/Documents/GitHub/Knight-Crasher/KnightCrasher/Content/ModularRPGHeroesPolyart/Animations/SwordAndShieldStance/Idle_SwordShieldAnim.uasset" 312
"D:/Users/97randy/Documents/GitHub/Knight-Crasher/KnightCrasher/Content/ModularRPGHeroesPolyart/Animations/SwordAndShieldStance/Run_SwordShieldAnim.uasset" 313
"D:/Users/97randy/Documents/GitHub/Knight-Crasher/KnightCrasher/Content/KnightCrasher/Character/Animation/ABP_Knight.uasset" 314
"D:/Users/97randy/Documents/GitHub/Knight-Crasher/KnightCrasher/Content/ModularRPGHeroesPolyart/Animations/SwordAndShieldStance/Combo01_SwordShield_RMAnim.uasset" 315
"D:/Users/97randy/Documents/GitHub/Knight-Crasher/KnightCrasher/Content/KnightCrasher/Character/Animation/Combo_01_Montage.uasset" 316
"D:/Users/97randy/Documents/GitHub/Knight-Crasher/KnightCrasher/Content/ModularRPGHeroesPolyart/Animations/SwordAndShieldStance/Combo02_SwordShield_RMAnim.uasset" 317
"D:/Users/97randy/Documents/GitHub/Knight-Crasher/KnightCrasher/Content/KnightCrasher/Character/Animation/Combo_02_Montage.uasset" 318
"D:/Users/97randy/Documents/GitHub/Knight-Crasher/KnightCrasher/Content/ModularRPGHeroesPolyart/Animations/SwordAndShieldStance/Combo03_SwordShield_RMAnim.uasset" 319
"D:/Users/97randy/Documents/GitHub/Knight-Crasher/KnightCrasher/Content/KnightCrasher/Character/Animation/Combo_03_Montage.uasset" 320
"D:/Users/97randy/Documents/GitHub/Knight-Crasher/KnightCrasher/Content/ModularRPGHeroesPolyart/Animations/SwordAndShieldStance/Roll_SwordShield_RMAnim.uasset" 321
"D:/Users/97randy/Documents/GitHub/Knight-Crasher/KnightCrasher/Content/KnightCrasher/Character/Animation/Roll_Montage.uasset" 322
"D:/Users/97randy/Documents/GitHub/Knight-Crasher/KnightCrasher/Content/ModularRPGHeroesPolyart/Textures/PolyArtTex.uasset" 323
"D:/Users/97randy/Documents/GitHub/Knight-Crasher/KnightCrasher/Content/ModularRPGHeroesPolyart/Materials/PolyartMat.uasset" 324
"../../../Engine/Content/EngineMaterials/Widget3DPassThrough_Masked_OneSided.uasset" 325
"D:/Users/97randy/Documents/GitHub/Knight-Crasher/KnightCrasher/Content/KnightCrasher/UI/WBP_HealthBar.uasset" 326
"D:/Users/97randy/Documents/GitHub/Knight-Crasher/KnightCrasher/Content/ModularRPGHeroesPolyart/Meshes/RPGHeroes_PhysicsAsset.uasset" 327
"D:/Users/97randy/Documents/GitHub/Knight-Crasher/KnightCrasher/Content/ModularRPGHeroesPolyart/Meshes/OneMeshCharacters/WizardSK.uasset" 328
"D:/Users/97randy/Documents/GitHub/Knight-Crasher/KnightCrasher/Content/ModularRPGHeroesPolyart/Meshes/Weapons/Shield05SM.uasset" 329
"D:/Users/97randy/Documents/GitHub/Knight-Crasher/KnightCrasher/Content/ModularRPGHeroesPolyart/Meshes/Weapons/Sword02SM.uasset" 330
"D:/Users/97randy/Documents/GitHub/Knight-Crasher/KnightCrasher/Content/KnightCrasher/Character/CH_Knight.uasset" 331
"D:/Users/97randy/Documents/GitHub/Knight-Crasher/KnightCrasher/Content/KnightCrasher/UI/WBP_ControllButtons.uasset" 332
"D:/Users/97randy/Documents/GitHub/Knight-Crasher/KnightCrasher/Content/KnightCrasher/HUD_KnightCrasher.uasset" 333
"D:/Users/97randy/Documents/GitHub/Knight-Crasher/KnightCrasher/Content/KnightCrasher/KnightCrasher_GameMode.uasset" 334
"D:/Users/97randy/Documents/GitHub/Knight-Crasher/KnightCrasher/Content/KnightCrasher/Maps/Intro_Map_BuiltData.uasset" 335
"../../../Engine/Content/Functions/Engine_MaterialFunctions03/ComplexMotion/Motion_4WayChaos.uasset" 336
"../../../Engine/Content/Engine_MI_Shaders/T_Base_Tile_Normal.uasset" 337
"../../../Engine/Content/Functions/Engine_MaterialFunctions03/ComplexMotion/Motion_4WayChaos_Normal.uasset" 338
"../../../Engine/Content/MapTemplates/Sky/DaylightAmbientCubemap.uasset" 339
"D:/Users/97randy/Documents/GitHub/Knight-Crasher/KnightCrasher/Content/Platformer/Ocean/Textures/T_LargeWaves_H.uasset" 340
"D:/Users/97randy/Documents/GitHub/Knight-Crasher/KnightCrasher/Content/Platformer/Ocean/Textures/T_LargeWaves_N.uasset" 341
"D:/Users/97randy/Documents/GitHub/Knight-Crasher/KnightCrasher/Content/Platformer/Ocean/Textures/T_Seafoam_01.uasset" 342
"D:/Users/97randy/Documents/GitHub/Knight-Crasher/KnightCrasher/Content/Platformer/Ocean/Textures/T_SmallWaves_N.uasset" 343
"D:/Users/97randy/Documents/GitHub/Knight-Crasher/KnightCrasher/Content/Platformer/Ocean/Materials/M_OceanWater_1.uasset" 344
"../../../Engine/Content/MapTemplates/Sky/Desert_Outer_HDR.uasset" 345
"D:/Users/97randy/Documents/GitHub/Knight-Crasher/KnightCrasher/Content/Platformer/Ocean/Materials/M_OceanWater_1_Inst.uasset" 346
"D:/Users/97randy/Documents/GitHub/Knight-Crasher/KnightCrasher/Content/MegaGameMusicCollection/AdventureGameMusicPack/Wavs/My_Kingdom__looped_.uasset" 347
"D:/Users/97randy/Documents/GitHub/Knight-Crasher/KnightCrasher/Content/Platformer/Textures/BeanStalks_Textures/Pl_StoneBlock_d.uasset" 348
"D:/Users/97randy/Documents/GitHub/Knight-Crasher/KnightCrasher/Content/Platformer/Textures/BeanStalks_Textures/Pl_StoneBlock_n.uasset" 349
"D:/Users/97randy/Documents/GitHub/Knight-Crasher/KnightCrasher/Content/Platformer/Textures/BeanStalks_Textures/Pl_StoneBlock_r.uasset" 350
"D:/Users/97randy/Documents/GitHub/Knight-Crasher/KnightCrasher/Content/Platformer/Materials/BeanStalks_Materials/M_StoneBlock.uasset" 351
"D:/Users/97randy/Documents/GitHub/Knight-Crasher/KnightCrasher/Content/Platformer/Meshes/Beanstalks/Pl_StoneBlock_03.uasset" 352
"D:/Users/97randy/Documents/GitHub/Knight-Crasher/KnightCrasher/Content/Platformer/Textures/Pl_Cliff_d.uasset" 353
"D:/Users/97randy/Documents/GitHub/Knight-Crasher/KnightCrasher/Content/Platformer/Textures/Pl_Cliff_n.uasset" 354
"D:/Users/97randy/Documents/GitHub/Knight-Crasher/KnightCrasher/Content/Platformer/Textures/Pl_Cliff_r.uasset" 355
"D:/Users/97randy/Documents/GitHub/Knight-Crasher/KnightCrasher/Content/Platformer/Materials/M_Cliff.uasset" 356
"D:/Users/97randy/Documents/GitHub/Knight-Crasher/KnightCrasher/Content/Platformer/Textures/Pl_Grass_d.uasset" 357
"D:/Users/97randy/Documents/GitHub/Knight-Crasher/KnightCrasher/Content/Platformer/Textures/Pl_Grass_n.uasset" 358
"D:/Users/97randy/Documents/GitHub/Knight-Crasher/KnightCrasher/Content/Platformer/Textures/Pl_Grass_r.uasset" 359
"D:/Users/97randy/Documents/GitHub/Knight-Crasher/KnightCrasher/Content/Platformer/Textures/Pl_Patterns_m.uasset" 360
"D:/Users/97randy/Documents/GitHub/Knight-Crasher/KnightCrasher/Content/Platformer/Materials/M_Grass.uasset" 361
"D:/Users/97randy/Documents/GitHub/Knight-Crasher/KnightCrasher/Content/Platformer/Meshes/Pl_16m_Platform.uasset" 362
"../../../Engine/Content/Functions/Engine_MaterialFunctions01/Gradient/LinearGradient.uasset" 363
"../../../Engine/Content/Functions/Engine_MaterialFunctions01/ImageAdjustment/CheapContrast.uasset" 364
"D:/Users/97randy/Documents/GitHub/Knight-Crasher/KnightCrasher/Content/Platformer/Textures/Pl_Crate_d.uasset" 365
"D:/Users/97randy/Documents/GitHub/Knight-Crasher/KnightCrasher/Content/Platformer/Textures/Pl_Crate_n.uasset" 366
"D:/Users/97randy/Documents/GitHub/Knight-Crasher/KnightCrasher/Content/Platformer/Textures/Pl_Crate_r.uasset" 367
"D:/Users/97randy/Documents/GitHub/Knight-Crasher/KnightCrasher/Content/Platformer/Materials/M_Crate_Light_Parent.uasset" 368
"D:/Users/97randy/Documents/GitHub/Knight-Crasher/KnightCrasher/Content/Platformer/Meshes/Pl_Crate_02.uasset" 369
"D:/Users/97randy/Documents/GitHub/Knight-Crasher/KnightCrasher/Content/Platformer/Textures/pl_wood_d.uasset" 370
"D:/Users/97randy/Documents/GitHub/Knight-Crasher/KnightCrasher/Content/Platformer/Textures/pl_wood_n.uasset" 371
"D:/Users/97randy/Documents/GitHub/Knight-Crasher/KnightCrasher/Content/Platformer/Textures/pl_wood_r.uasset" 372
"D:/Users/97randy/Documents/GitHub/Knight-Crasher/KnightCrasher/Content/Platformer/Materials/M_Wood_Dark_Parent.uasset" 373
"D:/Users/97randy/Documents/GitHub/Knight-Crasher/KnightCrasher/Content/Platformer/Materials/M_Wood_Light_Instance.uasset" 374
"D:/Users/97randy/Documents/GitHub/Knight-Crasher/KnightCrasher/Content/Platformer/Materials/M_Wood_White_Instance.uasset" 375
"D:/Users/97randy/Documents/GitHub/Knight-Crasher/KnightCrasher/Content/Platformer/Meshes/Pl_Fence_8m_01.uasset" 376
"../../../Engine/Content/Functions/Engine_MaterialFunctions01/WorldPositionOffset/SimpleGrassWind.uasset" 377
"D:/Users/97randy/Documents/GitHub/Knight-Crasher/KnightCrasher/Content/Platformer/Textures/Pl_Plants_d.uasset" 378
"D:/Users/97randy/Documents/GitHub/Knight-Crasher/KnightCrasher/Content/Platformer/Textures/Pl_Plants_n.uasset" 379
"D:/Users/97randy/Documents/GitHub/Knight-Crasher/KnightCrasher/Content/Platformer/Textures/Pl_Plants_r.uasset" 380
"D:/Users/97randy/Documents/GitHub/Knight-Crasher/KnightCrasher/Content/Platformer/Materials/M_Plants.uasset" 381
"D:/Users/97randy/Documents/GitHub/Knight-Crasher/KnightCrasher/Content/Platformer/Meshes/Pl_Fern_01.uasset" 382
"D:/Users/97randy/Documents/GitHub/Knight-Crasher/KnightCrasher/Content/Platformer/Meshes/Pl_fern_02.uasset" 383
"D:/Users/97randy/Documents/GitHub/Knight-Crasher/KnightCrasher/Content/Platformer/Meshes/Pl_flower_01.uasset" 384
"D:/Users/97randy/Documents/GitHub/Knight-Crasher/KnightCrasher/Content/Platformer/Meshes/Pl_flower_03.uasset" 385
"D:/Users/97randy/Documents/GitHub/Knight-Crasher/KnightCrasher/Content/Platformer/Meshes/Pl_flower_04.uasset" 386
"D:/Users/97randy/Documents/GitHub/Knight-Crasher/KnightCrasher/Content/Platformer/Meshes/Pl_flower_05.uasset" 387
"D:/Users/97randy/Documents/GitHub/Knight-Crasher/KnightCrasher/Content/Platformer/Textures/pl_tree_d.uasset" 388
"D:/Users/97randy/Documents/GitHub/Knight-Crasher/KnightCrasher/Content/Platformer/Textures/pl_tree_n.uasset" 389
"D:/Users/97randy/Documents/GitHub/Knight-Crasher/KnightCrasher/Content/Platformer/Textures/pl_tree_r.uasset" 390
"D:/Users/97randy/Documents/GitHub/Knight-Crasher/KnightCrasher/Content/Platformer/Materials/M_Tree.uasset" 391
"D:/Users/97randy/Documents/GitHub/Knight-Crasher/KnightCrasher/Content/Platformer/Meshes/Pl_Tree_02.uasset" 392
"D:/Users/97randy/Documents/GitHub/Knight-Crasher/KnightCrasher/Content/Platformer/Ocean/Meshes/SM_OceanWater.uasset" 393
"D:/Users/97randy/Documents/GitHub/Knight-Crasher/KnightCrasher/Content/KnightCrasher/Maps/Intro_Map.umap" 394
